#
# A fatal error has been detected by the Java Runtime Environment:
#
#  SIGSEGV (0xb) at pc=0x00007fea225ba5c4, pid=2915, tid=140643575453440
#
# JRE version: 6.0_24-b24
# Java VM: OpenJDK 64-Bit Server VM (20.0-b12 mixed mode linux-amd64 compressed oops)
# Derivative: IcedTea6 1.11.5
# Distribution: Fedora release 16 (Verne), package fedora-68.1.11.5.fc16-x86_64
# Problematic frame:
# C  [javalibusb12195397168022639791+0xc5c4]
#
# If you would like to submit a bug report, please include
# instructions how to reproduce the bug and visit:
#   http://icedtea.classpath.org/bugzilla
# The crash happened outside the Java Virtual Machine in native code.
# See problematic frame for where to report the bug.
#

---------------  T H R E A D  ---------------

Current thread (0x00007fea2415b000):  JavaThread "pool-1-thread-1" [_thread_in_native, id=2935, stack(0x00007fea224ad000,0x00007fea225ae000)]

siginfo:si_signo=SIGSEGV: si_errno=0, si_code=1 (SEGV_MAPERR), si_addr=0x0000000000000030

Registers:
RAX=0x0000000000000000, RBX=0x000000077d7548f8, RCX=0x0000003e8100e3ea, RDX=0x00007fea2412a588
RSP=0x00007fea225ac260, RBP=0x00007fea225ac2c0, RSI=0x0000000000000000, RDI=0x00007fea2412a588
R8 =0x00007fea2412a588, R9 =0x0000000000000065, R10=0x0000000000000010, R11=0x0000000000000206
R12=0x0000000000000000, R13=0x000000077d7548f8, R14=0x00007fea225ac518, R15=0x00007fea2415b000
RIP=0x00007fea225ba5c4, EFLAGS=0x0000000000010246, CSGSFS=0x0000000000000033, ERR=0x0000000000000004
  TRAPNO=0x000000000000000e

Top of Stack: (sp=0x00007fea225ac260)
0x00007fea225ac260:   00007fea225ac2ac 00007fea00000000
0x00007fea225ac270:   00007fea2410e820 0000000000000002
0x00007fea225ac280:   00007fea225ac3b4 00007fe9d8000cf0
0x00007fea225ac290:   322d638100000017 00007fea2410e820
0x00007fea225ac2a0:   00007fea285f99b3 00000000d830a780
0x00007fea225ac2b0:   00007fe9d8004528 00000000225ac2b8
0x00007fea225ac2c0:   00007fea225ac310 00007fea225ba731
0x00007fea225ac2d0:   00007fea00000002 0000000000000000
0x00007fea225ac2e0:   00007fea225ac358 000000007d2dae18
0x00007fea225ac2f0:   00007fea225ac3b4 00007fe9d8000cf0
0x00007fea225ac300:   0000008100000017 00007fea2410e820
0x00007fea225ac310:   00007fea225ac370 00007fea225b5162
0x00007fea225ac320:   00007fea225ac3b4 0000000000000000
0x00007fea225ac330:   000000077d7548f8 00000000225ac518
0x00007fea225ac340:   00007fea225ac3b4 00007fe9d8000cf0
0x00007fea225ac350:   0000008100000017 00007fea2410e820
0x00007fea225ac360:   00007fea225ac3d0 0000000000000000
0x00007fea225ac370:   00007fea225ac3d0 00007fea225b4045
0x00007fea225ac380:   00007fea2415b000 00007fea225ac500
0x00007fea225ac390:   00007fea2410e820 00007fea225ac4d0
0x00007fea225ac3a0:   00007fea2415b1d0 000000002c465181
0x00007fea225ac3b0:   00007fea2415b000 00007fe9d8000cf0
0x00007fea225ac3c0:   00007fea2410e820 00000000225ac3c8
0x00007fea225ac3d0:   00007fea225ac430 00007fea225b41b2
0x00007fea225ac3e0:   0000000700000000 00007fea00000017
0x00007fea225ac3f0:   0000000000000000 00007fea225ac440
0x00007fea225ac400:   000000077d42b108 00007fea225ac500
0x00007fea225ac410:   0000008100000000 00007fea2410e820
0x00007fea225ac420:   00007fea225ac4d0 00007fea2415b1d0
0x00007fea225ac430:   00007fea225ac4c0 00007fea28604d68
0x00007fea225ac440:   0000000700000017 0000000000000000
0x00007fea225ac450:   000000077d423108 00000007d8ed6f70 

Instructions: (pc=0x00007fea225ba5c4)
0x00007fea225ba5a4:   fc 00 79 7b 48 8b 45 f0 48 89 c7 e8 4c 79 ff ff
0x00007fea225ba5b4:   8b 45 fc e9 27 01 00 00 48 8b 45 d8 48 8b 40 40
0x00007fea225ba5c4:   48 8b 40 30 48 89 c7 e8 d0 7a ff ff 89 45 fc 83
0x00007fea225ba5d4:   7d fc 00 79 4e 83 7d fc f6 74 47 48 8b 45 f0 48 

Register to memory mapping:

RAX=0x0000000000000000 is an unknown value
RBX=0x000000077d7548f8 is an oop
{method} 
 - klass: {other class}
RCX=0x0000003e8100e3ea: <offset 0xe3ea> in /lib64/libpthread.so.0 at 0x0000003e81000000
RDX=0x00007fea2412a588 is an unknown value
RSP=0x00007fea225ac260 is pointing into the stack for thread: 0x00007fea2415b000
RBP=0x00007fea225ac2c0 is pointing into the stack for thread: 0x00007fea2415b000
RSI=0x0000000000000000 is an unknown value
RDI=0x00007fea2412a588 is an unknown value
R8 =0x00007fea2412a588 is an unknown value
R9 =0x0000000000000065 is an unknown value
R10=0x0000000000000010 is an unknown value
R11=0x0000000000000206 is an unknown value
R12=0x0000000000000000 is an unknown value
R13=0x000000077d7548f8 is an oop
{method} 
 - klass: {other class}
R14=0x00007fea225ac518 is pointing into the stack for thread: 0x00007fea2415b000
R15=0x00007fea2415b000 is a thread


Stack: [0x00007fea224ad000,0x00007fea225ae000],  sp=0x00007fea225ac260,  free space=1020k
Native frames: (J=compiled Java code, j=interpreted, Vv=VM code, C=native code)
C  [javalibusb12195397168022639791+0xc5c4]
C  [javalibusb12195397168022639791+0xc731]  libusb_bulk_transfer+0x4c
C  [javalibusb12195397168022639791+0x7162]  usbw_bulk_transfer+0x86
C  [javalibusb12195397168022639791+0x6045]
C  [javalibusb12195397168022639791+0x61b2]  Java_javalibusb1_libusb1_bulk_1transfer+0x5e
j  javalibusb1.libusb1.bulk_transfer(JB[BIIJ)I+0
j  javalibusb1.Libusb1UsbPipe.internalSyncSubmit(Ljavax/usb/UsbIrp;)I+143
j  javalibusb1.Libusb1UsbPipe.syncSubmit([B)I+17
j  org.cowboycoders.ant.interfaces.AntTransceiver$UsbReader.run()V+28
j  java.util.concurrent.ThreadPoolExecutor.runWorker(Ljava/util/concurrent/ThreadPoolExecutor$Worker;)V+46
j  java.util.concurrent.ThreadPoolExecutor$Worker.run()V+5
j  java.lang.Thread.run()V+11
v  ~StubRoutines::call_stub
V  [libjvm.so+0x4af5af]  AsyncGetCallTrace+0xa055f
V  [libjvm.so+0x4ae9e5]  AsyncGetCallTrace+0x9f995
V  [libjvm.so+0x4aeee3]  AsyncGetCallTrace+0x9fe93
V  [libjvm.so+0x4af00f]  AsyncGetCallTrace+0x9ffbf
V  [libjvm.so+0x4e7dd6]  JNI_GetCreatedJavaVMs+0x17286
V  [libjvm.so+0x74e9b4]  JVM_handle_linux_signal+0xfb3a4
V  [libjvm.so+0x64e552]  numa_error+0x2f2

Java frames: (J=compiled Java code, j=interpreted, Vv=VM code)
j  javalibusb1.libusb1.bulk_transfer(JB[BIIJ)I+0
j  javalibusb1.Libusb1UsbPipe.internalSyncSubmit(Ljavax/usb/UsbIrp;)I+143
j  javalibusb1.Libusb1UsbPipe.syncSubmit([B)I+17
j  org.cowboycoders.ant.interfaces.AntTransceiver$UsbReader.run()V+28
j  java.util.concurrent.ThreadPoolExecutor.runWorker(Ljava/util/concurrent/ThreadPoolExecutor$Worker;)V+46
j  java.util.concurrent.ThreadPoolExecutor$Worker.run()V+5
j  java.lang.Thread.run()V+11
v  ~StubRoutines::call_stub

---------------  P R O C E S S  ---------------

Java Threads: ( => current thread )
  0x00007fe9d0004800 JavaThread "pool-1-thread-6" [_thread_blocked, id=2940, stack(0x00007fea21fa8000,0x00007fea220a9000)]
  0x00007fe9d0003000 JavaThread "pool-1-thread-5" [_thread_blocked, id=2939, stack(0x00007fea220a9000,0x00007fea221aa000)]
  0x00007fe9d0002800 JavaThread "pool-1-thread-4" [_thread_blocked, id=2938, stack(0x00007fea221aa000,0x00007fea222ab000)]
  0x00007fea24162000 JavaThread "pool-1-thread-3" [_thread_in_Java, id=2937, stack(0x00007fea222ab000,0x00007fea223ac000)]
  0x00007fea24161800 JavaThread "pool-1-thread-2" [_thread_blocked, id=2936, stack(0x00007fea223ac000,0x00007fea224ad000)]
=>0x00007fea2415b000 JavaThread "pool-1-thread-1" [_thread_in_native, id=2935, stack(0x00007fea224ad000,0x00007fea225ae000)]
  0x00007fea240ef000 JavaThread "ReaderThread" [_thread_in_native, id=2934, stack(0x00007fea227c4000,0x00007fea228c5000)]
  0x00007fea2409e000 JavaThread "Low Memory Detector" daemon [_thread_blocked, id=2932, stack(0x00007fea22bdb000,0x00007fea22cdc000)]
  0x00007fea2409b800 JavaThread "C2 CompilerThread1" daemon [_thread_blocked, id=2931, stack(0x00007fea22cdc000,0x00007fea22ddd000)]
  0x00007fea24099000 JavaThread "C2 CompilerThread0" daemon [_thread_blocked, id=2930, stack(0x00007fea22ddd000,0x00007fea22ede000)]
  0x00007fea24097800 JavaThread "Signal Dispatcher" daemon [_thread_blocked, id=2929, stack(0x00007fea22ede000,0x00007fea22fdf000)]
  0x00007fea24078000 JavaThread "Finalizer" daemon [_thread_blocked, id=2928, stack(0x00007fea22fdf000,0x00007fea230e0000)]
  0x00007fea24076800 JavaThread "Reference Handler" daemon [_thread_blocked, id=2927, stack(0x00007fea230e0000,0x00007fea231e1000)]
  0x00007fea24008000 JavaThread "main" [_thread_blocked, id=2921, stack(0x00007fea2be73000,0x00007fea2bf74000)]

Other Threads:
  0x00007fea2406f800 VMThread [stack: 0x00007fea231e1000,0x00007fea232e2000] [id=2926]
  0x00007fea240a8800 WatcherThread [stack: 0x00007fea22ada000,0x00007fea22bdb000] [id=2933]

VM state:not at safepoint (normal execution)

VM Mutex/Monitor currently owned by a thread: None

Heap
 PSYoungGen      total 35968K, used 19163K [0x00000007d7d60000, 0x00000007da580000, 0x0000000800000000)
  eden space 30848K, 62% used [0x00000007d7d60000,0x00000007d9016cd0,0x00000007d9b80000)
  from space 5120K, 0% used [0x00000007da080000,0x00000007da080000,0x00000007da580000)
  to   space 5120K, 0% used [0x00000007d9b80000,0x00000007d9b80000,0x00000007da080000)
 PSOldGen        total 82304K, used 0K [0x0000000787800000, 0x000000078c860000, 0x00000007d7d60000)
  object space 82304K, 0% used [0x0000000787800000,0x0000000787800000,0x000000078c860000)
 PSPermGen       total 21248K, used 6856K [0x000000077d200000, 0x000000077e6c0000, 0x0000000787800000)
  object space 21248K, 32% used [0x000000077d200000,0x000000077d8b23f0,0x000000077e6c0000)

Code Cache  [0x00007fea285f4000, 0x00007fea28864000, 0x00007fea2b5f4000)
 total_blobs=275 nmethods=46 adapters=183 free_code_cache=49808256 largest_free_block=10432

Dynamic libraries:
00400000-00408000 r-xp 00000000 08:12 656757                             /usr/lib/jvm/java-1.6.0-openjdk-1.6.0.0.x86_64/bin/java
00608000-00609000 rw-p 00008000 08:12 656757                             /usr/lib/jvm/java-1.6.0-openjdk-1.6.0.0.x86_64/bin/java
019f7000-01a18000 rw-p 00000000 00:00 0                                  [heap]
77d200000-77e6c0000 rw-p 00000000 00:00 0 
77e6c0000-787800000 rw-p 00000000 00:00 0 
787800000-78c860000 rw-p 00000000 00:00 0 
78c860000-7d7d60000 rw-p 00000000 00:00 0 
7d7d60000-7da580000 rw-p 00000000 00:00 0 
7da580000-800000000 rw-p 00000000 00:00 0 
301c000000-301c0e8000 r-xp 00000000 08:12 175699                         /usr/lib64/libstdc++.so.6.0.16
301c0e8000-301c2e8000 ---p 000e8000 08:12 175699                         /usr/lib64/libstdc++.so.6.0.16
301c2e8000-301c2f0000 r--p 000e8000 08:12 175699                         /usr/lib64/libstdc++.so.6.0.16
301c2f0000-301c2f2000 rw-p 000f0000 08:12 175699                         /usr/lib64/libstdc++.so.6.0.16
301c2f2000-301c307000 rw-p 00000000 00:00 0 
33a8200000-33a8215000 r-xp 00000000 08:12 183304                         /lib64/libgcc_s-4.6.3-20120306.so.1
33a8215000-33a8414000 ---p 00015000 08:12 183304                         /lib64/libgcc_s-4.6.3-20120306.so.1
33a8414000-33a8415000 rw-p 00014000 08:12 183304                         /lib64/libgcc_s-4.6.3-20120306.so.1
3757a00000-3757a04000 r-xp 00000000 08:12 655544                         /usr/lib/jvm/java-1.6.0-openjdk-1.6.0.0.x86_64/jre/lib/amd64/jli/libjli.so
3757a04000-3757c03000 ---p 00004000 08:12 655544                         /usr/lib/jvm/java-1.6.0-openjdk-1.6.0.0.x86_64/jre/lib/amd64/jli/libjli.so
3757c03000-3757c04000 rw-p 00003000 08:12 655544                         /usr/lib/jvm/java-1.6.0-openjdk-1.6.0.0.x86_64/jre/lib/amd64/jli/libjli.so
3e80400000-3e80422000 r-xp 00000000 08:12 141289                         /lib64/ld-2.14.90.so
3e80621000-3e80622000 r--p 00021000 08:12 141289                         /lib64/ld-2.14.90.so
3e80622000-3e80623000 rw-p 00022000 08:12 141289                         /lib64/ld-2.14.90.so
3e80623000-3e80624000 rw-p 00000000 00:00 0 
3e80800000-3e809ad000 r-xp 00000000 08:12 155199                         /lib64/libc-2.14.90.so
3e809ad000-3e80bad000 ---p 001ad000 08:12 155199                         /lib64/libc-2.14.90.so
3e80bad000-3e80bb1000 r--p 001ad000 08:12 155199                         /lib64/libc-2.14.90.so
3e80bb1000-3e80bb3000 rw-p 001b1000 08:12 155199                         /lib64/libc-2.14.90.so
3e80bb3000-3e80bb8000 rw-p 00000000 00:00 0 
3e80c00000-3e80c83000 r-xp 00000000 08:12 161044                         /lib64/libm-2.14.90.so
3e80c83000-3e80e82000 ---p 00083000 08:12 161044                         /lib64/libm-2.14.90.so
3e80e82000-3e80e83000 r--p 00082000 08:12 161044                         /lib64/libm-2.14.90.so
3e80e83000-3e80e84000 rw-p 00083000 08:12 161044                         /lib64/libm-2.14.90.so
3e81000000-3e81017000 r-xp 00000000 08:12 178385                         /lib64/libpthread-2.14.90.so
3e81017000-3e81216000 ---p 00017000 08:12 178385                         /lib64/libpthread-2.14.90.so
3e81216000-3e81217000 r--p 00016000 08:12 178385                         /lib64/libpthread-2.14.90.so
3e81217000-3e81218000 rw-p 00017000 08:12 178385                         /lib64/libpthread-2.14.90.so
3e81218000-3e8121c000 rw-p 00000000 00:00 0 
3e81400000-3e81402000 r-xp 00000000 08:12 181146                         /lib64/libdl-2.14.90.so
3e81402000-3e81602000 ---p 00002000 08:12 181146                         /lib64/libdl-2.14.90.so
3e81602000-3e81603000 r--p 00002000 08:12 181146                         /lib64/libdl-2.14.90.so
3e81603000-3e81604000 rw-p 00003000 08:12 181146                         /lib64/libdl-2.14.90.so
3e81c00000-3e81c07000 r-xp 00000000 08:12 181147                         /lib64/librt-2.14.90.so
3e81c07000-3e81e06000 ---p 00007000 08:12 181147                         /lib64/librt-2.14.90.so
3e81e06000-3e81e07000 r--p 00006000 08:12 181147                         /lib64/librt-2.14.90.so
3e81e07000-3e81e08000 rw-p 00007000 08:12 181147                         /lib64/librt-2.14.90.so
3e82000000-3e82017000 r-xp 00000000 08:12 181145                         /lib64/libz.so.1.2.5
3e82017000-3e82216000 ---p 00017000 08:12 181145                         /lib64/libz.so.1.2.5
3e82216000-3e82217000 rw-p 00016000 08:12 181145                         /lib64/libz.so.1.2.5
3e95c00000-3e95c17000 r-xp 00000000 08:12 174108                         /lib64/libnsl-2.14.90.so
3e95c17000-3e95e16000 ---p 00017000 08:12 174108                         /lib64/libnsl-2.14.90.so
3e95e16000-3e95e17000 r--p 00016000 08:12 174108                         /lib64/libnsl-2.14.90.so
3e95e17000-3e95e18000 rw-p 00017000 08:12 174108                         /lib64/libnsl-2.14.90.so
3e95e18000-3e95e1a000 rw-p 00000000 00:00 0 
7fe9c0000000-7fe9c4000000 ---p 00000000 00:00 0 
7fe9c0021000-7fe9c4000000 ---p 00000000 00:00 0 
7fe9c8000000-7fe9c8021000 rw-p 00000000 00:00 0 
7fe9c8021000-7fe9cc000000 ---p 00000000 00:00 0 
7fe9cc000000-7fe9cc021000 rw-p 00000000 00:00 0 
7fe9cc021000-7fe9d0000000 ---p 00000000 00:00 0 
7fe9d0000000-7fe9d0021000 rw-p 00000000 00:00 0 
7fe9d0021000-7fe9d4000000 ---p 00000000 00:00 0 
7fe9d4000000-7fe9d4021000 rw-p 00000000 00:00 0 
7fe9d4021000-7fe9d8000000 ---p 00000000 00:00 0 
7fe9d8000000-7fe9d8027000 rw-p 00000000 00:00 0 
7fe9d8027000-7fe9dc000000 ---p 00000000 00:00 0 
7fe9dc000000-7fe9dc021000 rw-p 00000000 00:00 0 
7fe9dc021000-7fe9e0000000 ---p 00000000 00:00 0 
7fe9e0000000-7fe9e0021000 rw-p 00000000 00:00 0 
7fe9e0021000-7fe9e4000000 ---p 00000000 00:00 0 
7fe9e4000000-7fe9e4021000 rw-p 00000000 00:00 0 
7fe9e4021000-7fe9e8000000 ---p 00000000 00:00 0 
7fe9e8000000-7fe9e85e2000 rw-p 00000000 00:00 0 
7fe9e85e2000-7fe9ec000000 ---p 00000000 00:00 0 
7fe9ec000000-7fe9ec021000 rw-p 00000000 00:00 0 
7fe9ec021000-7fe9f0000000 ---p 00000000 00:00 0 
7fe9f0000000-7fe9f01f0000 rw-p 00000000 00:00 0 
7fe9f01f0000-7fe9f4000000 ---p 00000000 00:00 0 
7fe9f5bdd000-7fe9fc000000 r--p 00000000 08:12 181139                     /usr/lib/locale/locale-archive
7fe9fc000000-7fe9fc021000 rw-p 00000000 00:00 0 
7fe9fc021000-7fea00000000 ---p 00000000 00:00 0 
7fea00000000-7fea00021000 rw-p 00000000 00:00 0 
7fea00021000-7fea04000000 ---p 00000000 00:00 0 
7fea04000000-7fea04021000 rw-p 00000000 00:00 0 
7fea04021000-7fea08000000 ---p 00000000 00:00 0 
7fea08000000-7fea08021000 rw-p 00000000 00:00 0 
7fea08021000-7fea0c000000 ---p 00000000 00:00 0 
7fea0c000000-7fea0c021000 rw-p 00000000 00:00 0 
7fea0c021000-7fea10000000 ---p 00000000 00:00 0 
7fea14000000-7fea14021000 rw-p 00000000 00:00 0 
7fea14021000-7fea18000000 ---p 00000000 00:00 0 
7fea18000000-7fea18021000 rw-p 00000000 00:00 0 
7fea18021000-7fea1c000000 ---p 00000000 00:00 0 
7fea1c000000-7fea1c021000 rw-p 00000000 00:00 0 
7fea1c021000-7fea20000000 ---p 00000000 00:00 0 
7fea21ea7000-7fea21eaa000 ---p 00000000 00:00 0 
7fea21eaa000-7fea21fa8000 rw-p 00000000 00:00 0                          [stack:2942]
7fea21fa8000-7fea21fab000 ---p 00000000 00:00 0 
7fea21fab000-7fea220a9000 rw-p 00000000 00:00 0                          [stack:2940]
7fea220a9000-7fea220ac000 ---p 00000000 00:00 0 
7fea220ac000-7fea221aa000 rw-p 00000000 00:00 0                          [stack:2939]
7fea221aa000-7fea221ad000 ---p 00000000 00:00 0 
7fea221ad000-7fea222ab000 rw-p 00000000 00:00 0                          [stack:2938]
7fea222ab000-7fea222ae000 ---p 00000000 00:00 0 
7fea222ae000-7fea223ac000 rw-p 00000000 00:00 0                          [stack:2937]
7fea223ac000-7fea223af000 ---p 00000000 00:00 0 
7fea223af000-7fea224ad000 rw-p 00000000 00:00 0                          [stack:2936]
7fea224ad000-7fea224b0000 ---p 00000000 00:00 0 
7fea224b0000-7fea225ae000 rw-p 00000000 00:00 0                          [stack:2935]
7fea225ae000-7fea225c4000 r-xp 00000000 fd:03 92                         /tmp/javalibusb12195397168022639791 (deleted)
7fea225c4000-7fea227c3000 ---p 00016000 fd:03 92                         /tmp/javalibusb12195397168022639791 (deleted)
7fea227c3000-7fea227c4000 rw-p 00015000 fd:03 92                         /tmp/javalibusb12195397168022639791 (deleted)
7fea227c4000-7fea227c7000 ---p 00000000 00:00 0 
7fea227c7000-7fea228c5000 rw-p 00000000 00:00 0                          [stack:2934]
7fea228c5000-7fea228d9000 r-xp 00000000 08:12 656092                     /usr/lib/jvm/java-1.6.0-openjdk-1.6.0.0.x86_64/jre/lib/amd64/libnet.so
7fea228d9000-7fea22ad9000 ---p 00014000 08:12 656092                     /usr/lib/jvm/java-1.6.0-openjdk-1.6.0.0.x86_64/jre/lib/amd64/libnet.so
7fea22ad9000-7fea22ada000 rw-p 00014000 08:12 656092                     /usr/lib/jvm/java-1.6.0-openjdk-1.6.0.0.x86_64/jre/lib/amd64/libnet.so
7fea22ada000-7fea22adb000 ---p 00000000 00:00 0 
7fea22adb000-7fea22bdb000 rw-p 00000000 00:00 0                          [stack:2933]
7fea22bdb000-7fea22bde000 ---p 00000000 00:00 0 
7fea22bde000-7fea22cdc000 rw-p 00000000 00:00 0                          [stack:2932]
7fea22cdc000-7fea22cdf000 ---p 00000000 00:00 0 
7fea22cdf000-7fea22ddd000 rw-p 00000000 00:00 0                          [stack:2931]
7fea22ddd000-7fea22de0000 ---p 00000000 00:00 0 
7fea22de0000-7fea22ede000 rw-p 00000000 00:00 0                          [stack:2930]
7fea22ede000-7fea22ee1000 ---p 00000000 00:00 0 
7fea22ee1000-7fea22fdf000 rw-p 00000000 00:00 0                          [stack:2929]
7fea22fdf000-7fea22fe2000 ---p 00000000 00:00 0 
7fea22fe2000-7fea230e0000 rw-p 00000000 00:00 0                          [stack:2928]
7fea230e0000-7fea230e3000 ---p 00000000 00:00 0 
7fea230e3000-7fea231e1000 rw-p 00000000 00:00 0                          [stack:2927]
7fea231e1000-7fea231e2000 ---p 00000000 00:00 0 
7fea231e2000-7fea237e7000 rw-p 00000000 00:00 0                          [stack:2926]
7fea237e7000-7fea23979000 r--s 037c2000 08:12 656181                     /usr/lib/jvm/java-1.6.0-openjdk-1.6.0.0.x86_64/jre/lib/rt.jar
7fea23979000-7fea2397a000 ---p 00000000 00:00 0 
7fea2397a000-7fea23a7a000 rw-p 00000000 00:00 0                          [stack:2925]
7fea23a7a000-7fea23a7b000 ---p 00000000 00:00 0 
7fea23a7b000-7fea23b7b000 rw-p 00000000 00:00 0                          [stack:2924]
7fea23b7b000-7fea23b7c000 ---p 00000000 00:00 0 
7fea23b7c000-7fea23c7c000 rw-p 00000000 00:00 0                          [stack:2923]
7fea23c7c000-7fea23c7d000 ---p 00000000 00:00 0 
7fea23c7d000-7fea23da6000 rw-p 00000000 00:00 0                          [stack:2922]
7fea23da6000-7fea24179000 rw-p 00000000 00:00 0 
7fea24179000-7fea28000000 ---p 00000000 00:00 0 
7fea28058000-7fea28089000 rw-p 00000000 00:00 0 
7fea28089000-7fea2808b000 r--s 00004000 fd:06 165548852                  /home/will/code/javax-usb-libusb1/javalibusb1/target/javalibusb1-1.0.1-1-SNAPSHOT.jar
7fea2808b000-7fea2808c000 r--s 00000000 fd:06 165548842                  /home/will/code/javax-usb-libusb1/javalibusb1/target/javalibusb1-1.0.1-1-SNAPSHOT-noarch.nar
7fea2808c000-7fea2808d000 r--s 0000d000 fd:06 165548843                  /home/will/code/javax-usb-libusb1/javalibusb1/target/javalibusb1-1.0.1-1-SNAPSHOT-amd64-Linux-gpp-jni.nar
7fea2808d000-7fea28090000 r--s 00018000 fd:06 31723038                   /home/will/.m2/repository/commons-io/commons-io/1.4/commons-io-1.4.jar
7fea28090000-7fea28096000 r--s 00033000 fd:06 31589739                   /home/will/.m2/repository/junit/junit/4.7/junit-4.7.jar
7fea28096000-7fea280d4000 rw-p 00000000 00:00 0 
7fea280d4000-7fea2811c000 rw-p 00000000 00:00 0 
7fea2811c000-7fea28127000 rw-p 00000000 00:00 0 
7fea28127000-7fea2816f000 rw-p 00000000 00:00 0 
7fea2816f000-7fea28198000 rw-p 00000000 00:00 0 
7fea28198000-7fea283f1000 rw-p 00000000 00:00 0 
7fea283f1000-7fea28406000 rw-p 00000000 00:00 0 
7fea28406000-7fea28533000 rw-p 00000000 00:00 0 
7fea28533000-7fea2853e000 rw-p 00000000 00:00 0 
7fea2853e000-7fea285f4000 rw-p 00000000 00:00 0 
7fea285f4000-7fea28864000 rwxp 00000000 00:00 0 
7fea28864000-7fea2b5f4000 rw-p 00000000 00:00 0 
7fea2b5f4000-7fea2b5fb000 r-xp 00000000 08:12 671038                     /usr/lib/jvm/java-1.6.0-openjdk-1.6.0.0.x86_64/jre/lib/amd64/libzip.so
7fea2b5fb000-7fea2b7fa000 ---p 00007000 08:12 671038                     /usr/lib/jvm/java-1.6.0-openjdk-1.6.0.0.x86_64/jre/lib/amd64/libzip.so
7fea2b7fa000-7fea2b7fb000 rw-p 00006000 08:12 671038                     /usr/lib/jvm/java-1.6.0-openjdk-1.6.0.0.x86_64/jre/lib/amd64/libzip.so
7fea2b7fb000-7fea2b807000 r-xp 00000000 08:12 179708                     /lib64/libnss_files-2.14.90.so
7fea2b807000-7fea2ba06000 ---p 0000c000 08:12 179708                     /lib64/libnss_files-2.14.90.so
7fea2ba06000-7fea2ba07000 r--p 0000b000 08:12 179708                     /lib64/libnss_files-2.14.90.so
7fea2ba07000-7fea2ba08000 rw-p 0000c000 08:12 179708                     /lib64/libnss_files-2.14.90.so
7fea2ba0a000-7fea2ba0d000 r--s 00077000 08:12 671042                     /usr/lib/jvm/java-1.6.0-openjdk-1.6.0.0.x86_64/jre/lib/ext/localedata.jar
7fea2ba0d000-7fea2ba35000 rw-p 00000000 00:00 0 
7fea2ba35000-7fea2ba61000 r-xp 00000000 08:12 656081                     /usr/lib/jvm/java-1.6.0-openjdk-1.6.0.0.x86_64/jre/lib/amd64/libjava.so
7fea2ba61000-7fea2bc60000 ---p 0002c000 08:12 656081                     /usr/lib/jvm/java-1.6.0-openjdk-1.6.0.0.x86_64/jre/lib/amd64/libjava.so
7fea2bc60000-7fea2bc64000 rw-p 0002b000 08:12 656081                     /usr/lib/jvm/java-1.6.0-openjdk-1.6.0.0.x86_64/jre/lib/amd64/libjava.so
7fea2bc64000-7fea2bc72000 r-xp 00000000 08:12 656100                     /usr/lib/jvm/java-1.6.0-openjdk-1.6.0.0.x86_64/jre/lib/amd64/libverify.so
7fea2bc72000-7fea2be71000 ---p 0000e000 08:12 656100                     /usr/lib/jvm/java-1.6.0-openjdk-1.6.0.0.x86_64/jre/lib/amd64/libverify.so
7fea2be71000-7fea2be73000 rw-p 0000d000 08:12 656100                     /usr/lib/jvm/java-1.6.0-openjdk-1.6.0.0.x86_64/jre/lib/amd64/libverify.so
7fea2be73000-7fea2be76000 ---p 00000000 00:00 0 
7fea2be76000-7fea2bf74000 rw-p 00000000 00:00 0                          [stack:2921]
7fea2bf74000-7fea2c87a000 r-xp 00000000 08:12 664693                     /usr/lib/jvm/java-1.6.0-openjdk-1.6.0.0.x86_64/jre/lib/amd64/server/libjvm.so
7fea2c87a000-7fea2ca7a000 ---p 00906000 08:12 664693                     /usr/lib/jvm/java-1.6.0-openjdk-1.6.0.0.x86_64/jre/lib/amd64/server/libjvm.so
7fea2ca7a000-7fea2cb15000 rw-p 00906000 08:12 664693                     /usr/lib/jvm/java-1.6.0-openjdk-1.6.0.0.x86_64/jre/lib/amd64/server/libjvm.so
7fea2cb15000-7fea2cb43000 rw-p 00000000 00:00 0 
7fea2cb43000-7fea2cb47000 r--s 0007d000 08:12 656654                     /usr/lib/jvm/java-1.6.0-openjdk-1.6.0.0.x86_64/jre/lib/jsse.jar
7fea2cb47000-7fea2cb50000 r--s 0004d000 fd:06 31722302                   /home/will/code/android-progs/org.cowboycoders.ant.autosharedchannel.ANTPlusDemo/libs/android-support-v4.jar
7fea2cb50000-7fea2cb51000 r--s 00000000 fd:06 30147934                   /home/will/android-sdks/tools/support/annotations.jar
7fea2cb51000-7fea2cb52000 r--s 00005000 fd:06 31722303                   /home/will/code/android-progs/org.cowboycoders.ant.autosharedchannel.ANTPlusDemo/libs/antlib.jar
7fea2cb52000-7fea2cb54000 r--s 00007000 08:12 656915                     /usr/share/java/hamcrest/core-1.1.jar
7fea2cb54000-7fea2cb5b000 r--s 00034000 08:12 535962                     /usr/share/java/junit4-4.8.2.jar
7fea2cb5b000-7fea2cb5d000 r--s 0000f000 08:12 664695                     /usr/lib/jvm/java-1.6.0-openjdk-1.6.0.0.x86_64/jre/lib/ext/pulse-java.jar
7fea2cb5d000-7fea2cb66000 r--s 00065000 08:12 671041                     /usr/lib/jvm/java-1.6.0-openjdk-1.6.0.0.x86_64/jre/lib/ext/gnome-java-bridge.jar
7fea2cb66000-7fea2cb6e000 rw-s 00000000 fd:03 1044486                    /tmp/hsperfdata_will/2915
7fea2cb6e000-7fea2cb6f000 rw-p 00000000 00:00 0 
7fea2cb6f000-7fea2cb70000 r--p 00000000 00:00 0 
7fea2cb70000-7fea2cb71000 rw-p 00000000 00:00 0 
7fff16393000-7fff163b4000 rw-p 00000000 00:00 0                          [stack]
7fff163ff000-7fff16400000 r-xp 00000000 00:00 0                          [vdso]
ffffffffff600000-ffffffffff601000 r-xp 00000000 00:00 0                  [vsyscall]

VM Arguments:
jvm_args: -Dfile.encoding=UTF-8 
java_command: org.eclipse.jdt.internal.junit.runner.RemoteTestRunner -version 3 -port 42094 -testLoaderClass org.eclipse.jdt.internal.junit4.runner.JUnit4TestLoader -loaderpluginname org.eclipse.jdt.junit4.runtime -classNames AntTransceiverTest
Launcher Type: SUN_STANDARD

Environment Variables:
PATH=/usr/lib64/qt-3.3/bin:/usr/NX/bin:/usr/lib64/ccache:/usr/local/bin:/usr/bin:/bin:/usr/local/sbin:/usr/sbin:/sbin:/home/will/.local/bin:/home/will/bin
USERNAME=will
LD_LIBRARY_PATH=/usr/lib/jvm/java-1.6.0-openjdk-1.6.0.0.x86_64/jre/lib/amd64/server:/usr/lib/jvm/java-1.6.0-openjdk-1.6.0.0.x86_64/jre/lib/amd64:/usr/lib/jvm/java-1.6.0-openjdk-1.6.0.0.x86_64/jre/../lib/amd64
SHELL=/bin/bash
DISPLAY=:0

Signal Handlers:
SIGSEGV: [libjvm.so+0x786a80], sa_mask[0]=0x7ffbfeff, sa_flags=0x10000004
SIGBUS: [libjvm.so+0x786a80], sa_mask[0]=0x7ffbfeff, sa_flags=0x10000004
SIGFPE: [libjvm.so+0x64b0c0], sa_mask[0]=0x7ffbfeff, sa_flags=0x10000004
SIGPIPE: [libjvm.so+0x64b0c0], sa_mask[0]=0x7ffbfeff, sa_flags=0x10000004
SIGXFSZ: [libjvm.so+0x64b0c0], sa_mask[0]=0x7ffbfeff, sa_flags=0x10000004
SIGILL: [libjvm.so+0x64b0c0], sa_mask[0]=0x7ffbfeff, sa_flags=0x10000004
SIGUSR1: SIG_DFL, sa_mask[0]=0x00000000, sa_flags=0x00000000
SIGUSR2: [libjvm.so+0x64b250], sa_mask[0]=0x00000004, sa_flags=0x10000004
SIGHUP: [libjvm.so+0x64dc00], sa_mask[0]=0x7ffbfeff, sa_flags=0x10000004
SIGINT: [libjvm.so+0x64dc00], sa_mask[0]=0x7ffbfeff, sa_flags=0x10000004
SIGTERM: [libjvm.so+0x64dc00], sa_mask[0]=0x7ffbfeff, sa_flags=0x10000004
SIGQUIT: [libjvm.so+0x64dc00], sa_mask[0]=0x7ffbfeff, sa_flags=0x10000004


---------------  S Y S T E M  ---------------

OS:Fedora release 16 (Verne)

uname:Linux 3.6.5-2.fc16.x86_64 #1 SMP Thu Nov 1 03:49:27 UTC 2012 x86_64
libc:glibc 2.14.90 NPTL 2.14.90 
rlimit: STACK 8192k, CORE 0k, NPROC 1024, NOFILE 4096, AS infinity
load average:0.60 0.45 0.34

/proc/meminfo:
MemTotal:        7896640 kB
MemFree:          414160 kB
Buffers:          787252 kB
Cached:          2196800 kB
SwapCached:        45080 kB
Active:          3520848 kB
Inactive:        2309040 kB
Active(anon):    2470944 kB
Inactive(anon):  1016920 kB
Active(file):    1049904 kB
Inactive(file):  1292120 kB
Unevictable:        3592 kB
Mlocked:            3592 kB
SwapTotal:      20479996 kB
SwapFree:       19324200 kB
Dirty:               312 kB
Writeback:             0 kB
AnonPages:       2819728 kB
Mapped:           801884 kB
Shmem:            639732 kB
Slab:             803864 kB
SReclaimable:     745408 kB
SUnreclaim:        58456 kB
KernelStack:        5192 kB
PageTables:        70332 kB
NFS_Unstable:          0 kB
Bounce:                0 kB
WritebackTmp:          0 kB
CommitLimit:    24428316 kB
Committed_AS:    7904160 kB
VmallocTotal:   34359738367 kB
VmallocUsed:      395252 kB
VmallocChunk:   34359256752 kB
HardwareCorrupted:     0 kB
AnonHugePages:    618496 kB
HugePages_Total:       0
HugePages_Free:        0
HugePages_Rsvd:        0
HugePages_Surp:        0
Hugepagesize:       2048 kB
DirectMap4k:      133120 kB
DirectMap2M:     7974912 kB


CPU:total 4 (4 cores per cpu, 1 threads per core) family 6 model 42 stepping 7, cmov, cx8, fxsr, mmx, sse, sse2, sse3, ssse3, sse4.1, sse4.2, popcnt

Memory: 4k page, physical 7896640k(414160k free), swap 20479996k(19324200k free)

vm_info: OpenJDK 64-Bit Server VM (20.0-b12) for linux-amd64 JRE (1.6.0_24-b24), built on Oct 16 2012 20:23:14 by "mockbuild" with gcc 4.6.3 20120306 (Red Hat 4.6.3-2)

time: Sun Dec 30 15:50:16 2012
elapsed time: 0 seconds

