#
# A fatal error has been detected by the Java Runtime Environment:
#
#  SIGSEGV (0xb) at pc=0x00007f7b2e9ef5c4, pid=3202, tid=140167039821568
#
# JRE version: 6.0_24-b24
# Java VM: OpenJDK 64-Bit Server VM (20.0-b12 mixed mode linux-amd64 compressed oops)
# Derivative: IcedTea6 1.11.5
# Distribution: Fedora release 16 (Verne), package fedora-68.1.11.5.fc16-x86_64
# Problematic frame:
# C  [javalibusb17739381294879704170+0xc5c4]
#
# If you would like to submit a bug report, please include
# instructions how to reproduce the bug and visit:
#   http://icedtea.classpath.org/bugzilla
# The crash happened outside the Java Virtual Machine in native code.
# See problematic frame for where to report the bug.
#

---------------  T H R E A D  ---------------

Current thread (0x00007f7b340ce000):  JavaThread "pool-1-thread-1" [_thread_in_native, id=3223, stack(0x00007f7b2e8e2000,0x00007f7b2e9e3000)]

siginfo:si_signo=SIGSEGV: si_errno=0, si_code=128 (), si_addr=0x0000000000000000

Registers:
RAX=0x706972637365442f, RBX=0x000000077d7271a8, RCX=0x0000003e8100e3ea, RDX=0x00007f7b340f96f8
RSP=0x00007f7b2e9e11e0, RBP=0x00007f7b2e9e1240, RSI=0x0000000000000000, RDI=0x00007f7b340f96f8
R8 =0x00007f7b340f96f8, R9 =0x0000000000000c97, R10=0x00007f7b2e9e1140, R11=0x0000000000000206
R12=0x0000000000000000, R13=0x000000077d7271a8, R14=0x00007f7b2e9e1498, R15=0x00007f7b340ce000
RIP=0x00007f7b2e9ef5c4, EFLAGS=0x0000000000010246, CSGSFS=0x0000000000000033, ERR=0x0000000000000000
  TRAPNO=0x000000000000000d

Top of Stack: (sp=0x00007f7b2e9e11e0)
0x00007f7b2e9e11e0:   00007f7b2e9e122c 00007f7b00000000
0x00007f7b2e9e11f0:   00007f7b340f97b0 0000000000000002
0x00007f7b2e9e1200:   00007f7b2e9e1334 00007f7af0005b70
0x00007f7b2e9e1210:   726f208100000017 00007f7b340f97b0
0x00007f7b2e9e1220:   00007f7b309c29b3 00000000d82b4d00
0x00007f7b2e9e1230:   00007f7af0004628 000000002e9e1238
0x00007f7b2e9e1240:   00007f7b2e9e1290 00007f7b2e9ef731
0x00007f7b2e9e1250:   00007f7b00000002 0000000000000000
0x00007f7b2e9e1260:   00007f7b2e9e12d8 000000007d2dae18
0x00007f7b2e9e1270:   00007f7b2e9e1334 00007f7af0005b70
0x00007f7b2e9e1280:   0000008100000017 00007f7b340f97b0
0x00007f7b2e9e1290:   00007f7b2e9e12f0 00007f7b2e9ea162
0x00007f7b2e9e12a0:   00007f7b2e9e1334 0000000000000000
0x00007f7b2e9e12b0:   000000077d7271a8 000000002e9e1498
0x00007f7b2e9e12c0:   00007f7b2e9e1334 00007f7af0005b70
0x00007f7b2e9e12d0:   0000008100000017 00007f7b340f97b0
0x00007f7b2e9e12e0:   00007f7b2e9e1350 0000000000000000
0x00007f7b2e9e12f0:   00007f7b2e9e1350 00007f7b2e9e9045
0x00007f7b2e9e1300:   00007f7b340ce000 00007f7b2e9e1480
0x00007f7b2e9e1310:   00007f7b340f97b0 00007f7b2e9e1450
0x00007f7b2e9e1320:   00007f7b340ce1d0 00000000388a9181
0x00007f7b2e9e1330:   00007f7b340ce000 00007f7af0005b70
0x00007f7b2e9e1340:   00007f7b340f97b0 000000002e9e1348
0x00007f7b2e9e1350:   00007f7b2e9e13b0 00007f7b2e9e91b2
0x00007f7b2e9e1360:   0000000700000000 00007f7b00000017
0x00007f7b2e9e1370:   0000000000000000 00007f7b2e9e13c0
0x00007f7b2e9e1380:   000000077d42b108 00007f7b2e9e1480
0x00007f7b2e9e1390:   0000008100000000 00007f7b340f97b0
0x00007f7b2e9e13a0:   00007f7b2e9e1450 00007f7b340ce1d0
0x00007f7b2e9e13b0:   00007f7b2e9e1440 00007f7b309cdd68
0x00007f7b2e9e13c0:   0000000700000017 0000000000000000
0x00007f7b2e9e13d0:   000000077d423108 00000007d8f6efa8 

Instructions: (pc=0x00007f7b2e9ef5c4)
0x00007f7b2e9ef5a4:   fc 00 79 7b 48 8b 45 f0 48 89 c7 e8 4c 79 ff ff
0x00007f7b2e9ef5b4:   8b 45 fc e9 27 01 00 00 48 8b 45 d8 48 8b 40 40
0x00007f7b2e9ef5c4:   48 8b 40 30 48 89 c7 e8 d0 7a ff ff 89 45 fc 83
0x00007f7b2e9ef5d4:   7d fc 00 79 4e 83 7d fc f6 74 47 48 8b 45 f0 48 

Register to memory mapping:

RAX=0x706972637365442f is an unknown value
RBX=0x000000077d7271a8 is an oop
{method} 
 - klass: {other class}
RCX=0x0000003e8100e3ea: <offset 0xe3ea> in /lib64/libpthread.so.0 at 0x0000003e81000000
RDX=0x00007f7b340f96f8 is an unknown value
RSP=0x00007f7b2e9e11e0 is pointing into the stack for thread: 0x00007f7b340ce000
RBP=0x00007f7b2e9e1240 is pointing into the stack for thread: 0x00007f7b340ce000
RSI=0x0000000000000000 is an unknown value
RDI=0x00007f7b340f96f8 is an unknown value
R8 =0x00007f7b340f96f8 is an unknown value
R9 =0x0000000000000c97 is an unknown value
R10=0x00007f7b2e9e1140 is pointing into the stack for thread: 0x00007f7b340ce000
R11=0x0000000000000206 is an unknown value
R12=0x0000000000000000 is an unknown value
R13=0x000000077d7271a8 is an oop
{method} 
 - klass: {other class}
R14=0x00007f7b2e9e1498 is pointing into the stack for thread: 0x00007f7b340ce000
R15=0x00007f7b340ce000 is a thread


Stack: [0x00007f7b2e8e2000,0x00007f7b2e9e3000],  sp=0x00007f7b2e9e11e0,  free space=1020k
Native frames: (J=compiled Java code, j=interpreted, Vv=VM code, C=native code)
C  [javalibusb17739381294879704170+0xc5c4]
C  [javalibusb17739381294879704170+0xc731]  libusb_bulk_transfer+0x4c
C  [javalibusb17739381294879704170+0x7162]  usbw_bulk_transfer+0x86
C  [javalibusb17739381294879704170+0x6045]
C  [javalibusb17739381294879704170+0x61b2]  Java_javalibusb1_libusb1_bulk_1transfer+0x5e
j  javalibusb1.libusb1.bulk_transfer(JB[BIIJ)I+0
j  javalibusb1.Libusb1UsbPipe.internalSyncSubmit(Ljavax/usb/UsbIrp;)I+143
j  javalibusb1.Libusb1UsbPipe.syncSubmit([B)I+17
j  org.cowboycoders.ant.interfaces.AntTransceiver$UsbReader.run()V+28
j  java.util.concurrent.ThreadPoolExecutor.runWorker(Ljava/util/concurrent/ThreadPoolExecutor$Worker;)V+46
j  java.util.concurrent.ThreadPoolExecutor$Worker.run()V+5
j  java.lang.Thread.run()V+11
v  ~StubRoutines::call_stub
V  [libjvm.so+0x4af5af]  AsyncGetCallTrace+0xa055f
V  [libjvm.so+0x4ae9e5]  AsyncGetCallTrace+0x9f995
V  [libjvm.so+0x4aeee3]  AsyncGetCallTrace+0x9fe93
V  [libjvm.so+0x4af00f]  AsyncGetCallTrace+0x9ffbf
V  [libjvm.so+0x4e7dd6]  JNI_GetCreatedJavaVMs+0x17286
V  [libjvm.so+0x74e9b4]  JVM_handle_linux_signal+0xfb3a4
V  [libjvm.so+0x64e552]  numa_error+0x2f2

Java frames: (J=compiled Java code, j=interpreted, Vv=VM code)
j  javalibusb1.libusb1.bulk_transfer(JB[BIIJ)I+0
j  javalibusb1.Libusb1UsbPipe.internalSyncSubmit(Ljavax/usb/UsbIrp;)I+143
j  javalibusb1.Libusb1UsbPipe.syncSubmit([B)I+17
j  org.cowboycoders.ant.interfaces.AntTransceiver$UsbReader.run()V+28
j  java.util.concurrent.ThreadPoolExecutor.runWorker(Ljava/util/concurrent/ThreadPoolExecutor$Worker;)V+46
j  java.util.concurrent.ThreadPoolExecutor$Worker.run()V+5
j  java.lang.Thread.run()V+11
v  ~StubRoutines::call_stub

---------------  P R O C E S S  ---------------

Java Threads: ( => current thread )
  0x00007f7adc001000 JavaThread "pool-1-thread-6" [_thread_blocked, id=3228, stack(0x00007f7b2e3dd000,0x00007f7b2e4de000)]
  0x00007f7ae8008800 JavaThread "pool-1-thread-5" [_thread_blocked, id=3227, stack(0x00007f7b2e4de000,0x00007f7b2e5df000)]
  0x00007f7ae8008000 JavaThread "pool-1-thread-4" [_thread_blocked, id=3226, stack(0x00007f7b2e5df000,0x00007f7b2e6e0000)]
  0x00007f7b34149000 JavaThread "pool-1-thread-3" [_thread_blocked, id=3225, stack(0x00007f7b2e6e0000,0x00007f7b2e7e1000)]
  0x00007f7b34146000 JavaThread "pool-1-thread-2" [_thread_blocked, id=3224, stack(0x00007f7b2e7e1000,0x00007f7b2e8e2000)]
=>0x00007f7b340ce000 JavaThread "pool-1-thread-1" [_thread_in_native, id=3223, stack(0x00007f7b2e8e2000,0x00007f7b2e9e3000)]
  0x00007f7b34106800 JavaThread "ReaderThread" [_thread_in_native, id=3222, stack(0x00007f7b2ebf9000,0x00007f7b2ecfa000)]
  0x00007f7b3409e000 JavaThread "Low Memory Detector" daemon [_thread_blocked, id=3220, stack(0x00007f7b2f06d000,0x00007f7b2f16e000)]
  0x00007f7b3409b800 JavaThread "C2 CompilerThread1" daemon [_thread_blocked, id=3219, stack(0x00007f7b2f16e000,0x00007f7b2f26f000)]
  0x00007f7b34099000 JavaThread "C2 CompilerThread0" daemon [_thread_in_native, id=3217, stack(0x00007f7b2f26f000,0x00007f7b2f370000)]
  0x00007f7b34097800 JavaThread "Signal Dispatcher" daemon [_thread_blocked, id=3216, stack(0x00007f7b2f370000,0x00007f7b2f471000)]
  0x00007f7b34078000 JavaThread "Finalizer" daemon [_thread_blocked, id=3215, stack(0x00007f7b2f471000,0x00007f7b2f572000)]
  0x00007f7b34076800 JavaThread "Reference Handler" daemon [_thread_blocked, id=3214, stack(0x00007f7b2f572000,0x00007f7b2f673000)]
  0x00007f7b34008000 JavaThread "main" [_thread_blocked, id=3205, stack(0x00007f7b382b7000,0x00007f7b383b8000)]

Other Threads:
  0x00007f7b3406f800 VMThread [stack: 0x00007f7b2f673000,0x00007f7b2f774000] [id=3213]
  0x00007f7b340a0800 WatcherThread [stack: 0x00007f7b2ef6c000,0x00007f7b2f06d000] [id=3221]

VM state:not at safepoint (normal execution)

VM Mutex/Monitor currently owned by a thread: None

Heap
 PSYoungGen      total 35968K, used 18536K [0x00000007d7d60000, 0x00000007da580000, 0x0000000800000000)
  eden space 30848K, 60% used [0x00000007d7d60000,0x00000007d8f7a318,0x00000007d9b80000)
  from space 5120K, 0% used [0x00000007da080000,0x00000007da080000,0x00000007da580000)
  to   space 5120K, 0% used [0x00000007d9b80000,0x00000007d9b80000,0x00000007da080000)
 PSOldGen        total 82304K, used 0K [0x0000000787800000, 0x000000078c860000, 0x00000007d7d60000)
  object space 82304K, 0% used [0x0000000787800000,0x0000000787800000,0x000000078c860000)
 PSPermGen       total 21248K, used 6857K [0x000000077d200000, 0x000000077e6c0000, 0x0000000787800000)
  object space 21248K, 32% used [0x000000077d200000,0x000000077d8b2610,0x000000077e6c0000)

Code Cache  [0x00007f7b309bd000, 0x00007f7b30c2d000, 0x00007f7b339bd000)
 total_blobs=274 nmethods=45 adapters=183 free_code_cache=49811648 largest_free_block=20544

Dynamic libraries:
00400000-00408000 r-xp 00000000 08:12 656757                             /usr/lib/jvm/java-1.6.0-openjdk-1.6.0.0.x86_64/bin/java
00608000-00609000 rw-p 00008000 08:12 656757                             /usr/lib/jvm/java-1.6.0-openjdk-1.6.0.0.x86_64/bin/java
01049000-0106a000 rw-p 00000000 00:00 0                                  [heap]
77d200000-77e6c0000 rw-p 00000000 00:00 0 
77e6c0000-787800000 rw-p 00000000 00:00 0 
787800000-78c860000 rw-p 00000000 00:00 0 
78c860000-7d7d60000 rw-p 00000000 00:00 0 
7d7d60000-7da580000 rw-p 00000000 00:00 0 
7da580000-800000000 rw-p 00000000 00:00 0 
301c000000-301c0e8000 r-xp 00000000 08:12 175699                         /usr/lib64/libstdc++.so.6.0.16
301c0e8000-301c2e8000 ---p 000e8000 08:12 175699                         /usr/lib64/libstdc++.so.6.0.16
301c2e8000-301c2f0000 r--p 000e8000 08:12 175699                         /usr/lib64/libstdc++.so.6.0.16
301c2f0000-301c2f2000 rw-p 000f0000 08:12 175699                         /usr/lib64/libstdc++.so.6.0.16
301c2f2000-301c307000 rw-p 00000000 00:00 0 
33a8200000-33a8215000 r-xp 00000000 08:12 183304                         /lib64/libgcc_s-4.6.3-20120306.so.1
33a8215000-33a8414000 ---p 00015000 08:12 183304                         /lib64/libgcc_s-4.6.3-20120306.so.1
33a8414000-33a8415000 rw-p 00014000 08:12 183304                         /lib64/libgcc_s-4.6.3-20120306.so.1
3757a00000-3757a04000 r-xp 00000000 08:12 655544                         /usr/lib/jvm/java-1.6.0-openjdk-1.6.0.0.x86_64/jre/lib/amd64/jli/libjli.so
3757a04000-3757c03000 ---p 00004000 08:12 655544                         /usr/lib/jvm/java-1.6.0-openjdk-1.6.0.0.x86_64/jre/lib/amd64/jli/libjli.so
3757c03000-3757c04000 rw-p 00003000 08:12 655544                         /usr/lib/jvm/java-1.6.0-openjdk-1.6.0.0.x86_64/jre/lib/amd64/jli/libjli.so
3e80400000-3e80422000 r-xp 00000000 08:12 141289                         /lib64/ld-2.14.90.so
3e80621000-3e80622000 r--p 00021000 08:12 141289                         /lib64/ld-2.14.90.so
3e80622000-3e80623000 rw-p 00022000 08:12 141289                         /lib64/ld-2.14.90.so
3e80623000-3e80624000 rw-p 00000000 00:00 0 
3e80800000-3e809ad000 r-xp 00000000 08:12 155199                         /lib64/libc-2.14.90.so
3e809ad000-3e80bad000 ---p 001ad000 08:12 155199                         /lib64/libc-2.14.90.so
3e80bad000-3e80bb1000 r--p 001ad000 08:12 155199                         /lib64/libc-2.14.90.so
3e80bb1000-3e80bb3000 rw-p 001b1000 08:12 155199                         /lib64/libc-2.14.90.so
3e80bb3000-3e80bb8000 rw-p 00000000 00:00 0 
3e80c00000-3e80c83000 r-xp 00000000 08:12 161044                         /lib64/libm-2.14.90.so
3e80c83000-3e80e82000 ---p 00083000 08:12 161044                         /lib64/libm-2.14.90.so
3e80e82000-3e80e83000 r--p 00082000 08:12 161044                         /lib64/libm-2.14.90.so
3e80e83000-3e80e84000 rw-p 00083000 08:12 161044                         /lib64/libm-2.14.90.so
3e81000000-3e81017000 r-xp 00000000 08:12 178385                         /lib64/libpthread-2.14.90.so
3e81017000-3e81216000 ---p 00017000 08:12 178385                         /lib64/libpthread-2.14.90.so
3e81216000-3e81217000 r--p 00016000 08:12 178385                         /lib64/libpthread-2.14.90.so
3e81217000-3e81218000 rw-p 00017000 08:12 178385                         /lib64/libpthread-2.14.90.so
3e81218000-3e8121c000 rw-p 00000000 00:00 0 
3e81400000-3e81402000 r-xp 00000000 08:12 181146                         /lib64/libdl-2.14.90.so
3e81402000-3e81602000 ---p 00002000 08:12 181146                         /lib64/libdl-2.14.90.so
3e81602000-3e81603000 r--p 00002000 08:12 181146                         /lib64/libdl-2.14.90.so
3e81603000-3e81604000 rw-p 00003000 08:12 181146                         /lib64/libdl-2.14.90.so
3e81c00000-3e81c07000 r-xp 00000000 08:12 181147                         /lib64/librt-2.14.90.so
3e81c07000-3e81e06000 ---p 00007000 08:12 181147                         /lib64/librt-2.14.90.so
3e81e06000-3e81e07000 r--p 00006000 08:12 181147                         /lib64/librt-2.14.90.so
3e81e07000-3e81e08000 rw-p 00007000 08:12 181147                         /lib64/librt-2.14.90.so
3e82000000-3e82017000 r-xp 00000000 08:12 181145                         /lib64/libz.so.1.2.5
3e82017000-3e82216000 ---p 00017000 08:12 181145                         /lib64/libz.so.1.2.5
3e82216000-3e82217000 rw-p 00016000 08:12 181145                         /lib64/libz.so.1.2.5
3e95c00000-3e95c17000 r-xp 00000000 08:12 174108                         /lib64/libnsl-2.14.90.so
3e95c17000-3e95e16000 ---p 00017000 08:12 174108                         /lib64/libnsl-2.14.90.so
3e95e16000-3e95e17000 r--p 00016000 08:12 174108                         /lib64/libnsl-2.14.90.so
3e95e17000-3e95e18000 rw-p 00017000 08:12 174108                         /lib64/libnsl-2.14.90.so
3e95e18000-3e95e1a000 rw-p 00000000 00:00 0 
7f7ad4000000-7f7ad4021000 rw-p 00000000 00:00 0 
7f7ad4021000-7f7ad8000000 ---p 00000000 00:00 0 
7f7adc000000-7f7adc021000 rw-p 00000000 00:00 0 
7f7adc021000-7f7ae0000000 ---p 00000000 00:00 0 
7f7ae0000000-7f7ae0021000 rw-p 00000000 00:00 0 
7f7ae0021000-7f7ae4000000 ---p 00000000 00:00 0 
7f7ae4000000-7f7ae4021000 rw-p 00000000 00:00 0 
7f7ae4021000-7f7ae8000000 ---p 00000000 00:00 0 
7f7ae8000000-7f7ae8021000 rw-p 00000000 00:00 0 
7f7ae8021000-7f7aec000000 ---p 00000000 00:00 0 
7f7aec000000-7f7aec021000 rw-p 00000000 00:00 0 
7f7aec021000-7f7af0000000 ---p 00000000 00:00 0 
7f7af0000000-7f7af0022000 rw-p 00000000 00:00 0 
7f7af0022000-7f7af4000000 ---p 00000000 00:00 0 
7f7af4000000-7f7af4021000 rw-p 00000000 00:00 0 
7f7af4021000-7f7af8000000 ---p 00000000 00:00 0 
7f7af8000000-7f7af8021000 rw-p 00000000 00:00 0 
7f7af8021000-7f7afc000000 ---p 00000000 00:00 0 
7f7afc000000-7f7afc216000 rw-p 00000000 00:00 0 
7f7afc216000-7f7b00000000 ---p 00000000 00:00 0 
7f7b00000000-7f7b0061b000 rw-p 00000000 00:00 0 
7f7b0061b000-7f7b04000000 ---p 00000000 00:00 0 
7f7b04000000-7f7b04021000 rw-p 00000000 00:00 0 
7f7b04021000-7f7b08000000 ---p 00000000 00:00 0 
7f7b09bdd000-7f7b10000000 r--p 00000000 08:12 181139                     /usr/lib/locale/locale-archive
7f7b10000000-7f7b10021000 rw-p 00000000 00:00 0 
7f7b10021000-7f7b14000000 ---p 00000000 00:00 0 
7f7b14000000-7f7b14021000 rw-p 00000000 00:00 0 
7f7b14021000-7f7b18000000 ---p 00000000 00:00 0 
7f7b18000000-7f7b18021000 rw-p 00000000 00:00 0 
7f7b18021000-7f7b1c000000 ---p 00000000 00:00 0 
7f7b1c000000-7f7b1c021000 rw-p 00000000 00:00 0 
7f7b1c021000-7f7b20000000 ---p 00000000 00:00 0 
7f7b20000000-7f7b20021000 rw-p 00000000 00:00 0 
7f7b20021000-7f7b24000000 ---p 00000000 00:00 0 
7f7b24000000-7f7b24021000 rw-p 00000000 00:00 0 
7f7b24021000-7f7b28000000 ---p 00000000 00:00 0 
7f7b28000000-7f7b28021000 rw-p 00000000 00:00 0 
7f7b28021000-7f7b2c000000 ---p 00000000 00:00 0 
7f7b2e3dd000-7f7b2e3e0000 ---p 00000000 00:00 0 
7f7b2e3e0000-7f7b2e4de000 rw-p 00000000 00:00 0                          [stack:3228]
7f7b2e4de000-7f7b2e4e1000 ---p 00000000 00:00 0 
7f7b2e4e1000-7f7b2e5df000 rw-p 00000000 00:00 0                          [stack:3227]
7f7b2e5df000-7f7b2e5e2000 ---p 00000000 00:00 0 
7f7b2e5e2000-7f7b2e6e0000 rw-p 00000000 00:00 0                          [stack:3226]
7f7b2e6e0000-7f7b2e6e3000 ---p 00000000 00:00 0 
7f7b2e6e3000-7f7b2e7e1000 rw-p 00000000 00:00 0                          [stack:3225]
7f7b2e7e1000-7f7b2e7e4000 ---p 00000000 00:00 0 
7f7b2e7e4000-7f7b2e8e2000 rw-p 00000000 00:00 0                          [stack:3224]
7f7b2e8e2000-7f7b2e8e5000 ---p 00000000 00:00 0 
7f7b2e8e5000-7f7b2e9e3000 rw-p 00000000 00:00 0                          [stack:3223]
7f7b2e9e3000-7f7b2e9f9000 r-xp 00000000 fd:03 92                         /tmp/javalibusb17739381294879704170 (deleted)
7f7b2e9f9000-7f7b2ebf8000 ---p 00016000 fd:03 92                         /tmp/javalibusb17739381294879704170 (deleted)
7f7b2ebf8000-7f7b2ebf9000 rw-p 00015000 fd:03 92                         /tmp/javalibusb17739381294879704170 (deleted)
7f7b2ebf9000-7f7b2ebfc000 ---p 00000000 00:00 0 
7f7b2ebfc000-7f7b2ed2b000 rw-p 00000000 00:00 0                          [stack:3222]
7f7b2ed2b000-7f7b2ed3f000 r-xp 00000000 08:12 656092                     /usr/lib/jvm/java-1.6.0-openjdk-1.6.0.0.x86_64/jre/lib/amd64/libnet.so
7f7b2ed3f000-7f7b2ef3f000 ---p 00014000 08:12 656092                     /usr/lib/jvm/java-1.6.0-openjdk-1.6.0.0.x86_64/jre/lib/amd64/libnet.so
7f7b2ef3f000-7f7b2ef40000 rw-p 00014000 08:12 656092                     /usr/lib/jvm/java-1.6.0-openjdk-1.6.0.0.x86_64/jre/lib/amd64/libnet.so
7f7b2ef40000-7f7b2ef42000 r--s 00004000 fd:06 165548852                  /home/will/code/javax-usb-libusb1/javalibusb1/target/javalibusb1-1.0.1-1-SNAPSHOT.jar
7f7b2ef42000-7f7b2ef43000 r--s 00000000 fd:06 165548842                  /home/will/code/javax-usb-libusb1/javalibusb1/target/javalibusb1-1.0.1-1-SNAPSHOT-noarch.nar
7f7b2ef43000-7f7b2ef44000 r--s 0000d000 fd:06 165548843                  /home/will/code/javax-usb-libusb1/javalibusb1/target/javalibusb1-1.0.1-1-SNAPSHOT-amd64-Linux-gpp-jni.nar
7f7b2ef44000-7f7b2ef47000 r--s 00018000 fd:06 31723038                   /home/will/.m2/repository/commons-io/commons-io/1.4/commons-io-1.4.jar
7f7b2ef47000-7f7b2ef4d000 r--s 00033000 fd:06 31589739                   /home/will/.m2/repository/junit/junit/4.7/junit-4.7.jar
7f7b2ef4d000-7f7b2ef56000 r--s 0004d000 fd:06 31722302                   /home/will/code/android-progs/org.cowboycoders.ant.autosharedchannel.ANTPlusDemo/libs/android-support-v4.jar
7f7b2ef56000-7f7b2ef57000 r--s 00000000 fd:06 30147934                   /home/will/android-sdks/tools/support/annotations.jar
7f7b2ef57000-7f7b2ef58000 r--s 00005000 fd:06 31722303                   /home/will/code/android-progs/org.cowboycoders.ant.autosharedchannel.ANTPlusDemo/libs/antlib.jar
7f7b2ef58000-7f7b2ef5a000 r--s 00007000 08:12 656915                     /usr/share/java/hamcrest/core-1.1.jar
7f7b2ef5a000-7f7b2ef61000 r--s 00034000 08:12 535962                     /usr/share/java/junit4-4.8.2.jar
7f7b2ef61000-7f7b2ef63000 r--s 0000f000 08:12 664695                     /usr/lib/jvm/java-1.6.0-openjdk-1.6.0.0.x86_64/jre/lib/ext/pulse-java.jar
7f7b2ef63000-7f7b2ef6c000 r--s 00065000 08:12 671041                     /usr/lib/jvm/java-1.6.0-openjdk-1.6.0.0.x86_64/jre/lib/ext/gnome-java-bridge.jar
7f7b2ef6c000-7f7b2ef6d000 ---p 00000000 00:00 0 
7f7b2ef6d000-7f7b2f06d000 rw-p 00000000 00:00 0                          [stack:3221]
7f7b2f06d000-7f7b2f070000 ---p 00000000 00:00 0 
7f7b2f070000-7f7b2f16e000 rw-p 00000000 00:00 0                          [stack:3220]
7f7b2f16e000-7f7b2f171000 ---p 00000000 00:00 0 
7f7b2f171000-7f7b2f26f000 rw-p 00000000 00:00 0                          [stack:3219]
7f7b2f26f000-7f7b2f272000 ---p 00000000 00:00 0 
7f7b2f272000-7f7b2f370000 rw-p 00000000 00:00 0                          [stack:3217]
7f7b2f370000-7f7b2f373000 ---p 00000000 00:00 0 
7f7b2f373000-7f7b2f471000 rw-p 00000000 00:00 0                          [stack:3216]
7f7b2f471000-7f7b2f474000 ---p 00000000 00:00 0 
7f7b2f474000-7f7b2f572000 rw-p 00000000 00:00 0                          [stack:3215]
7f7b2f572000-7f7b2f575000 ---p 00000000 00:00 0 
7f7b2f575000-7f7b2f673000 rw-p 00000000 00:00 0                          [stack:3214]
7f7b2f673000-7f7b2f674000 ---p 00000000 00:00 0 
7f7b2f674000-7f7b2fc79000 rw-p 00000000 00:00 0                          [stack:3213]
7f7b2fc79000-7f7b2fe0b000 r--s 037c2000 08:12 656181                     /usr/lib/jvm/java-1.6.0-openjdk-1.6.0.0.x86_64/jre/lib/rt.jar
7f7b2fe0b000-7f7b2fe0c000 ---p 00000000 00:00 0 
7f7b2fe0c000-7f7b2ff0c000 rw-p 00000000 00:00 0                          [stack:3211]
7f7b2ff0c000-7f7b2ff0d000 ---p 00000000 00:00 0 
7f7b2ff0d000-7f7b3000d000 rw-p 00000000 00:00 0                          [stack:3210]
7f7b3000d000-7f7b3000e000 ---p 00000000 00:00 0 
7f7b3000e000-7f7b3010e000 rw-p 00000000 00:00 0                          [stack:3209]
7f7b3010e000-7f7b3010f000 ---p 00000000 00:00 0 
7f7b3010f000-7f7b3021a000 rw-p 00000000 00:00 0                          [stack:3208]
7f7b3021a000-7f7b30262000 rw-p 00000000 00:00 0 
7f7b30262000-7f7b3028b000 rw-p 00000000 00:00 0 
7f7b3028b000-7f7b304e5000 rw-p 00000000 00:00 0 
7f7b304e5000-7f7b304f0000 rw-p 00000000 00:00 0 
7f7b304f0000-7f7b30538000 rw-p 00000000 00:00 0 
7f7b30538000-7f7b30561000 rw-p 00000000 00:00 0 
7f7b30561000-7f7b307ba000 rw-p 00000000 00:00 0 
7f7b307ba000-7f7b307cf000 rw-p 00000000 00:00 0 
7f7b307cf000-7f7b308fc000 rw-p 00000000 00:00 0 
7f7b308fc000-7f7b30907000 rw-p 00000000 00:00 0 
7f7b30907000-7f7b309bd000 rw-p 00000000 00:00 0 
7f7b309bd000-7f7b30c2d000 rwxp 00000000 00:00 0 
7f7b30c2d000-7f7b339bd000 rw-p 00000000 00:00 0 
7f7b339bd000-7f7b339c4000 r-xp 00000000 08:12 671038                     /usr/lib/jvm/java-1.6.0-openjdk-1.6.0.0.x86_64/jre/lib/amd64/libzip.so
7f7b339c4000-7f7b33bc3000 ---p 00007000 08:12 671038                     /usr/lib/jvm/java-1.6.0-openjdk-1.6.0.0.x86_64/jre/lib/amd64/libzip.so
7f7b33bc3000-7f7b33bc4000 rw-p 00006000 08:12 671038                     /usr/lib/jvm/java-1.6.0-openjdk-1.6.0.0.x86_64/jre/lib/amd64/libzip.so
7f7b33bc4000-7f7b33bd0000 r-xp 00000000 08:12 179708                     /lib64/libnss_files-2.14.90.so
7f7b33bd0000-7f7b33dcf000 ---p 0000c000 08:12 179708                     /lib64/libnss_files-2.14.90.so
7f7b33dcf000-7f7b33dd0000 r--p 0000b000 08:12 179708                     /lib64/libnss_files-2.14.90.so
7f7b33dd0000-7f7b33dd1000 rw-p 0000c000 08:12 179708                     /lib64/libnss_files-2.14.90.so
7f7b33dd1000-7f7b33dfd000 r-xp 00000000 08:12 656081                     /usr/lib/jvm/java-1.6.0-openjdk-1.6.0.0.x86_64/jre/lib/amd64/libjava.so
7f7b33dfd000-7f7b33ffc000 ---p 0002c000 08:12 656081                     /usr/lib/jvm/java-1.6.0-openjdk-1.6.0.0.x86_64/jre/lib/amd64/libjava.so
7f7b33ffc000-7f7b34000000 rw-p 0002b000 08:12 656081                     /usr/lib/jvm/java-1.6.0-openjdk-1.6.0.0.x86_64/jre/lib/amd64/libjava.so
7f7b34000000-7f7b34165000 rw-p 00000000 00:00 0 
7f7b34165000-7f7b38000000 ---p 00000000 00:00 0 
7f7b3804d000-7f7b380a8000 rw-p 00000000 00:00 0 
7f7b380a8000-7f7b380b6000 r-xp 00000000 08:12 656100                     /usr/lib/jvm/java-1.6.0-openjdk-1.6.0.0.x86_64/jre/lib/amd64/libverify.so
7f7b380b6000-7f7b382b5000 ---p 0000e000 08:12 656100                     /usr/lib/jvm/java-1.6.0-openjdk-1.6.0.0.x86_64/jre/lib/amd64/libverify.so
7f7b382b5000-7f7b382b7000 rw-p 0000d000 08:12 656100                     /usr/lib/jvm/java-1.6.0-openjdk-1.6.0.0.x86_64/jre/lib/amd64/libverify.so
7f7b382b7000-7f7b382ba000 ---p 00000000 00:00 0 
7f7b382ba000-7f7b383b8000 rw-p 00000000 00:00 0                          [stack:3205]
7f7b383b8000-7f7b38cbe000 r-xp 00000000 08:12 664693                     /usr/lib/jvm/java-1.6.0-openjdk-1.6.0.0.x86_64/jre/lib/amd64/server/libjvm.so
7f7b38cbe000-7f7b38ebe000 ---p 00906000 08:12 664693                     /usr/lib/jvm/java-1.6.0-openjdk-1.6.0.0.x86_64/jre/lib/amd64/server/libjvm.so
7f7b38ebe000-7f7b38f59000 rw-p 00906000 08:12 664693                     /usr/lib/jvm/java-1.6.0-openjdk-1.6.0.0.x86_64/jre/lib/amd64/server/libjvm.so
7f7b38f59000-7f7b38f87000 rw-p 00000000 00:00 0 
7f7b38fa3000-7f7b38fa6000 r--s 00077000 08:12 671042                     /usr/lib/jvm/java-1.6.0-openjdk-1.6.0.0.x86_64/jre/lib/ext/localedata.jar
7f7b38fa6000-7f7b38faa000 r--s 0007d000 08:12 656654                     /usr/lib/jvm/java-1.6.0-openjdk-1.6.0.0.x86_64/jre/lib/jsse.jar
7f7b38faa000-7f7b38fb2000 rw-s 00000000 fd:03 1044486                    /tmp/hsperfdata_will/3202
7f7b38fb2000-7f7b38fb3000 rw-p 00000000 00:00 0 
7f7b38fb3000-7f7b38fb4000 r--p 00000000 00:00 0 
7f7b38fb4000-7f7b38fb5000 rw-p 00000000 00:00 0 
7fff76ba7000-7fff76bc8000 rw-p 00000000 00:00 0                          [stack]
7fff76bff000-7fff76c00000 r-xp 00000000 00:00 0                          [vdso]
ffffffffff600000-ffffffffff601000 r-xp 00000000 00:00 0                  [vsyscall]

VM Arguments:
jvm_args: -Dfile.encoding=UTF-8 
java_command: org.eclipse.jdt.internal.junit.runner.RemoteTestRunner -version 3 -port 52712 -testLoaderClass org.eclipse.jdt.internal.junit4.runner.JUnit4TestLoader -loaderpluginname org.eclipse.jdt.junit4.runtime -classNames AntTransceiverTest
Launcher Type: SUN_STANDARD

Environment Variables:
PATH=/usr/lib64/qt-3.3/bin:/usr/NX/bin:/usr/lib64/ccache:/usr/local/bin:/usr/bin:/bin:/usr/local/sbin:/usr/sbin:/sbin:/home/will/.local/bin:/home/will/bin
USERNAME=will
LD_LIBRARY_PATH=/usr/lib/jvm/java-1.6.0-openjdk-1.6.0.0.x86_64/jre/lib/amd64/server:/usr/lib/jvm/java-1.6.0-openjdk-1.6.0.0.x86_64/jre/lib/amd64:/usr/lib/jvm/java-1.6.0-openjdk-1.6.0.0.x86_64/jre/../lib/amd64
SHELL=/bin/bash
DISPLAY=:0

Signal Handlers:
SIGSEGV: [libjvm.so+0x786a80], sa_mask[0]=0x7ffbfeff, sa_flags=0x10000004
SIGBUS: [libjvm.so+0x786a80], sa_mask[0]=0x7ffbfeff, sa_flags=0x10000004
SIGFPE: [libjvm.so+0x64b0c0], sa_mask[0]=0x7ffbfeff, sa_flags=0x10000004
SIGPIPE: [libjvm.so+0x64b0c0], sa_mask[0]=0x7ffbfeff, sa_flags=0x10000004
SIGXFSZ: [libjvm.so+0x64b0c0], sa_mask[0]=0x7ffbfeff, sa_flags=0x10000004
SIGILL: [libjvm.so+0x64b0c0], sa_mask[0]=0x7ffbfeff, sa_flags=0x10000004
SIGUSR1: SIG_DFL, sa_mask[0]=0x00000000, sa_flags=0x00000000
SIGUSR2: [libjvm.so+0x64b250], sa_mask[0]=0x00000004, sa_flags=0x10000004
SIGHUP: [libjvm.so+0x64dc00], sa_mask[0]=0x7ffbfeff, sa_flags=0x10000004
SIGINT: [libjvm.so+0x64dc00], sa_mask[0]=0x7ffbfeff, sa_flags=0x10000004
SIGTERM: [libjvm.so+0x64dc00], sa_mask[0]=0x7ffbfeff, sa_flags=0x10000004
SIGQUIT: [libjvm.so+0x64dc00], sa_mask[0]=0x7ffbfeff, sa_flags=0x10000004


---------------  S Y S T E M  ---------------

OS:Fedora release 16 (Verne)

uname:Linux 3.6.5-2.fc16.x86_64 #1 SMP Thu Nov 1 03:49:27 UTC 2012 x86_64
libc:glibc 2.14.90 NPTL 2.14.90 
rlimit: STACK 8192k, CORE 0k, NPROC 1024, NOFILE 4096, AS infinity
load average:1.25 0.82 0.52

/proc/meminfo:
MemTotal:        7896640 kB
MemFree:          492992 kB
Buffers:          787524 kB
Cached:          2158908 kB
SwapCached:        45080 kB
Active:          3481544 kB
Inactive:        2270204 kB
Active(anon):    2431096 kB
Inactive(anon):   978088 kB
Active(file):    1050448 kB
Inactive(file):  1292116 kB
Unevictable:        3592 kB
Mlocked:            3592 kB
SwapTotal:      20479996 kB
SwapFree:       19324200 kB
Dirty:              1984 kB
Writeback:             0 kB
AnonPages:       2779552 kB
Mapped:           801500 kB
Shmem:            601584 kB
Slab:             804208 kB
SReclaimable:     745744 kB
SUnreclaim:        58464 kB
KernelStack:        5144 kB
PageTables:        70032 kB
NFS_Unstable:          0 kB
Bounce:                0 kB
WritebackTmp:          0 kB
CommitLimit:    24428316 kB
Committed_AS:    7842348 kB
VmallocTotal:   34359738367 kB
VmallocUsed:      395160 kB
VmallocChunk:   34359256752 kB
HardwareCorrupted:     0 kB
AnonHugePages:    618496 kB
HugePages_Total:       0
HugePages_Free:        0
HugePages_Rsvd:        0
HugePages_Surp:        0
Hugepagesize:       2048 kB
DirectMap4k:      133120 kB
DirectMap2M:     7974912 kB


CPU:total 4 (4 cores per cpu, 1 threads per core) family 6 model 42 stepping 7, cmov, cx8, fxsr, mmx, sse, sse2, sse3, ssse3, sse4.1, sse4.2, popcnt

Memory: 4k page, physical 7896640k(492992k free), swap 20479996k(19324200k free)

vm_info: OpenJDK 64-Bit Server VM (20.0-b12) for linux-amd64 JRE (1.6.0_24-b24), built on Oct 16 2012 20:23:14 by "mockbuild" with gcc 4.6.3 20120306 (Red Hat 4.6.3-2)

time: Sun Dec 30 15:54:02 2012
elapsed time: 0 seconds

