#
# A fatal error has been detected by the Java Runtime Environment:
#
#  SIGSEGV (0xb) at pc=0x00007ff978d5d42b, pid=22119, tid=140709450815232
#
# JRE version: 6.0_24-b24
# Java VM: OpenJDK 64-Bit Server VM (20.0-b12 mixed mode linux-amd64 compressed oops)
# Derivative: IcedTea6 1.11.5
# Distribution: Fedora release 16 (Verne), package fedora-68.1.11.5.fc16-x86_64
# Problematic frame:
# C  [javalibusb14377871260473567923+0xb42b]
#
# If you would like to submit a bug report, please include
# instructions how to reproduce the bug and visit:
#   http://icedtea.classpath.org/bugzilla
# The crash happened outside the Java Virtual Machine in native code.
# See problematic frame for where to report the bug.
#

---------------  T H R E A D  ---------------

Current thread (0x00007ff9740ce000):  JavaThread "Thread-1" [_thread_in_native, id=22139, stack(0x00007ff978c51000,0x00007ff978d52000)]

siginfo:si_signo=SIGSEGV: si_errno=0, si_code=1 (SEGV_MAPERR), si_addr=0x00000000efa476aa

Registers:
RAX=0x00000000efa4769a, RBX=0x000000077d728e70, RCX=0x00000000fffffff5, RDX=0x00000000efa476a2
RSP=0x00007ff978d504e0, RBP=0x00007ff978d50540, RSI=0x0000000000000085, RDI=0x00007ff9740cf3d8
R8 =0x0000000000000085, R9 =0x000000000000567b, R10=0x00007ff978d50520, R11=0x0000000000000206
R12=0x0000000000000000, R13=0x000000077d728e70, R14=0x00007ff978d50878, R15=0x00007ff9740ce000
RIP=0x00007ff978d5d42b, EFLAGS=0x0000000000010206, CSGSFS=0x0000000000000033, ERR=0x0000000000000004
  TRAPNO=0x000000000000000e

Top of Stack: (sp=0x00007ff978d504e0)
0x00007ff978d504e0:   00007ff978d50560 00007ff9740cf310
0x00007ff978d504f0:   000000077d728e70 00007ff978d50540
0x00007ff978d50500:   0000000000000000 000000077d728e70
0x00007ff978d50510:   ffffffff78d50878 0000000000000003
0x00007ff978d50520:   00000000efa4769a 00007ff9740cf310
0x00007ff978d50530:   00007ff9740f4170 000000077d728e70
0x00007ff978d50540:   00007ff978d50580 00007ff978d5d8a2
0x00007ff978d50550:   00007ff978d505a0 00007ff9740cf310
0x00007ff978d50560:   000000000000003c 0000000000000000
0x00007ff978d50570:   00007ff978d505b0 0000000078d5c7d3
0x00007ff978d50580:   00007ff978d505b0 00007ff978d5d957
0x00007ff978d50590:   0000000028006210 00007ff9740cf310
0x00007ff978d505a0:   000000000000003c 0000000000000000
0x00007ff978d505b0:   00007ff978d50620 00007ff978d5e5d0
0x00007ff978d505c0:   00007ff978d5060c 00007ff900000000
0x00007ff978d505d0:   00007ff9740f6c10 0000000000000002
0x00007ff978d505e0:   00007ff978d50714 00007ff928006210
0x00007ff978d505f0:   00007f8100000017 00007ff9740f6c10
0x00007ff978d50600:   00007ff97410c650 00000000740ce000
0x00007ff978d50610:   00007ff928006358 0000000078d50688
0x00007ff978d50620:   00007ff978d50670 00007ff978d5e731
0x00007ff978d50630:   00007ff900000002 00007ff97bb638c6
0x00007ff978d50640:   00007ff978d50640 000000007d62eec8
0x00007ff978d50650:   00007ff978d50714 00007ff928006210
0x00007ff978d50660:   0000008100000017 00007ff9740f6c10
0x00007ff978d50670:   00007ff978d506d0 00007ff978d59162
0x00007ff978d50680:   00007ff978d50714 0000000000000000
0x00007ff978d50690:   000000077d728e70 0000000078d50878
0x00007ff978d506a0:   00007ff978d50714 00007ff928006210
0x00007ff978d506b0:   0000008100000017 00007ff9740f6c10
0x00007ff978d506c0:   00007ff978d50730 0000000000000000
0x00007ff978d506d0:   00007ff978d50730 00007ff978d58045 

Instructions: (pc=0x00007ff978d5d42b)
0x00007ff978d5d40b:   ff ff 48 8b 45 a8 48 8b 80 c0 00 00 00 48 83 e8
0x00007ff978d5d41b:   08 48 89 45 e0 eb 15 48 83 45 d8 01 48 8b 45 e0
0x00007ff978d5d42b:   48 8b 40 10 48 83 e8 08 48 89 45 e0 48 8b 45 e0
0x00007ff978d5d43b:   48 8d 50 08 48 8b 45 a8 48 05 b8 00 00 00 48 39 

Register to memory mapping:

RAX=0x00000000efa4769a is an unknown value
RBX=0x000000077d728e70 is an oop
{method} 
 - klass: {other class}
RCX=0x00000000fffffff5 is an unknown value
RDX=0x00000000efa476a2 is an unknown value
RSP=0x00007ff978d504e0 is pointing into the stack for thread: 0x00007ff9740ce000
RBP=0x00007ff978d50540 is pointing into the stack for thread: 0x00007ff9740ce000
RSI=0x0000000000000085 is an unknown value
RDI=0x00007ff9740cf3d8 is an unknown value
R8 =0x0000000000000085 is an unknown value
R9 =0x000000000000567b is an unknown value
R10=0x00007ff978d50520 is pointing into the stack for thread: 0x00007ff9740ce000
R11=0x0000000000000206 is an unknown value
R12=0x0000000000000000 is an unknown value
R13=0x000000077d728e70 is an oop
{method} 
 - klass: {other class}
R14=0x00007ff978d50878 is pointing into the stack for thread: 0x00007ff9740ce000
R15=0x00007ff9740ce000 is a thread


Stack: [0x00007ff978c51000,0x00007ff978d52000],  sp=0x00007ff978d504e0,  free space=1021k
Native frames: (J=compiled Java code, j=interpreted, Vv=VM code, C=native code)
C  [javalibusb14377871260473567923+0xb42b]
C  [javalibusb14377871260473567923+0xb8a2]  libusb_handle_events_timeout+0x79
C  [javalibusb14377871260473567923+0xb957]  libusb_handle_events+0x2f
C  [javalibusb14377871260473567923+0xc5d0]
C  [javalibusb14377871260473567923+0xc731]  libusb_bulk_transfer+0x4c
C  [javalibusb14377871260473567923+0x7162]  usbw_bulk_transfer+0x86
C  [javalibusb14377871260473567923+0x6045]
C  [javalibusb14377871260473567923+0x61b2]  Java_javalibusb1_libusb1_bulk_1transfer+0x5e
j  javalibusb1.libusb1.bulk_transfer(JB[BIIJ)I+0
j  javalibusb1.Libusb1UsbPipe.internalSyncSubmit(Ljavax/usb/UsbIrp;)I+143
j  javalibusb1.Libusb1UsbPipe.syncSubmit([B)I+17
j  org.cowboycoders.ant.interfaces.AntTransceiver$UsbReader.run()V+16
v  ~StubRoutines::call_stub
V  [libjvm.so+0x4af5af]  AsyncGetCallTrace+0xa055f
V  [libjvm.so+0x4ae9e5]  AsyncGetCallTrace+0x9f995
V  [libjvm.so+0x4aeee3]  AsyncGetCallTrace+0x9fe93
V  [libjvm.so+0x4af00f]  AsyncGetCallTrace+0x9ffbf
V  [libjvm.so+0x4e7dd6]  JNI_GetCreatedJavaVMs+0x17286
V  [libjvm.so+0x74e9b4]  JVM_handle_linux_signal+0xfb3a4
V  [libjvm.so+0x64e552]  numa_error+0x2f2

Java frames: (J=compiled Java code, j=interpreted, Vv=VM code)
j  javalibusb1.libusb1.bulk_transfer(JB[BIIJ)I+0
j  javalibusb1.Libusb1UsbPipe.internalSyncSubmit(Ljavax/usb/UsbIrp;)I+143
j  javalibusb1.Libusb1UsbPipe.syncSubmit([B)I+17
j  org.cowboycoders.ant.interfaces.AntTransceiver$UsbReader.run()V+16
v  ~StubRoutines::call_stub

---------------  P R O C E S S  ---------------

Java Threads: ( => current thread )
=>0x00007ff9740ce000 JavaThread "Thread-1" [_thread_in_native, id=22139, stack(0x00007ff978c51000,0x00007ff978d52000)]
  0x00007ff9740e0000 JavaThread "ReaderThread" [_thread_in_native, id=22138, stack(0x00007ff978f6c000,0x00007ff97906d000)]
  0x00007ff97409e000 JavaThread "Low Memory Detector" daemon [_thread_blocked, id=22136, stack(0x00007ff9793ba000,0x00007ff9794bb000)]
  0x00007ff97409c000 JavaThread "C2 CompilerThread1" daemon [_thread_blocked, id=22135, stack(0x00007ff9794bb000,0x00007ff9795bc000)]
  0x00007ff974099000 JavaThread "C2 CompilerThread0" daemon [_thread_blocked, id=22134, stack(0x00007ff9795bc000,0x00007ff9796bd000)]
  0x00007ff974097800 JavaThread "Signal Dispatcher" daemon [_thread_blocked, id=22133, stack(0x00007ff9796bd000,0x00007ff9797be000)]
  0x00007ff974078800 JavaThread "Finalizer" daemon [_thread_blocked, id=22132, stack(0x00007ff9797be000,0x00007ff9798bf000)]
  0x00007ff974076800 JavaThread "Reference Handler" daemon [_thread_blocked, id=22131, stack(0x00007ff9798bf000,0x00007ff9799c0000)]
  0x00007ff974008000 JavaThread "main" [_thread_in_vm, id=22125, stack(0x00007ff97b5bc000,0x00007ff97b6bd000)]

Other Threads:
  0x00007ff97406f800 VMThread [stack: 0x00007ff9799c0000,0x00007ff979ac1000] [id=22130]
  0x00007ff9740a9000 WatcherThread [stack: 0x00007ff9792b9000,0x00007ff9793ba000] [id=22137]

VM state:not at safepoint (normal execution)

VM Mutex/Monitor currently owned by a thread: None

Heap
 PSYoungGen      total 35968K, used 6794K [0x00000007d7d60000, 0x00000007da580000, 0x0000000800000000)
  eden space 30848K, 22% used [0x00000007d7d60000,0x00000007d8402b28,0x00000007d9b80000)
  from space 5120K, 0% used [0x00000007da080000,0x00000007da080000,0x00000007da580000)
  to   space 5120K, 0% used [0x00000007d9b80000,0x00000007d9b80000,0x00000007da080000)
 PSOldGen        total 82304K, used 0K [0x0000000787800000, 0x000000078c860000, 0x00000007d7d60000)
  object space 82304K, 0% used [0x0000000787800000,0x0000000787800000,0x000000078c860000)
 PSPermGen       total 21248K, used 6236K [0x000000077d200000, 0x000000077e6c0000, 0x0000000787800000)
  object space 21248K, 29% used [0x000000077d200000,0x000000077d817270,0x000000077e6c0000)

Code Cache  [0x00007ff971000000, 0x00007ff971270000, 0x00007ff974000000)
 total_blobs=237 nmethods=17 adapters=175 free_code_cache=49880000 largest_free_block=9600

Dynamic libraries:
00400000-00408000 r-xp 00000000 08:12 656757                             /usr/lib/jvm/java-1.6.0-openjdk-1.6.0.0.x86_64/bin/java
00608000-00609000 rw-p 00008000 08:12 656757                             /usr/lib/jvm/java-1.6.0-openjdk-1.6.0.0.x86_64/bin/java
020fc000-0211d000 rw-p 00000000 00:00 0                                  [heap]
77d200000-77e6c0000 rw-p 00000000 00:00 0 
77e6c0000-787800000 rw-p 00000000 00:00 0 
787800000-78c860000 rw-p 00000000 00:00 0 
78c860000-7d7d60000 rw-p 00000000 00:00 0 
7d7d60000-7da580000 rw-p 00000000 00:00 0 
7da580000-800000000 rw-p 00000000 00:00 0 
301c000000-301c0e8000 r-xp 00000000 08:12 175699                         /usr/lib64/libstdc++.so.6.0.16
301c0e8000-301c2e8000 ---p 000e8000 08:12 175699                         /usr/lib64/libstdc++.so.6.0.16
301c2e8000-301c2f0000 r--p 000e8000 08:12 175699                         /usr/lib64/libstdc++.so.6.0.16
301c2f0000-301c2f2000 rw-p 000f0000 08:12 175699                         /usr/lib64/libstdc++.so.6.0.16
301c2f2000-301c307000 rw-p 00000000 00:00 0 
33a8200000-33a8215000 r-xp 00000000 08:12 183304                         /lib64/libgcc_s-4.6.3-20120306.so.1
33a8215000-33a8414000 ---p 00015000 08:12 183304                         /lib64/libgcc_s-4.6.3-20120306.so.1
33a8414000-33a8415000 rw-p 00014000 08:12 183304                         /lib64/libgcc_s-4.6.3-20120306.so.1
3757a00000-3757a04000 r-xp 00000000 08:12 655544                         /usr/lib/jvm/java-1.6.0-openjdk-1.6.0.0.x86_64/jre/lib/amd64/jli/libjli.so
3757a04000-3757c03000 ---p 00004000 08:12 655544                         /usr/lib/jvm/java-1.6.0-openjdk-1.6.0.0.x86_64/jre/lib/amd64/jli/libjli.so
3757c03000-3757c04000 rw-p 00003000 08:12 655544                         /usr/lib/jvm/java-1.6.0-openjdk-1.6.0.0.x86_64/jre/lib/amd64/jli/libjli.so
3e80400000-3e80422000 r-xp 00000000 08:12 141289                         /lib64/ld-2.14.90.so
3e80621000-3e80622000 r--p 00021000 08:12 141289                         /lib64/ld-2.14.90.so
3e80622000-3e80623000 rw-p 00022000 08:12 141289                         /lib64/ld-2.14.90.so
3e80623000-3e80624000 rw-p 00000000 00:00 0 
3e80800000-3e809ad000 r-xp 00000000 08:12 155199                         /lib64/libc-2.14.90.so
3e809ad000-3e80bad000 ---p 001ad000 08:12 155199                         /lib64/libc-2.14.90.so
3e80bad000-3e80bb1000 r--p 001ad000 08:12 155199                         /lib64/libc-2.14.90.so
3e80bb1000-3e80bb3000 rw-p 001b1000 08:12 155199                         /lib64/libc-2.14.90.so
3e80bb3000-3e80bb8000 rw-p 00000000 00:00 0 
3e80c00000-3e80c83000 r-xp 00000000 08:12 161044                         /lib64/libm-2.14.90.so
3e80c83000-3e80e82000 ---p 00083000 08:12 161044                         /lib64/libm-2.14.90.so
3e80e82000-3e80e83000 r--p 00082000 08:12 161044                         /lib64/libm-2.14.90.so
3e80e83000-3e80e84000 rw-p 00083000 08:12 161044                         /lib64/libm-2.14.90.so
3e81000000-3e81017000 r-xp 00000000 08:12 178385                         /lib64/libpthread-2.14.90.so
3e81017000-3e81216000 ---p 00017000 08:12 178385                         /lib64/libpthread-2.14.90.so
3e81216000-3e81217000 r--p 00016000 08:12 178385                         /lib64/libpthread-2.14.90.so
3e81217000-3e81218000 rw-p 00017000 08:12 178385                         /lib64/libpthread-2.14.90.so
3e81218000-3e8121c000 rw-p 00000000 00:00 0 
3e81400000-3e81402000 r-xp 00000000 08:12 181146                         /lib64/libdl-2.14.90.so
3e81402000-3e81602000 ---p 00002000 08:12 181146                         /lib64/libdl-2.14.90.so
3e81602000-3e81603000 r--p 00002000 08:12 181146                         /lib64/libdl-2.14.90.so
3e81603000-3e81604000 rw-p 00003000 08:12 181146                         /lib64/libdl-2.14.90.so
3e81c00000-3e81c07000 r-xp 00000000 08:12 181147                         /lib64/librt-2.14.90.so
3e81c07000-3e81e06000 ---p 00007000 08:12 181147                         /lib64/librt-2.14.90.so
3e81e06000-3e81e07000 r--p 00006000 08:12 181147                         /lib64/librt-2.14.90.so
3e81e07000-3e81e08000 rw-p 00007000 08:12 181147                         /lib64/librt-2.14.90.so
3e82000000-3e82017000 r-xp 00000000 08:12 181145                         /lib64/libz.so.1.2.5
3e82017000-3e82216000 ---p 00017000 08:12 181145                         /lib64/libz.so.1.2.5
3e82216000-3e82217000 rw-p 00016000 08:12 181145                         /lib64/libz.so.1.2.5
3e95c00000-3e95c17000 r-xp 00000000 08:12 174108                         /lib64/libnsl-2.14.90.so
3e95c17000-3e95e16000 ---p 00017000 08:12 174108                         /lib64/libnsl-2.14.90.so
3e95e16000-3e95e17000 r--p 00016000 08:12 174108                         /lib64/libnsl-2.14.90.so
3e95e17000-3e95e18000 rw-p 00017000 08:12 174108                         /lib64/libnsl-2.14.90.so
3e95e18000-3e95e1a000 rw-p 00000000 00:00 0 
7ff928000000-7ff928023000 rw-p 00000000 00:00 0 
7ff928023000-7ff92c000000 ---p 00000000 00:00 0 
7ff930000000-7ff930021000 rw-p 00000000 00:00 0 
7ff930021000-7ff934000000 ---p 00000000 00:00 0 
7ff934000000-7ff934021000 rw-p 00000000 00:00 0 
7ff934021000-7ff938000000 ---p 00000000 00:00 0 
7ff938000000-7ff93816d000 rw-p 00000000 00:00 0 
7ff93816d000-7ff93c000000 ---p 00000000 00:00 0 
7ff93c000000-7ff93c021000 rw-p 00000000 00:00 0 
7ff93c021000-7ff940000000 ---p 00000000 00:00 0 
7ff940000000-7ff9401ea000 rw-p 00000000 00:00 0 
7ff9401ea000-7ff944000000 ---p 00000000 00:00 0 
7ff945bdd000-7ff94c000000 r--p 00000000 08:12 181139                     /usr/lib/locale/locale-archive
7ff94c000000-7ff94c021000 rw-p 00000000 00:00 0 
7ff94c021000-7ff950000000 ---p 00000000 00:00 0 
7ff950000000-7ff950021000 rw-p 00000000 00:00 0 
7ff950021000-7ff954000000 ---p 00000000 00:00 0 
7ff954000000-7ff954021000 rw-p 00000000 00:00 0 
7ff954021000-7ff958000000 ---p 00000000 00:00 0 
7ff958000000-7ff958021000 rw-p 00000000 00:00 0 
7ff958021000-7ff95c000000 ---p 00000000 00:00 0 
7ff95c000000-7ff95c021000 rw-p 00000000 00:00 0 
7ff95c021000-7ff960000000 ---p 00000000 00:00 0 
7ff960000000-7ff960021000 rw-p 00000000 00:00 0 
7ff960021000-7ff964000000 ---p 00000000 00:00 0 
7ff964000000-7ff964021000 rw-p 00000000 00:00 0 
7ff964021000-7ff968000000 ---p 00000000 00:00 0 
7ff96c000000-7ff96c021000 rw-p 00000000 00:00 0 
7ff96c021000-7ff970000000 ---p 00000000 00:00 0 
7ff971000000-7ff971270000 rwxp 00000000 00:00 0 
7ff971270000-7ff974156000 rw-p 00000000 00:00 0 
7ff974156000-7ff978000000 ---p 00000000 00:00 0 
7ff978c4e000-7ff978c51000 r--s 00077000 08:12 671042                     /usr/lib/jvm/java-1.6.0-openjdk-1.6.0.0.x86_64/jre/lib/ext/localedata.jar
7ff978c51000-7ff978c54000 ---p 00000000 00:00 0 
7ff978c54000-7ff978d52000 rw-p 00000000 00:00 0                          [stack:22139]
7ff978d52000-7ff978d68000 r-xp 00000000 fd:03 79                         /tmp/javalibusb14377871260473567923 (deleted)
7ff978d68000-7ff978f67000 ---p 00016000 fd:03 79                         /tmp/javalibusb14377871260473567923 (deleted)
7ff978f67000-7ff978f68000 rw-p 00015000 fd:03 79                         /tmp/javalibusb14377871260473567923 (deleted)
7ff978f68000-7ff978f6c000 r--s 0007d000 08:12 656654                     /usr/lib/jvm/java-1.6.0-openjdk-1.6.0.0.x86_64/jre/lib/jsse.jar
7ff978f6c000-7ff978f6f000 ---p 00000000 00:00 0 
7ff978f6f000-7ff97909e000 rw-p 00000000 00:00 0                          [stack:22138]
7ff97909e000-7ff9790b2000 r-xp 00000000 08:12 656092                     /usr/lib/jvm/java-1.6.0-openjdk-1.6.0.0.x86_64/jre/lib/amd64/libnet.so
7ff9790b2000-7ff9792b2000 ---p 00014000 08:12 656092                     /usr/lib/jvm/java-1.6.0-openjdk-1.6.0.0.x86_64/jre/lib/amd64/libnet.so
7ff9792b2000-7ff9792b3000 rw-p 00014000 08:12 656092                     /usr/lib/jvm/java-1.6.0-openjdk-1.6.0.0.x86_64/jre/lib/amd64/libnet.so
7ff9792b3000-7ff9792b9000 r--s 00033000 fd:06 31589739                   /home/will/.m2/repository/junit/junit/4.7/junit-4.7.jar
7ff9792b9000-7ff9792ba000 ---p 00000000 00:00 0 
7ff9792ba000-7ff9793ba000 rw-p 00000000 00:00 0                          [stack:22137]
7ff9793ba000-7ff9793bd000 ---p 00000000 00:00 0 
7ff9793bd000-7ff9794bb000 rw-p 00000000 00:00 0                          [stack:22136]
7ff9794bb000-7ff9794be000 ---p 00000000 00:00 0 
7ff9794be000-7ff9795bc000 rw-p 00000000 00:00 0                          [stack:22135]
7ff9795bc000-7ff9795bf000 ---p 00000000 00:00 0 
7ff9795bf000-7ff9796bd000 rw-p 00000000 00:00 0                          [stack:22134]
7ff9796bd000-7ff9796c0000 ---p 00000000 00:00 0 
7ff9796c0000-7ff9797be000 rw-p 00000000 00:00 0                          [stack:22133]
7ff9797be000-7ff9797c1000 ---p 00000000 00:00 0 
7ff9797c1000-7ff9798bf000 rw-p 00000000 00:00 0                          [stack:22132]
7ff9798bf000-7ff9798c2000 ---p 00000000 00:00 0 
7ff9798c2000-7ff9799c0000 rw-p 00000000 00:00 0                          [stack:22131]
7ff9799c0000-7ff9799c1000 ---p 00000000 00:00 0 
7ff9799c1000-7ff979ff9000 rw-p 00000000 00:00 0                          [stack:22130]
7ff979ff9000-7ff97a18b000 r--s 037c2000 08:12 656181                     /usr/lib/jvm/java-1.6.0-openjdk-1.6.0.0.x86_64/jre/lib/rt.jar
7ff97a18b000-7ff97a18c000 ---p 00000000 00:00 0 
7ff97a18c000-7ff97a28c000 rw-p 00000000 00:00 0                          [stack:22129]
7ff97a28c000-7ff97a28d000 ---p 00000000 00:00 0 
7ff97a28d000-7ff97a38d000 rw-p 00000000 00:00 0                          [stack:22128]
7ff97a38d000-7ff97a38e000 ---p 00000000 00:00 0 
7ff97a38e000-7ff97a48e000 rw-p 00000000 00:00 0                          [stack:22127]
7ff97a48e000-7ff97a48f000 ---p 00000000 00:00 0 
7ff97a48f000-7ff97a59a000 rw-p 00000000 00:00 0                          [stack:22126]
7ff97a59a000-7ff97a5e2000 rw-p 00000000 00:00 0 
7ff97a5e2000-7ff97a60b000 rw-p 00000000 00:00 0 
7ff97a60b000-7ff97a865000 rw-p 00000000 00:00 0 
7ff97a865000-7ff97a870000 rw-p 00000000 00:00 0 
7ff97a870000-7ff97a8b8000 rw-p 00000000 00:00 0 
7ff97a8b8000-7ff97a8e1000 rw-p 00000000 00:00 0 
7ff97a8e1000-7ff97ab3a000 rw-p 00000000 00:00 0 
7ff97ab3a000-7ff97ab4f000 rw-p 00000000 00:00 0 
7ff97ab4f000-7ff97ac7c000 rw-p 00000000 00:00 0 
7ff97ac7c000-7ff97ac87000 rw-p 00000000 00:00 0 
7ff97ac87000-7ff97ad3d000 rw-p 00000000 00:00 0 
7ff97ad3d000-7ff97ad44000 r-xp 00000000 08:12 671038                     /usr/lib/jvm/java-1.6.0-openjdk-1.6.0.0.x86_64/jre/lib/amd64/libzip.so
7ff97ad44000-7ff97af43000 ---p 00007000 08:12 671038                     /usr/lib/jvm/java-1.6.0-openjdk-1.6.0.0.x86_64/jre/lib/amd64/libzip.so
7ff97af43000-7ff97af44000 rw-p 00006000 08:12 671038                     /usr/lib/jvm/java-1.6.0-openjdk-1.6.0.0.x86_64/jre/lib/amd64/libzip.so
7ff97af44000-7ff97af50000 r-xp 00000000 08:12 179708                     /lib64/libnss_files-2.14.90.so
7ff97af50000-7ff97b14f000 ---p 0000c000 08:12 179708                     /lib64/libnss_files-2.14.90.so
7ff97b14f000-7ff97b150000 r--p 0000b000 08:12 179708                     /lib64/libnss_files-2.14.90.so
7ff97b150000-7ff97b151000 rw-p 0000c000 08:12 179708                     /lib64/libnss_files-2.14.90.so
7ff97b153000-7ff97b155000 r--s 00004000 fd:06 165548852                  /home/will/code/javax-usb-libusb1/javalibusb1/target/javalibusb1-1.0.1-1-SNAPSHOT.jar
7ff97b155000-7ff97b156000 r--s 00000000 fd:06 165548842                  /home/will/code/javax-usb-libusb1/javalibusb1/target/javalibusb1-1.0.1-1-SNAPSHOT-noarch.nar
7ff97b156000-7ff97b17e000 rw-p 00000000 00:00 0 
7ff97b17e000-7ff97b1aa000 r-xp 00000000 08:12 656081                     /usr/lib/jvm/java-1.6.0-openjdk-1.6.0.0.x86_64/jre/lib/amd64/libjava.so
7ff97b1aa000-7ff97b3a9000 ---p 0002c000 08:12 656081                     /usr/lib/jvm/java-1.6.0-openjdk-1.6.0.0.x86_64/jre/lib/amd64/libjava.so
7ff97b3a9000-7ff97b3ad000 rw-p 0002b000 08:12 656081                     /usr/lib/jvm/java-1.6.0-openjdk-1.6.0.0.x86_64/jre/lib/amd64/libjava.so
7ff97b3ad000-7ff97b3bb000 r-xp 00000000 08:12 656100                     /usr/lib/jvm/java-1.6.0-openjdk-1.6.0.0.x86_64/jre/lib/amd64/libverify.so
7ff97b3bb000-7ff97b5ba000 ---p 0000e000 08:12 656100                     /usr/lib/jvm/java-1.6.0-openjdk-1.6.0.0.x86_64/jre/lib/amd64/libverify.so
7ff97b5ba000-7ff97b5bc000 rw-p 0000d000 08:12 656100                     /usr/lib/jvm/java-1.6.0-openjdk-1.6.0.0.x86_64/jre/lib/amd64/libverify.so
7ff97b5bc000-7ff97b5bf000 ---p 00000000 00:00 0 
7ff97b5bf000-7ff97b6bd000 rw-p 00000000 00:00 0                          [stack:22125]
7ff97b6bd000-7ff97bfc3000 r-xp 00000000 08:12 664693                     /usr/lib/jvm/java-1.6.0-openjdk-1.6.0.0.x86_64/jre/lib/amd64/server/libjvm.so
7ff97bfc3000-7ff97c1c3000 ---p 00906000 08:12 664693                     /usr/lib/jvm/java-1.6.0-openjdk-1.6.0.0.x86_64/jre/lib/amd64/server/libjvm.so
7ff97c1c3000-7ff97c25e000 rw-p 00906000 08:12 664693                     /usr/lib/jvm/java-1.6.0-openjdk-1.6.0.0.x86_64/jre/lib/amd64/server/libjvm.so
7ff97c25e000-7ff97c28c000 rw-p 00000000 00:00 0 
7ff97c28c000-7ff97c28d000 r--s 0000d000 fd:06 165548843                  /home/will/code/javax-usb-libusb1/javalibusb1/target/javalibusb1-1.0.1-1-SNAPSHOT-amd64-Linux-gpp-jni.nar
7ff97c28d000-7ff97c290000 r--s 00018000 fd:06 31723038                   /home/will/.m2/repository/commons-io/commons-io/1.4/commons-io-1.4.jar
7ff97c290000-7ff97c299000 r--s 0004d000 fd:06 31722302                   /home/will/code/android-progs/org.cowboycoders.ant.autosharedchannel.ANTPlusDemo/libs/android-support-v4.jar
7ff97c299000-7ff97c29a000 r--s 00000000 fd:06 30147934                   /home/will/android-sdks/tools/support/annotations.jar
7ff97c29a000-7ff97c29b000 r--s 00005000 fd:06 31722303                   /home/will/code/android-progs/org.cowboycoders.ant.autosharedchannel.ANTPlusDemo/libs/antlib.jar
7ff97c29b000-7ff97c29d000 r--s 00007000 08:12 656915                     /usr/share/java/hamcrest/core-1.1.jar
7ff97c29d000-7ff97c2a4000 r--s 00034000 08:12 535962                     /usr/share/java/junit4-4.8.2.jar
7ff97c2a4000-7ff97c2a6000 r--s 0000f000 08:12 664695                     /usr/lib/jvm/java-1.6.0-openjdk-1.6.0.0.x86_64/jre/lib/ext/pulse-java.jar
7ff97c2a6000-7ff97c2af000 r--s 00065000 08:12 671041                     /usr/lib/jvm/java-1.6.0-openjdk-1.6.0.0.x86_64/jre/lib/ext/gnome-java-bridge.jar
7ff97c2af000-7ff97c2b7000 rw-s 00000000 fd:03 1044486                    /tmp/hsperfdata_will/22119
7ff97c2b7000-7ff97c2b8000 rw-p 00000000 00:00 0 
7ff97c2b8000-7ff97c2b9000 r--p 00000000 00:00 0 
7ff97c2b9000-7ff97c2ba000 rw-p 00000000 00:00 0 
7fff58a85000-7fff58aa7000 rw-p 00000000 00:00 0                          [stack]
7fff58be1000-7fff58be2000 r-xp 00000000 00:00 0                          [vdso]
ffffffffff600000-ffffffffff601000 r-xp 00000000 00:00 0                  [vsyscall]

VM Arguments:
jvm_args: -Dfile.encoding=UTF-8 
java_command: org.eclipse.jdt.internal.junit.runner.RemoteTestRunner -version 3 -port 41089 -testLoaderClass org.eclipse.jdt.internal.junit4.runner.JUnit4TestLoader -loaderpluginname org.eclipse.jdt.junit4.runtime -classNames AntTransceiverTest
Launcher Type: SUN_STANDARD

Environment Variables:
PATH=/usr/lib64/qt-3.3/bin:/usr/NX/bin:/usr/lib64/ccache:/usr/local/bin:/usr/bin:/bin:/usr/local/sbin:/usr/sbin:/sbin:/home/will/.local/bin:/home/will/bin
USERNAME=will
LD_LIBRARY_PATH=/usr/lib/jvm/java-1.6.0-openjdk-1.6.0.0.x86_64/jre/lib/amd64/server:/usr/lib/jvm/java-1.6.0-openjdk-1.6.0.0.x86_64/jre/lib/amd64:/usr/lib/jvm/java-1.6.0-openjdk-1.6.0.0.x86_64/jre/../lib/amd64:/home/will/code/javax-usb-ri-linux/lib
SHELL=/bin/bash
DISPLAY=:0

Signal Handlers:
SIGSEGV: [libjvm.so+0x786a80], sa_mask[0]=0x7ffbfeff, sa_flags=0x10000004
SIGBUS: [libjvm.so+0x786a80], sa_mask[0]=0x7ffbfeff, sa_flags=0x10000004
SIGFPE: [libjvm.so+0x64b0c0], sa_mask[0]=0x7ffbfeff, sa_flags=0x10000004
SIGPIPE: [libjvm.so+0x64b0c0], sa_mask[0]=0x7ffbfeff, sa_flags=0x10000004
SIGXFSZ: [libjvm.so+0x64b0c0], sa_mask[0]=0x7ffbfeff, sa_flags=0x10000004
SIGILL: [libjvm.so+0x64b0c0], sa_mask[0]=0x7ffbfeff, sa_flags=0x10000004
SIGUSR1: SIG_DFL, sa_mask[0]=0x00000000, sa_flags=0x00000000
SIGUSR2: [libjvm.so+0x64b250], sa_mask[0]=0x00000004, sa_flags=0x10000004
SIGHUP: [libjvm.so+0x64dc00], sa_mask[0]=0x7ffbfeff, sa_flags=0x10000004
SIGINT: [libjvm.so+0x64dc00], sa_mask[0]=0x7ffbfeff, sa_flags=0x10000004
SIGTERM: [libjvm.so+0x64dc00], sa_mask[0]=0x7ffbfeff, sa_flags=0x10000004
SIGQUIT: [libjvm.so+0x64dc00], sa_mask[0]=0x7ffbfeff, sa_flags=0x10000004


---------------  S Y S T E M  ---------------

OS:Fedora release 16 (Verne)

uname:Linux 3.6.5-2.fc16.x86_64 #1 SMP Thu Nov 1 03:49:27 UTC 2012 x86_64
libc:glibc 2.14.90 NPTL 2.14.90 
rlimit: STACK 8192k, CORE 0k, NPROC 1024, NOFILE 4096, AS infinity
load average:0.53 0.43 0.36

/proc/meminfo:
MemTotal:        7896640 kB
MemFree:          364120 kB
Buffers:          743688 kB
Cached:          2214856 kB
SwapCached:        44280 kB
Active:          3543484 kB
Inactive:        2321740 kB
Active(anon):    2522604 kB
Inactive(anon):   992340 kB
Active(file):    1020880 kB
Inactive(file):  1329400 kB
Unevictable:        3592 kB
Mlocked:            3592 kB
SwapTotal:      20479996 kB
SwapFree:       19328676 kB
Dirty:               108 kB
Writeback:             0 kB
AnonPages:       2881684 kB
Mapped:           803340 kB
Shmem:            605980 kB
Slab:             817116 kB
SReclaimable:     758480 kB
SUnreclaim:        58636 kB
KernelStack:        4936 kB
PageTables:        69164 kB
NFS_Unstable:          0 kB
Bounce:                0 kB
WritebackTmp:          0 kB
CommitLimit:    24428316 kB
Committed_AS:    7908544 kB
VmallocTotal:   34359738367 kB
VmallocUsed:      395180 kB
VmallocChunk:   34359251388 kB
HardwareCorrupted:     0 kB
AnonHugePages:    622592 kB
HugePages_Total:       0
HugePages_Free:        0
HugePages_Rsvd:        0
HugePages_Surp:        0
Hugepagesize:       2048 kB
DirectMap4k:      133120 kB
DirectMap2M:     7974912 kB


CPU:total 4 (4 cores per cpu, 1 threads per core) family 6 model 42 stepping 7, cmov, cx8, fxsr, mmx, sse, sse2, sse3, ssse3, sse4.1, sse4.2, popcnt

Memory: 4k page, physical 7896640k(364120k free), swap 20479996k(19328676k free)

vm_info: OpenJDK 64-Bit Server VM (20.0-b12) for linux-amd64 JRE (1.6.0_24-b24), built on Oct 16 2012 20:23:14 by "mockbuild" with gcc 4.6.3 20120306 (Red Hat 4.6.3-2)

time: Sun Dec 30 19:51:25 2012
elapsed time: 0 seconds

