#
# A fatal error has been detected by the Java Runtime Environment:
#
#  SIGSEGV (0xb) at pc=0x00007f37cf0a7a1f, pid=19799, tid=139877673449216
#
# JRE version: 6.0_24-b24
# Java VM: OpenJDK 64-Bit Server VM (20.0-b12 mixed mode linux-amd64 compressed oops)
# Derivative: IcedTea6 1.11.5
# Distribution: Fedora release 16 (Verne), package fedora-68.1.11.5.fc16-x86_64
# Problematic frame:
# C  [javalibusb13155343886258650615+0xba1f]  libusb_get_next_timeout+0x30
#
# If you would like to submit a bug report, please include
# instructions how to reproduce the bug and visit:
#   http://icedtea.classpath.org/bugzilla
# The crash happened outside the Java Virtual Machine in native code.
# See problematic frame for where to report the bug.
#

---------------  T H R E A D  ---------------

Current thread (0x00007f37d811e000):  JavaThread "Thread-1" [_thread_in_native, id=19825, stack(0x00007f37cef9b000,0x00007f37cf09c000)]

siginfo:si_signo=SIGSEGV: si_errno=0, si_code=1 (SEGV_MAPERR), si_addr=0x00000000000001c0

Registers:
RAX=0x0000000000000000, RBX=0x000000077d7398e0, RCX=0x00007f37cf09a590, RDX=0x00007f37cf09a510
RSP=0x00007f37cf09a490, RBP=0x00007f37cf09a4e0, RSI=0x00007f37cf09a510, RDI=0x0000000000000000
R8 =0x00007f37d80f7a18, R9 =0x0000000000004d71, R10=0x00007f37cf09a510, R11=0x0000000000000206
R12=0x0000000000000000, R13=0x000000077d7398e0, R14=0x00007f37cf09a870, R15=0x00007f37d811e000
RIP=0x00007f37cf0a7a1f, EFLAGS=0x0000000000010246, CSGSFS=0x0000000000000033, ERR=0x0000000000000004
  TRAPNO=0x000000000000000e

Top of Stack: (sp=0x00007f37cf09a490)
0x00007f37cf09a490:   00007f37cf09a510 0000000000000000
0x00007f37cf09a4a0:   0000000000000000 0000003e8100bf03
0x00007f37cf09a4b0:   0000000200000000 00007f37d80f7a40
0x00007f37cf09a4c0:   00007f37d80f7a18 0000000000000002
0x00007f37cf09a4d0:   00000000cf09a4f0 00007f37d811e000
0x00007f37cf09a4e0:   00007f37cf09a530 00007f37cf0a777d
0x00007f37cf09a4f0:   0000000000000000 00007f37cf09a550
0x00007f37cf09a500:   00007f37cf09a590 0000000000000000
0x00007f37cf09a510:   0000000050dfaf71 00007f37cf0a6fea
0x00007f37cf09a520:   00007f37d80f78b0 00007f37d80f78b0
0x00007f37cf09a530:   00007f37cf09a570 00007f37cf0a7865
0x00007f37cf09a540:   00007f37cf09a590 0000000000000000
0x00007f37cf09a550:   000000000000003c 0000000000000000
0x00007f37cf09a560:   00007f37cf09a5a0 00000000cf0a67d3
0x00007f37cf09a570:   00007f37cf09a5a0 00007f37cf0a7957
0x00007f37cf09a580:   0000000084005b70 0000000000000000
0x00007f37cf09a590:   000000000000003c 0000000000000000
0x00007f37cf09a5a0:   00007f37cf09a610 00007f37cf0a85d0
0x00007f37cf09a5b0:   00007f37cf09a5fc 00007f3700000000
0x00007f37cf09a5c0:   00007f37d8106110 0000000000000002
0x00007f37cf09a5d0:   00007f37cf09a704 00007f3784005b70
0x00007f37cf09a5e0:   0000008100000014 00007f37d8106110
0x00007f37cf09a5f0:   0000000000000000 00000000cf09a620
0x00007f37cf09a600:   00007f3784004588 00000000d500585a
0x00007f37cf09a610:   00007f37cf09a660 00007f37cf0a8731
0x00007f37cf09a620:   0000000700000002 00000007d7d6dab8
0x00007f37cf09a630:   00007f37cf09a630 000000007d384bc1
0x00007f37cf09a640:   00007f37cf09a704 00007f3784005b70
0x00007f37cf09a650:   0000008100000014 00007f37d8106110
0x00007f37cf09a660:   00007f37cf09a6c0 00007f37cf0a3162
0x00007f37cf09a670:   00007f37cf09a704 0000000000000000
0x00007f37cf09a680:   000000077d7398e0 00000000cf09a870 

Instructions: (pc=0x00007f37cf0a7a1f)
0x00007f37cf0a79ff:   c7 45 f4 00 00 00 00 48 83 7d b8 00 75 0e 48 8b
0x00007f37cf0a7a0f:   05 1c 9c 20 00 48 8b 00 48 89 45 b8 48 8b 45 b8
0x00007f37cf0a7a1f:   8b 80 c0 01 00 00 85 c0 78 0a b8 00 00 00 00 e9
0x00007f37cf0a7a2f:   3d 02 00 00 48 8b 45 b8 48 05 90 00 00 00 48 89 

Register to memory mapping:

RAX=0x0000000000000000 is an unknown value
RBX=0x000000077d7398e0 is an oop
{method} 
 - klass: {other class}
RCX=0x00007f37cf09a590 is pointing into the stack for thread: 0x00007f37d811e000
RDX=0x00007f37cf09a510 is pointing into the stack for thread: 0x00007f37d811e000
RSP=0x00007f37cf09a490 is pointing into the stack for thread: 0x00007f37d811e000
RBP=0x00007f37cf09a4e0 is pointing into the stack for thread: 0x00007f37d811e000
RSI=0x00007f37cf09a510 is pointing into the stack for thread: 0x00007f37d811e000
RDI=0x0000000000000000 is an unknown value
R8 =0x00007f37d80f7a18 is an unknown value
R9 =0x0000000000004d71 is an unknown value
R10=0x00007f37cf09a510 is pointing into the stack for thread: 0x00007f37d811e000
R11=0x0000000000000206 is an unknown value
R12=0x0000000000000000 is an unknown value
R13=0x000000077d7398e0 is an oop
{method} 
 - klass: {other class}
R14=0x00007f37cf09a870 is pointing into the stack for thread: 0x00007f37d811e000
R15=0x00007f37d811e000 is a thread


Stack: [0x00007f37cef9b000,0x00007f37cf09c000],  sp=0x00007f37cf09a490,  free space=1021k
Native frames: (J=compiled Java code, j=interpreted, Vv=VM code, C=native code)
C  [javalibusb13155343886258650615+0xba1f]  libusb_get_next_timeout+0x30
C  [javalibusb13155343886258650615+0xb77d]
C  [javalibusb13155343886258650615+0xb865]  libusb_handle_events_timeout+0x3c
C  [javalibusb13155343886258650615+0xb957]  libusb_handle_events+0x2f
C  [javalibusb13155343886258650615+0xc5d0]
C  [javalibusb13155343886258650615+0xc731]  libusb_bulk_transfer+0x4c
C  [javalibusb13155343886258650615+0x7162]  usbw_bulk_transfer+0x86
C  [javalibusb13155343886258650615+0x6045]
C  [javalibusb13155343886258650615+0x61b2]  Java_javalibusb1_libusb1_bulk_1transfer+0x5e
j  javalibusb1.libusb1.bulk_transfer(JB[BIIJ)I+0
j  javalibusb1.Libusb1UsbPipe.internalSyncSubmit(Ljavax/usb/UsbIrp;)I+143
j  javalibusb1.Libusb1UsbPipe.syncSubmit([B)I+17
j  org.cowboycoders.ant.interfaces.AntTransceiver$UsbReader.run()V+28
v  ~StubRoutines::call_stub
V  [libjvm.so+0x4af5af]  AsyncGetCallTrace+0xa055f
V  [libjvm.so+0x4ae9e5]  AsyncGetCallTrace+0x9f995
V  [libjvm.so+0x4aeee3]  AsyncGetCallTrace+0x9fe93
V  [libjvm.so+0x4af00f]  AsyncGetCallTrace+0x9ffbf
V  [libjvm.so+0x4e7dd6]  JNI_GetCreatedJavaVMs+0x17286
V  [libjvm.so+0x74e9b4]  JVM_handle_linux_signal+0xfb3a4
V  [libjvm.so+0x64e552]  numa_error+0x2f2

Java frames: (J=compiled Java code, j=interpreted, Vv=VM code)
j  javalibusb1.libusb1.bulk_transfer(JB[BIIJ)I+0
j  javalibusb1.Libusb1UsbPipe.internalSyncSubmit(Ljavax/usb/UsbIrp;)I+143
j  javalibusb1.Libusb1UsbPipe.syncSubmit([B)I+17
j  org.cowboycoders.ant.interfaces.AntTransceiver$UsbReader.run()V+28
v  ~StubRoutines::call_stub

---------------  P R O C E S S  ---------------

Java Threads: ( => current thread )
=>0x00007f37d811e000 JavaThread "Thread-1" [_thread_in_native, id=19825, stack(0x00007f37cef9b000,0x00007f37cf09c000)]
  0x00007f37d809e000 JavaThread "Low Memory Detector" daemon [_thread_blocked, id=19817, stack(0x00007f37cf6f7000,0x00007f37cf7f8000)]
  0x00007f37d809c000 JavaThread "C2 CompilerThread1" daemon [_thread_blocked, id=19816, stack(0x00007f37cf7f8000,0x00007f37cf8f9000)]
  0x00007f37d8099000 JavaThread "C2 CompilerThread0" daemon [_thread_blocked, id=19815, stack(0x00007f37cf8f9000,0x00007f37cf9fa000)]
  0x00007f37d8097800 JavaThread "Signal Dispatcher" daemon [_thread_blocked, id=19813, stack(0x00007f37cf9fa000,0x00007f37cfafb000)]
  0x00007f37d8078800 JavaThread "Finalizer" daemon [_thread_blocked, id=19812, stack(0x00007f37cfafb000,0x00007f37cfbfc000)]
  0x00007f37d8076800 JavaThread "Reference Handler" daemon [_thread_blocked, id=19811, stack(0x00007f37cfbfc000,0x00007f37cfcfd000)]
  0x00007f37d8008000 JavaThread "main" [_thread_blocked, id=19805, stack(0x00007f37dca5c000,0x00007f37dcb5d000)]

Other Threads:
  0x00007f37d806f800 VMThread [stack: 0x00007f37cfcfd000,0x00007f37cfdfe000] [id=19810]

VM state:at safepoint (normal execution)

VM Mutex/Monitor currently owned by a thread:  ([mutex/lock_event])
[0x00007f37d8005900] Threads_lock - owner thread: 0x00007f37d806f800

Heap
 PSYoungGen      total 35968K, used 7417K [0x00000007d7d60000, 0x00000007da580000, 0x0000000800000000)
  eden space 30848K, 24% used [0x00000007d7d60000,0x00000007d849e738,0x00000007d9b80000)
  from space 5120K, 0% used [0x00000007da080000,0x00000007da080000,0x00000007da580000)
  to   space 5120K, 0% used [0x00000007d9b80000,0x00000007d9b80000,0x00000007da080000)
 PSOldGen        total 82304K, used 0K [0x0000000787800000, 0x000000078c860000, 0x00000007d7d60000)
  object space 82304K, 0% used [0x0000000787800000,0x0000000787800000,0x000000078c860000)
 PSPermGen       total 21248K, used 6242K [0x000000077d200000, 0x000000077e6c0000, 0x0000000787800000)
  object space 21248K, 29% used [0x000000077d200000,0x000000077d818ac0,0x000000077e6c0000)

Code Cache  [0x00007f37d5000000, 0x00007f37d5270000, 0x00007f37d8000000)
 total_blobs=238 nmethods=17 adapters=176 free_code_cache=49879296 largest_free_block=8896

Dynamic libraries:
00400000-00408000 r-xp 00000000 08:12 656757                             /usr/lib/jvm/java-1.6.0-openjdk-1.6.0.0.x86_64/bin/java
00608000-00609000 rw-p 00008000 08:12 656757                             /usr/lib/jvm/java-1.6.0-openjdk-1.6.0.0.x86_64/bin/java
018d3000-018f4000 rw-p 00000000 00:00 0                                  [heap]
77d200000-77e6c0000 rw-p 00000000 00:00 0 
77e6c0000-787800000 rw-p 00000000 00:00 0 
787800000-78c860000 rw-p 00000000 00:00 0 
78c860000-7d7d60000 rw-p 00000000 00:00 0 
7d7d60000-7da580000 rw-p 00000000 00:00 0 
7da580000-800000000 rw-p 00000000 00:00 0 
301c000000-301c0e8000 r-xp 00000000 08:12 175699                         /usr/lib64/libstdc++.so.6.0.16
301c0e8000-301c2e8000 ---p 000e8000 08:12 175699                         /usr/lib64/libstdc++.so.6.0.16
301c2e8000-301c2f0000 r--p 000e8000 08:12 175699                         /usr/lib64/libstdc++.so.6.0.16
301c2f0000-301c2f2000 rw-p 000f0000 08:12 175699                         /usr/lib64/libstdc++.so.6.0.16
301c2f2000-301c307000 rw-p 00000000 00:00 0 
33a8200000-33a8215000 r-xp 00000000 08:12 183304                         /lib64/libgcc_s-4.6.3-20120306.so.1
33a8215000-33a8414000 ---p 00015000 08:12 183304                         /lib64/libgcc_s-4.6.3-20120306.so.1
33a8414000-33a8415000 rw-p 00014000 08:12 183304                         /lib64/libgcc_s-4.6.3-20120306.so.1
3757a00000-3757a04000 r-xp 00000000 08:12 655544                         /usr/lib/jvm/java-1.6.0-openjdk-1.6.0.0.x86_64/jre/lib/amd64/jli/libjli.so
3757a04000-3757c03000 ---p 00004000 08:12 655544                         /usr/lib/jvm/java-1.6.0-openjdk-1.6.0.0.x86_64/jre/lib/amd64/jli/libjli.so
3757c03000-3757c04000 rw-p 00003000 08:12 655544                         /usr/lib/jvm/java-1.6.0-openjdk-1.6.0.0.x86_64/jre/lib/amd64/jli/libjli.so
3e80400000-3e80422000 r-xp 00000000 08:12 141289                         /lib64/ld-2.14.90.so
3e80621000-3e80622000 r--p 00021000 08:12 141289                         /lib64/ld-2.14.90.so
3e80622000-3e80623000 rw-p 00022000 08:12 141289                         /lib64/ld-2.14.90.so
3e80623000-3e80624000 rw-p 00000000 00:00 0 
3e80800000-3e809ad000 r-xp 00000000 08:12 155199                         /lib64/libc-2.14.90.so
3e809ad000-3e80bad000 ---p 001ad000 08:12 155199                         /lib64/libc-2.14.90.so
3e80bad000-3e80bb1000 r--p 001ad000 08:12 155199                         /lib64/libc-2.14.90.so
3e80bb1000-3e80bb3000 rw-p 001b1000 08:12 155199                         /lib64/libc-2.14.90.so
3e80bb3000-3e80bb8000 rw-p 00000000 00:00 0 
3e80c00000-3e80c83000 r-xp 00000000 08:12 161044                         /lib64/libm-2.14.90.so
3e80c83000-3e80e82000 ---p 00083000 08:12 161044                         /lib64/libm-2.14.90.so
3e80e82000-3e80e83000 r--p 00082000 08:12 161044                         /lib64/libm-2.14.90.so
3e80e83000-3e80e84000 rw-p 00083000 08:12 161044                         /lib64/libm-2.14.90.so
3e81000000-3e81017000 r-xp 00000000 08:12 178385                         /lib64/libpthread-2.14.90.so
3e81017000-3e81216000 ---p 00017000 08:12 178385                         /lib64/libpthread-2.14.90.so
3e81216000-3e81217000 r--p 00016000 08:12 178385                         /lib64/libpthread-2.14.90.so
3e81217000-3e81218000 rw-p 00017000 08:12 178385                         /lib64/libpthread-2.14.90.so
3e81218000-3e8121c000 rw-p 00000000 00:00 0 
3e81400000-3e81402000 r-xp 00000000 08:12 181146                         /lib64/libdl-2.14.90.so
3e81402000-3e81602000 ---p 00002000 08:12 181146                         /lib64/libdl-2.14.90.so
3e81602000-3e81603000 r--p 00002000 08:12 181146                         /lib64/libdl-2.14.90.so
3e81603000-3e81604000 rw-p 00003000 08:12 181146                         /lib64/libdl-2.14.90.so
3e81c00000-3e81c07000 r-xp 00000000 08:12 181147                         /lib64/librt-2.14.90.so
3e81c07000-3e81e06000 ---p 00007000 08:12 181147                         /lib64/librt-2.14.90.so
3e81e06000-3e81e07000 r--p 00006000 08:12 181147                         /lib64/librt-2.14.90.so
3e81e07000-3e81e08000 rw-p 00007000 08:12 181147                         /lib64/librt-2.14.90.so
3e82000000-3e82017000 r-xp 00000000 08:12 181145                         /lib64/libz.so.1.2.5
3e82017000-3e82216000 ---p 00017000 08:12 181145                         /lib64/libz.so.1.2.5
3e82216000-3e82217000 rw-p 00016000 08:12 181145                         /lib64/libz.so.1.2.5
3e95c00000-3e95c17000 r-xp 00000000 08:12 174108                         /lib64/libnsl-2.14.90.so
3e95c17000-3e95e16000 ---p 00017000 08:12 174108                         /lib64/libnsl-2.14.90.so
3e95e16000-3e95e17000 r--p 00016000 08:12 174108                         /lib64/libnsl-2.14.90.so
3e95e17000-3e95e18000 rw-p 00017000 08:12 174108                         /lib64/libnsl-2.14.90.so
3e95e18000-3e95e1a000 rw-p 00000000 00:00 0 
7f3784000000-7f3784022000 rw-p 00000000 00:00 0 
7f3784022000-7f3788000000 ---p 00000000 00:00 0 
7f378c000000-7f378c021000 rw-p 00000000 00:00 0 
7f378c021000-7f3790000000 ---p 00000000 00:00 0 
7f3790000000-7f3790021000 rw-p 00000000 00:00 0 
7f3790021000-7f3794000000 ---p 00000000 00:00 0 
7f3794000000-7f379416f000 rw-p 00000000 00:00 0 
7f379416f000-7f3798000000 ---p 00000000 00:00 0 
7f3798000000-7f3798021000 rw-p 00000000 00:00 0 
7f3798021000-7f379c000000 ---p 00000000 00:00 0 
7f379c000000-7f379c214000 rw-p 00000000 00:00 0 
7f379c214000-7f37a0000000 ---p 00000000 00:00 0 
7f37a1bdd000-7f37a8000000 r--p 00000000 08:12 181139                     /usr/lib/locale/locale-archive
7f37a8000000-7f37a8021000 rw-p 00000000 00:00 0 
7f37a8021000-7f37ac000000 ---p 00000000 00:00 0 
7f37ac000000-7f37ac021000 rw-p 00000000 00:00 0 
7f37ac021000-7f37b0000000 ---p 00000000 00:00 0 
7f37b0000000-7f37b0021000 rw-p 00000000 00:00 0 
7f37b0021000-7f37b4000000 ---p 00000000 00:00 0 
7f37b4000000-7f37b4021000 rw-p 00000000 00:00 0 
7f37b4021000-7f37b8000000 ---p 00000000 00:00 0 
7f37b8000000-7f37b8021000 rw-p 00000000 00:00 0 
7f37b8021000-7f37bc000000 ---p 00000000 00:00 0 
7f37c0000000-7f37c0021000 rw-p 00000000 00:00 0 
7f37c0021000-7f37c4000000 ---p 00000000 00:00 0 
7f37c8000000-7f37c8021000 rw-p 00000000 00:00 0 
7f37c8021000-7f37cc000000 ---p 00000000 00:00 0 
7f37cef9b000-7f37cef9e000 ---p 00000000 00:00 0 
7f37cef9e000-7f37cf09c000 rw-p 00000000 00:00 0                          [stack:19825]
7f37cf09c000-7f37cf0b2000 r-xp 00000000 fd:03 96                         /tmp/javalibusb13155343886258650615 (deleted)
7f37cf0b2000-7f37cf2b1000 ---p 00016000 fd:03 96                         /tmp/javalibusb13155343886258650615 (deleted)
7f37cf2b1000-7f37cf2b2000 rw-p 00015000 fd:03 96                         /tmp/javalibusb13155343886258650615 (deleted)
7f37cf2b2000-7f37cf2b5000 ---p 00000000 00:00 0 
7f37cf2b5000-7f37cf3b3000 rw-p 00000000 00:00 0 
7f37cf3b3000-7f37cf3c7000 r-xp 00000000 08:12 656092                     /usr/lib/jvm/java-1.6.0-openjdk-1.6.0.0.x86_64/jre/lib/amd64/libnet.so
7f37cf3c7000-7f37cf5c7000 ---p 00014000 08:12 656092                     /usr/lib/jvm/java-1.6.0-openjdk-1.6.0.0.x86_64/jre/lib/amd64/libnet.so
7f37cf5c7000-7f37cf5c8000 rw-p 00014000 08:12 656092                     /usr/lib/jvm/java-1.6.0-openjdk-1.6.0.0.x86_64/jre/lib/amd64/libnet.so
7f37cf5c8000-7f37cf5ca000 r--s 00004000 fd:06 165548852                  /home/will/code/javax-usb-libusb1/javalibusb1/target/javalibusb1-1.0.1-1-SNAPSHOT.jar
7f37cf5ca000-7f37cf5cb000 r--s 00000000 fd:06 165548842                  /home/will/code/javax-usb-libusb1/javalibusb1/target/javalibusb1-1.0.1-1-SNAPSHOT-noarch.nar
7f37cf5cb000-7f37cf5cc000 r--s 0000d000 fd:06 165548843                  /home/will/code/javax-usb-libusb1/javalibusb1/target/javalibusb1-1.0.1-1-SNAPSHOT-amd64-Linux-gpp-jni.nar
7f37cf5cc000-7f37cf5cf000 r--s 00018000 fd:06 31723038                   /home/will/.m2/repository/commons-io/commons-io/1.4/commons-io-1.4.jar
7f37cf5cf000-7f37cf5d1000 r--s 00006000 fd:06 31722874                   /home/will/.m2/repository/no/hackaton/usb/javax.usb/1.0.1-1-SNAPSHOT/javax.usb-1.0.1-1-SNAPSHOT.jar
7f37cf5d1000-7f37cf5d7000 r--s 00033000 fd:06 31589739                   /home/will/.m2/repository/junit/junit/4.7/junit-4.7.jar
7f37cf5d7000-7f37cf5e0000 r--s 0004d000 fd:06 31722302                   /home/will/code/android-progs/org.cowboycoders.ant.autosharedchannel.ANTPlusDemo/libs/android-support-v4.jar
7f37cf5e0000-7f37cf5e1000 r--s 00000000 fd:06 30147934                   /home/will/android-sdks/tools/support/annotations.jar
7f37cf5e1000-7f37cf5e2000 r--s 00005000 fd:06 31722303                   /home/will/code/android-progs/org.cowboycoders.ant.autosharedchannel.ANTPlusDemo/libs/antlib.jar
7f37cf5e2000-7f37cf5e4000 r--s 00007000 08:12 656915                     /usr/share/java/hamcrest/core-1.1.jar
7f37cf5e4000-7f37cf5eb000 r--s 00034000 08:12 535962                     /usr/share/java/junit4-4.8.2.jar
7f37cf5eb000-7f37cf5ed000 r--s 0000f000 08:12 664695                     /usr/lib/jvm/java-1.6.0-openjdk-1.6.0.0.x86_64/jre/lib/ext/pulse-java.jar
7f37cf5ed000-7f37cf5f6000 r--s 00065000 08:12 671041                     /usr/lib/jvm/java-1.6.0-openjdk-1.6.0.0.x86_64/jre/lib/ext/gnome-java-bridge.jar
7f37cf5f6000-7f37cf5f7000 ---p 00000000 00:00 0 
7f37cf5f7000-7f37cf6f7000 rw-p 00000000 00:00 0 
7f37cf6f7000-7f37cf6fa000 ---p 00000000 00:00 0 
7f37cf6fa000-7f37cf7f8000 rw-p 00000000 00:00 0                          [stack:19817]
7f37cf7f8000-7f37cf7fb000 ---p 00000000 00:00 0 
7f37cf7fb000-7f37cf8f9000 rw-p 00000000 00:00 0                          [stack:19816]
7f37cf8f9000-7f37cf8fc000 ---p 00000000 00:00 0 
7f37cf8fc000-7f37cf9fa000 rw-p 00000000 00:00 0                          [stack:19815]
7f37cf9fa000-7f37cf9fd000 ---p 00000000 00:00 0 
7f37cf9fd000-7f37cfafb000 rw-p 00000000 00:00 0                          [stack:19813]
7f37cfafb000-7f37cfafe000 ---p 00000000 00:00 0 
7f37cfafe000-7f37cfbfc000 rw-p 00000000 00:00 0                          [stack:19812]
7f37cfbfc000-7f37cfbff000 ---p 00000000 00:00 0 
7f37cfbff000-7f37cfcfd000 rw-p 00000000 00:00 0                          [stack:19811]
7f37cfcfd000-7f37cfcfe000 ---p 00000000 00:00 0 
7f37cfcfe000-7f37d0000000 rw-p 00000000 00:00 0                          [stack:19810]
7f37d0000000-7f37d0021000 rw-p 00000000 00:00 0 
7f37d0021000-7f37d4000000 ---p 00000000 00:00 0 
7f37d40cc000-7f37d43cf000 rw-p 00000000 00:00 0 
7f37d43cf000-7f37d4561000 r--s 037c2000 08:12 656181                     /usr/lib/jvm/java-1.6.0-openjdk-1.6.0.0.x86_64/jre/lib/rt.jar
7f37d4561000-7f37d4562000 ---p 00000000 00:00 0 
7f37d4562000-7f37d4662000 rw-p 00000000 00:00 0                          [stack:19809]
7f37d4662000-7f37d4663000 ---p 00000000 00:00 0 
7f37d4663000-7f37d4763000 rw-p 00000000 00:00 0                          [stack:19808]
7f37d4763000-7f37d4764000 ---p 00000000 00:00 0 
7f37d4764000-7f37d4864000 rw-p 00000000 00:00 0                          [stack:19807]
7f37d4864000-7f37d4865000 ---p 00000000 00:00 0 
7f37d4865000-7f37d498e000 rw-p 00000000 00:00 0                          [stack:19806]
7f37d498e000-7f37d4be8000 rw-p 00000000 00:00 0 
7f37d4be8000-7f37d4bf3000 rw-p 00000000 00:00 0 
7f37d4bf3000-7f37d4c3b000 rw-p 00000000 00:00 0 
7f37d4c3b000-7f37d4c64000 rw-p 00000000 00:00 0 
7f37d4c64000-7f37d4ebd000 rw-p 00000000 00:00 0 
7f37d4ebd000-7f37d4ed2000 rw-p 00000000 00:00 0 
7f37d4ed2000-7f37d4fff000 rw-p 00000000 00:00 0 
7f37d4fff000-7f37d5000000 rw-p 00000000 00:00 0 
7f37d5000000-7f37d5270000 rwxp 00000000 00:00 0 
7f37d5270000-7f37d8169000 rw-p 00000000 00:00 0 
7f37d8169000-7f37dc000000 ---p 00000000 00:00 0 
7f37dc066000-7f37dc0d5000 rw-p 00000000 00:00 0 
7f37dc0d5000-7f37dc11d000 rw-p 00000000 00:00 0 
7f37dc11d000-7f37dc127000 rw-p 00000000 00:00 0 
7f37dc127000-7f37dc1dd000 rw-p 00000000 00:00 0 
7f37dc1dd000-7f37dc1e4000 r-xp 00000000 08:12 671038                     /usr/lib/jvm/java-1.6.0-openjdk-1.6.0.0.x86_64/jre/lib/amd64/libzip.so
7f37dc1e4000-7f37dc3e3000 ---p 00007000 08:12 671038                     /usr/lib/jvm/java-1.6.0-openjdk-1.6.0.0.x86_64/jre/lib/amd64/libzip.so
7f37dc3e3000-7f37dc3e4000 rw-p 00006000 08:12 671038                     /usr/lib/jvm/java-1.6.0-openjdk-1.6.0.0.x86_64/jre/lib/amd64/libzip.so
7f37dc3e4000-7f37dc3f0000 r-xp 00000000 08:12 179708                     /lib64/libnss_files-2.14.90.so
7f37dc3f0000-7f37dc5ef000 ---p 0000c000 08:12 179708                     /lib64/libnss_files-2.14.90.so
7f37dc5ef000-7f37dc5f0000 r--p 0000b000 08:12 179708                     /lib64/libnss_files-2.14.90.so
7f37dc5f0000-7f37dc5f1000 rw-p 0000c000 08:12 179708                     /lib64/libnss_files-2.14.90.so
7f37dc5f6000-7f37dc61e000 rw-p 00000000 00:00 0 
7f37dc61e000-7f37dc64a000 r-xp 00000000 08:12 656081                     /usr/lib/jvm/java-1.6.0-openjdk-1.6.0.0.x86_64/jre/lib/amd64/libjava.so
7f37dc64a000-7f37dc849000 ---p 0002c000 08:12 656081                     /usr/lib/jvm/java-1.6.0-openjdk-1.6.0.0.x86_64/jre/lib/amd64/libjava.so
7f37dc849000-7f37dc84d000 rw-p 0002b000 08:12 656081                     /usr/lib/jvm/java-1.6.0-openjdk-1.6.0.0.x86_64/jre/lib/amd64/libjava.so
7f37dc84d000-7f37dc85b000 r-xp 00000000 08:12 656100                     /usr/lib/jvm/java-1.6.0-openjdk-1.6.0.0.x86_64/jre/lib/amd64/libverify.so
7f37dc85b000-7f37dca5a000 ---p 0000e000 08:12 656100                     /usr/lib/jvm/java-1.6.0-openjdk-1.6.0.0.x86_64/jre/lib/amd64/libverify.so
7f37dca5a000-7f37dca5c000 rw-p 0000d000 08:12 656100                     /usr/lib/jvm/java-1.6.0-openjdk-1.6.0.0.x86_64/jre/lib/amd64/libverify.so
7f37dca5c000-7f37dca5f000 ---p 00000000 00:00 0 
7f37dca5f000-7f37dcb5d000 rw-p 00000000 00:00 0                          [stack:19805]
7f37dcb5d000-7f37dd463000 r-xp 00000000 08:12 664693                     /usr/lib/jvm/java-1.6.0-openjdk-1.6.0.0.x86_64/jre/lib/amd64/server/libjvm.so
7f37dd463000-7f37dd663000 ---p 00906000 08:12 664693                     /usr/lib/jvm/java-1.6.0-openjdk-1.6.0.0.x86_64/jre/lib/amd64/server/libjvm.so
7f37dd663000-7f37dd6fe000 rw-p 00906000 08:12 664693                     /usr/lib/jvm/java-1.6.0-openjdk-1.6.0.0.x86_64/jre/lib/amd64/server/libjvm.so
7f37dd6fe000-7f37dd72c000 rw-p 00000000 00:00 0 
7f37dd748000-7f37dd74b000 r--s 00077000 08:12 671042                     /usr/lib/jvm/java-1.6.0-openjdk-1.6.0.0.x86_64/jre/lib/ext/localedata.jar
7f37dd74b000-7f37dd74f000 r--s 0007d000 08:12 656654                     /usr/lib/jvm/java-1.6.0-openjdk-1.6.0.0.x86_64/jre/lib/jsse.jar
7f37dd74f000-7f37dd757000 rw-s 00000000 fd:03 1044489                    /tmp/hsperfdata_will/19799
7f37dd757000-7f37dd758000 rw-p 00000000 00:00 0 
7f37dd758000-7f37dd759000 ---p 00000000 00:00 0 
7f37dd759000-7f37dd75a000 rw-p 00000000 00:00 0 
7fffd89eb000-7fffd8a0d000 rw-p 00000000 00:00 0                          [stack]
7fffd8bfe000-7fffd8bff000 r-xp 00000000 00:00 0                          [vdso]
ffffffffff600000-ffffffffff601000 r-xp 00000000 00:00 0                  [vsyscall]

VM Arguments:
jvm_args: -Dfile.encoding=UTF-8 
java_command: org.eclipse.jdt.internal.junit.runner.RemoteTestRunner -version 3 -port 42835 -testLoaderClass org.eclipse.jdt.internal.junit4.runner.JUnit4TestLoader -loaderpluginname org.eclipse.jdt.junit4.runtime -classNames AntTransceiverTest
Launcher Type: SUN_STANDARD

Environment Variables:
PATH=/usr/lib64/qt-3.3/bin:/usr/NX/bin:/usr/lib64/ccache:/usr/local/bin:/usr/bin:/bin:/usr/local/sbin:/usr/sbin:/sbin:/home/will/.local/bin:/home/will/bin
USERNAME=will
LD_LIBRARY_PATH=/usr/lib/jvm/java-1.6.0-openjdk-1.6.0.0.x86_64/jre/lib/amd64/server:/usr/lib/jvm/java-1.6.0-openjdk-1.6.0.0.x86_64/jre/lib/amd64:/usr/lib/jvm/java-1.6.0-openjdk-1.6.0.0.x86_64/jre/../lib/amd64
SHELL=/bin/bash
DISPLAY=:0

Signal Handlers:
SIGSEGV: [libjvm.so+0x786a80], sa_mask[0]=0x7ffbfeff, sa_flags=0x10000004
SIGBUS: [libjvm.so+0x786a80], sa_mask[0]=0x7ffbfeff, sa_flags=0x10000004
SIGFPE: [libjvm.so+0x64b0c0], sa_mask[0]=0x7ffbfeff, sa_flags=0x10000004
SIGPIPE: [libjvm.so+0x64b0c0], sa_mask[0]=0x7ffbfeff, sa_flags=0x10000004
SIGXFSZ: [libjvm.so+0x64b0c0], sa_mask[0]=0x7ffbfeff, sa_flags=0x10000004
SIGILL: [libjvm.so+0x64b0c0], sa_mask[0]=0x7ffbfeff, sa_flags=0x10000004
SIGUSR1: SIG_DFL, sa_mask[0]=0x00000000, sa_flags=0x00000000
SIGUSR2: [libjvm.so+0x64b250], sa_mask[0]=0x00000004, sa_flags=0x10000004
SIGHUP: [libjvm.so+0x64dc00], sa_mask[0]=0x7ffbfeff, sa_flags=0x10000004
SIGINT: [libjvm.so+0x64dc00], sa_mask[0]=0x7ffbfeff, sa_flags=0x10000004
SIGTERM: [libjvm.so+0x64dc00], sa_mask[0]=0x7ffbfeff, sa_flags=0x10000004
SIGQUIT: [libjvm.so+0x64dc00], sa_mask[0]=0x7ffbfeff, sa_flags=0x10000004


---------------  S Y S T E M  ---------------

OS:Fedora release 16 (Verne)

uname:Linux 3.6.5-2.fc16.x86_64 #1 SMP Thu Nov 1 03:49:27 UTC 2012 x86_64
libc:glibc 2.14.90 NPTL 2.14.90 
rlimit: STACK 8192k, CORE 0k, NPROC 1024, NOFILE 4096, AS infinity
load average:0.22 0.24 0.35

/proc/meminfo:
MemTotal:        7896640 kB
MemFree:          317080 kB
Buffers:          829428 kB
Cached:          2103176 kB
SwapCached:        45380 kB
Active:          3452168 kB
Inactive:        2477160 kB
Active(anon):    2587880 kB
Inactive(anon):   995456 kB
Active(file):     864288 kB
Inactive(file):  1481704 kB
Unevictable:        3592 kB
Mlocked:            3592 kB
SwapTotal:      20479996 kB
SwapFree:       19329888 kB
Dirty:              1536 kB
Writeback:             0 kB
AnonPages:       2971068 kB
Mapped:           798620 kB
Shmem:            584328 kB
Slab:             798120 kB
SReclaimable:     738972 kB
SUnreclaim:        59148 kB
KernelStack:        5832 kB
PageTables:        71828 kB
NFS_Unstable:          0 kB
Bounce:                0 kB
WritebackTmp:          0 kB
CommitLimit:    24428316 kB
Committed_AS:    8285896 kB
VmallocTotal:   34359738367 kB
VmallocUsed:      395272 kB
VmallocChunk:   34359281036 kB
HardwareCorrupted:     0 kB
AnonHugePages:    620544 kB
HugePages_Total:       0
HugePages_Free:        0
HugePages_Rsvd:        0
HugePages_Surp:        0
Hugepagesize:       2048 kB
DirectMap4k:      133120 kB
DirectMap2M:     7974912 kB


CPU:total 4 (4 cores per cpu, 1 threads per core) family 6 model 42 stepping 7, cmov, cx8, fxsr, mmx, sse, sse2, sse3, ssse3, sse4.1, sse4.2, popcnt

Memory: 4k page, physical 7896640k(317080k free), swap 20479996k(19329888k free)

vm_info: OpenJDK 64-Bit Server VM (20.0-b12) for linux-amd64 JRE (1.6.0_24-b24), built on Oct 16 2012 20:23:14 by "mockbuild" with gcc 4.6.3 20120306 (Red Hat 4.6.3-2)

time: Sun Dec 30 03:04:21 2012
elapsed time: 1 seconds

