#
# A fatal error has been detected by the Java Runtime Environment:
#
#  SIGSEGV (0xb) at pc=0x00007f88a4df5a1f, pid=30866, tid=140224858330880
#
# JRE version: 6.0_24-b24
# Java VM: OpenJDK 64-Bit Server VM (20.0-b12 mixed mode linux-amd64 compressed oops)
# Derivative: IcedTea6 1.11.5
# Distribution: Fedora release 16 (Verne), package fedora-68.1.11.5.fc16-x86_64
# Problematic frame:
# C  [javalibusb18426617365063049595+0xba1f]  libusb_get_next_timeout+0x30
#
# If you would like to submit a bug report, please include
# instructions how to reproduce the bug and visit:
#   http://icedtea.classpath.org/bugzilla
# The crash happened outside the Java Virtual Machine in native code.
# See problematic frame for where to report the bug.
#

---------------  T H R E A D  ---------------

Current thread (0x00007f88a80c6000):  JavaThread "pool-1-thread-1" [_thread_in_native, id=30886, stack(0x00007f88a4ce9000,0x00007f88a4dea000)]

siginfo:si_signo=SIGSEGV: si_errno=0, si_code=1 (SEGV_MAPERR), si_addr=0x00007f88d14a26d8

Registers:
RAX=0x00007f88d14a2518, RBX=0x000000077d73bb70, RCX=0x00007f88a4de81c0, RDX=0x00007f88a4de8140
RSP=0x00007f88a4de80c0, RBP=0x00007f88a4de8110, RSI=0x00007f88a4de8140, RDI=0x00007f88d14a2518
R8 =0x00007f88a80c7088, R9 =0x00000000000078a6, R10=0x00007f88a4de8140, R11=0x0000000000000206
R12=0x0000000000000000, R13=0x000000077d73bb70, R14=0x00007f88a4de8498, R15=0x00007f88a80c6000
RIP=0x00007f88a4df5a1f, EFLAGS=0x0000000000010206, CSGSFS=0x0000000000000033, ERR=0x0000000000000004
  TRAPNO=0x000000000000000e

Top of Stack: (sp=0x00007f88a4de80c0)
0x00007f88a4de80c0:   00007f88a4de8140 00007f88d14a2518
0x00007f88a4de80d0:   0000000000000000 0000003e8100bf03
0x00007f88a4de80e0:   0000000500000000 00007f88a80c70b0
0x00007f88a4de80f0:   00007f88a80c7088 0000000000000005
0x00007f88a4de8100:   00000000a4de8120 00007f88a80c6000
0x00007f88a4de8110:   00007f88a4de8160 00007f88a4df577d
0x00007f88a4de8120:   0000000000000000 00007f88a4de8180
0x00007f88a4de8130:   00007f88a4de81c0 00007f88d14a2518
0x00007f88a4de8140:   0000000050dfcdec 00007f88a4df4fea
0x00007f88a4de8150:   00007f88a80c6f20 00007f88a80c6f20
0x00007f88a4de8160:   00007f88a4de81a0 00007f88a4df5865
0x00007f88a4de8170:   00007f88a4de81c0 00007f88d14a2518
0x00007f88a4de8180:   000000000000003c 0000000000000000
0x00007f88a4de8190:   00007f88a4de81d0 00000000a4df47d3
0x00007f88a4de81a0:   00007f88a4de81d0 00007f88a4df5957
0x00007f88a4de81b0:   000000005c005b70 00007f88d14a2518
0x00007f88a4de81c0:   000000000000003c 0000000000000000
0x00007f88a4de81d0:   00007f88a4de8240 00007f88a4df65d0
0x00007f88a4de81e0:   00007f88a4de822c 00007f8800000000
0x00007f88a4de81f0:   00007f88a80e0480 0000000000000002
0x00007f88a4de8200:   00007f88a4de8334 00007f885c005b70
0x00007f88a4de8210:   726f208100000017 00007f88a80e0480
0x00007f88a4de8220:   00007f88a500df5b 00000000d82b47d8
0x00007f88a4de8230:   00007f885c004628 00000000a4de8238
0x00007f88a4de8240:   00007f88a4de8290 00007f88a4df6731
0x00007f88a4de8250:   00007f8800000002 0000000000000000
0x00007f88a4de8260:   00007f88a4de82d8 000000007d2dae18
0x00007f88a4de8270:   00007f88a4de8334 00007f885c005b70
0x00007f88a4de8280:   0000008100000017 00007f88a80e0480
0x00007f88a4de8290:   00007f88a4de82f0 00007f88a4df1162
0x00007f88a4de82a0:   00007f88a4de8334 0000000000000000
0x00007f88a4de82b0:   000000077d73bb70 00000000a4de8498 

Instructions: (pc=0x00007f88a4df5a1f)
0x00007f88a4df59ff:   c7 45 f4 00 00 00 00 48 83 7d b8 00 75 0e 48 8b
0x00007f88a4df5a0f:   05 1c 9c 20 00 48 8b 00 48 89 45 b8 48 8b 45 b8
0x00007f88a4df5a1f:   8b 80 c0 01 00 00 85 c0 78 0a b8 00 00 00 00 e9
0x00007f88a4df5a2f:   3d 02 00 00 48 8b 45 b8 48 05 90 00 00 00 48 89 

Register to memory mapping:

RAX=0x00007f88d14a2518 is an unknown value
RBX=0x000000077d73bb70 is an oop
{method} 
 - klass: {other class}
RCX=0x00007f88a4de81c0 is pointing into the stack for thread: 0x00007f88a80c6000
RDX=0x00007f88a4de8140 is pointing into the stack for thread: 0x00007f88a80c6000
RSP=0x00007f88a4de80c0 is pointing into the stack for thread: 0x00007f88a80c6000
RBP=0x00007f88a4de8110 is pointing into the stack for thread: 0x00007f88a80c6000
RSI=0x00007f88a4de8140 is pointing into the stack for thread: 0x00007f88a80c6000
RDI=0x00007f88d14a2518 is an unknown value
R8 =0x00007f88a80c7088 is an unknown value
R9 =0x00000000000078a6 is an unknown value
R10=0x00007f88a4de8140 is pointing into the stack for thread: 0x00007f88a80c6000
R11=0x0000000000000206 is an unknown value
R12=0x0000000000000000 is an unknown value
R13=0x000000077d73bb70 is an oop
{method} 
 - klass: {other class}
R14=0x00007f88a4de8498 is pointing into the stack for thread: 0x00007f88a80c6000
R15=0x00007f88a80c6000 is a thread


Stack: [0x00007f88a4ce9000,0x00007f88a4dea000],  sp=0x00007f88a4de80c0,  free space=1020k
Native frames: (J=compiled Java code, j=interpreted, Vv=VM code, C=native code)
C  [javalibusb18426617365063049595+0xba1f]  libusb_get_next_timeout+0x30
C  [javalibusb18426617365063049595+0xb77d]
C  [javalibusb18426617365063049595+0xb865]  libusb_handle_events_timeout+0x3c
C  [javalibusb18426617365063049595+0xb957]  libusb_handle_events+0x2f
C  [javalibusb18426617365063049595+0xc5d0]
C  [javalibusb18426617365063049595+0xc731]  libusb_bulk_transfer+0x4c
C  [javalibusb18426617365063049595+0x7162]  usbw_bulk_transfer+0x86
C  [javalibusb18426617365063049595+0x6045]
C  [javalibusb18426617365063049595+0x61b2]  Java_javalibusb1_libusb1_bulk_1transfer+0x5e
j  javalibusb1.libusb1.bulk_transfer(JB[BIIJ)I+0
j  javalibusb1.Libusb1UsbPipe.internalSyncSubmit(Ljavax/usb/UsbIrp;)I+143
j  javalibusb1.Libusb1UsbPipe.syncSubmit([B)I+17
j  org.cowboycoders.ant.interfaces.AntTransceiver$UsbReader.run()V+28
j  java.util.concurrent.ThreadPoolExecutor.runWorker(Ljava/util/concurrent/ThreadPoolExecutor$Worker;)V+46
j  java.util.concurrent.ThreadPoolExecutor$Worker.run()V+5
j  java.lang.Thread.run()V+11
v  ~StubRoutines::call_stub
V  [libjvm.so+0x4af5af]  AsyncGetCallTrace+0xa055f
V  [libjvm.so+0x4ae9e5]  AsyncGetCallTrace+0x9f995
V  [libjvm.so+0x4aeee3]  AsyncGetCallTrace+0x9fe93
V  [libjvm.so+0x4af00f]  AsyncGetCallTrace+0x9ffbf
V  [libjvm.so+0x4e7dd6]  JNI_GetCreatedJavaVMs+0x17286
V  [libjvm.so+0x74e9b4]  JVM_handle_linux_signal+0xfb3a4
V  [libjvm.so+0x64e552]  numa_error+0x2f2

Java frames: (J=compiled Java code, j=interpreted, Vv=VM code)
j  javalibusb1.libusb1.bulk_transfer(JB[BIIJ)I+0
j  javalibusb1.Libusb1UsbPipe.internalSyncSubmit(Ljavax/usb/UsbIrp;)I+143
j  javalibusb1.Libusb1UsbPipe.syncSubmit([B)I+17
j  org.cowboycoders.ant.interfaces.AntTransceiver$UsbReader.run()V+28
j  java.util.concurrent.ThreadPoolExecutor.runWorker(Ljava/util/concurrent/ThreadPoolExecutor$Worker;)V+46
j  java.util.concurrent.ThreadPoolExecutor$Worker.run()V+5
j  java.lang.Thread.run()V+11
v  ~StubRoutines::call_stub

---------------  P R O C E S S  ---------------

Java Threads: ( => current thread )
  0x00007f884c001000 JavaThread "pool-1-thread-6" [_thread_blocked, id=30892, stack(0x00007f88a47e4000,0x00007f88a48e5000)]
  0x00007f8854003000 JavaThread "pool-1-thread-5" [_thread_blocked, id=30891, stack(0x00007f88a48e5000,0x00007f88a49e6000)]
  0x00007f8854002800 JavaThread "pool-1-thread-4" [_thread_blocked, id=30890, stack(0x00007f88a49e6000,0x00007f88a4ae7000)]
  0x00007f88a8147800 JavaThread "pool-1-thread-3" [_thread_blocked, id=30888, stack(0x00007f88a4ae7000,0x00007f88a4be8000)]
  0x00007f88a813e000 JavaThread "pool-1-thread-2" [_thread_blocked, id=30887, stack(0x00007f88a4be8000,0x00007f88a4ce9000)]
=>0x00007f88a80c6000 JavaThread "pool-1-thread-1" [_thread_in_native, id=30886, stack(0x00007f88a4ce9000,0x00007f88a4dea000)]
  0x00007f88a809e000 JavaThread "Low Memory Detector" daemon [_thread_blocked, id=30883, stack(0x00007f88ac523000,0x00007f88ac624000)]
  0x00007f88a809b800 JavaThread "C2 CompilerThread1" daemon [_thread_blocked, id=30882, stack(0x00007f88ac624000,0x00007f88ac725000)]
  0x00007f88a8099000 JavaThread "C2 CompilerThread0" daemon [_thread_blocked, id=30881, stack(0x00007f88ac725000,0x00007f88ac826000)]
  0x00007f88a8097800 JavaThread "Signal Dispatcher" daemon [_thread_blocked, id=30880, stack(0x00007f88ac826000,0x00007f88ac927000)]
  0x00007f88a8078000 JavaThread "Finalizer" daemon [_thread_blocked, id=30879, stack(0x00007f88ac927000,0x00007f88aca28000)]
  0x00007f88a8076800 JavaThread "Reference Handler" daemon [_thread_blocked, id=30878, stack(0x00007f88aca28000,0x00007f88acb29000)]
  0x00007f88a8008000 JavaThread "main" [_thread_blocked, id=30872, stack(0x00007f88ae725000,0x00007f88ae826000)]

Other Threads:
  0x00007f88a806f800 VMThread [stack: 0x00007f88acb29000,0x00007f88acc2a000] [id=30877]
  0x00007f88a80a0800 WatcherThread [stack: 0x00007f88ac422000,0x00007f88ac523000] [id=30884]

VM state:not at safepoint (normal execution)

VM Mutex/Monitor currently owned by a thread: None

Heap
 PSYoungGen      total 35968K, used 10518K [0x00000007d7d60000, 0x00000007da580000, 0x0000000800000000)
  eden space 30848K, 34% used [0x00000007d7d60000,0x00000007d87a5ac8,0x00000007d9b80000)
  from space 5120K, 0% used [0x00000007da080000,0x00000007da080000,0x00000007da580000)
  to   space 5120K, 0% used [0x00000007d9b80000,0x00000007d9b80000,0x00000007da080000)
 PSOldGen        total 82304K, used 0K [0x0000000787800000, 0x000000078c860000, 0x00000007d7d60000)
  object space 82304K, 0% used [0x0000000787800000,0x0000000787800000,0x000000078c860000)
 PSPermGen       total 21248K, used 6834K [0x000000077d200000, 0x000000077e6c0000, 0x0000000787800000)
  object space 21248K, 32% used [0x000000077d200000,0x000000077d8acb78,0x000000077e6c0000)

Code Cache  [0x00007f88a5000000, 0x00007f88a5270000, 0x00007f88a8000000)
 total_blobs=246 nmethods=18 adapters=183 free_code_cache=49874880 largest_free_block=12160

Dynamic libraries:
00400000-00408000 r-xp 00000000 08:12 656757                             /usr/lib/jvm/java-1.6.0-openjdk-1.6.0.0.x86_64/bin/java
00608000-00609000 rw-p 00008000 08:12 656757                             /usr/lib/jvm/java-1.6.0-openjdk-1.6.0.0.x86_64/bin/java
00c71000-00c92000 rw-p 00000000 00:00 0                                  [heap]
77d200000-77e6c0000 rw-p 00000000 00:00 0 
77e6c0000-787800000 rw-p 00000000 00:00 0 
787800000-78c860000 rw-p 00000000 00:00 0 
78c860000-7d7d60000 rw-p 00000000 00:00 0 
7d7d60000-7da580000 rw-p 00000000 00:00 0 
7da580000-800000000 rw-p 00000000 00:00 0 
301c000000-301c0e8000 r-xp 00000000 08:12 175699                         /usr/lib64/libstdc++.so.6.0.16
301c0e8000-301c2e8000 ---p 000e8000 08:12 175699                         /usr/lib64/libstdc++.so.6.0.16
301c2e8000-301c2f0000 r--p 000e8000 08:12 175699                         /usr/lib64/libstdc++.so.6.0.16
301c2f0000-301c2f2000 rw-p 000f0000 08:12 175699                         /usr/lib64/libstdc++.so.6.0.16
301c2f2000-301c307000 rw-p 00000000 00:00 0 
33a8200000-33a8215000 r-xp 00000000 08:12 183304                         /lib64/libgcc_s-4.6.3-20120306.so.1
33a8215000-33a8414000 ---p 00015000 08:12 183304                         /lib64/libgcc_s-4.6.3-20120306.so.1
33a8414000-33a8415000 rw-p 00014000 08:12 183304                         /lib64/libgcc_s-4.6.3-20120306.so.1
3757a00000-3757a04000 r-xp 00000000 08:12 655544                         /usr/lib/jvm/java-1.6.0-openjdk-1.6.0.0.x86_64/jre/lib/amd64/jli/libjli.so
3757a04000-3757c03000 ---p 00004000 08:12 655544                         /usr/lib/jvm/java-1.6.0-openjdk-1.6.0.0.x86_64/jre/lib/amd64/jli/libjli.so
3757c03000-3757c04000 rw-p 00003000 08:12 655544                         /usr/lib/jvm/java-1.6.0-openjdk-1.6.0.0.x86_64/jre/lib/amd64/jli/libjli.so
3e80400000-3e80422000 r-xp 00000000 08:12 141289                         /lib64/ld-2.14.90.so
3e80621000-3e80622000 r--p 00021000 08:12 141289                         /lib64/ld-2.14.90.so
3e80622000-3e80623000 rw-p 00022000 08:12 141289                         /lib64/ld-2.14.90.so
3e80623000-3e80624000 rw-p 00000000 00:00 0 
3e80800000-3e809ad000 r-xp 00000000 08:12 155199                         /lib64/libc-2.14.90.so
3e809ad000-3e80bad000 ---p 001ad000 08:12 155199                         /lib64/libc-2.14.90.so
3e80bad000-3e80bb1000 r--p 001ad000 08:12 155199                         /lib64/libc-2.14.90.so
3e80bb1000-3e80bb3000 rw-p 001b1000 08:12 155199                         /lib64/libc-2.14.90.so
3e80bb3000-3e80bb8000 rw-p 00000000 00:00 0 
3e80c00000-3e80c83000 r-xp 00000000 08:12 161044                         /lib64/libm-2.14.90.so
3e80c83000-3e80e82000 ---p 00083000 08:12 161044                         /lib64/libm-2.14.90.so
3e80e82000-3e80e83000 r--p 00082000 08:12 161044                         /lib64/libm-2.14.90.so
3e80e83000-3e80e84000 rw-p 00083000 08:12 161044                         /lib64/libm-2.14.90.so
3e81000000-3e81017000 r-xp 00000000 08:12 178385                         /lib64/libpthread-2.14.90.so
3e81017000-3e81216000 ---p 00017000 08:12 178385                         /lib64/libpthread-2.14.90.so
3e81216000-3e81217000 r--p 00016000 08:12 178385                         /lib64/libpthread-2.14.90.so
3e81217000-3e81218000 rw-p 00017000 08:12 178385                         /lib64/libpthread-2.14.90.so
3e81218000-3e8121c000 rw-p 00000000 00:00 0 
3e81400000-3e81402000 r-xp 00000000 08:12 181146                         /lib64/libdl-2.14.90.so
3e81402000-3e81602000 ---p 00002000 08:12 181146                         /lib64/libdl-2.14.90.so
3e81602000-3e81603000 r--p 00002000 08:12 181146                         /lib64/libdl-2.14.90.so
3e81603000-3e81604000 rw-p 00003000 08:12 181146                         /lib64/libdl-2.14.90.so
3e81c00000-3e81c07000 r-xp 00000000 08:12 181147                         /lib64/librt-2.14.90.so
3e81c07000-3e81e06000 ---p 00007000 08:12 181147                         /lib64/librt-2.14.90.so
3e81e06000-3e81e07000 r--p 00006000 08:12 181147                         /lib64/librt-2.14.90.so
3e81e07000-3e81e08000 rw-p 00007000 08:12 181147                         /lib64/librt-2.14.90.so
3e82000000-3e82017000 r-xp 00000000 08:12 181145                         /lib64/libz.so.1.2.5
3e82017000-3e82216000 ---p 00017000 08:12 181145                         /lib64/libz.so.1.2.5
3e82216000-3e82217000 rw-p 00016000 08:12 181145                         /lib64/libz.so.1.2.5
3e95c00000-3e95c17000 r-xp 00000000 08:12 174108                         /lib64/libnsl-2.14.90.so
3e95c17000-3e95e16000 ---p 00017000 08:12 174108                         /lib64/libnsl-2.14.90.so
3e95e16000-3e95e17000 r--p 00016000 08:12 174108                         /lib64/libnsl-2.14.90.so
3e95e17000-3e95e18000 rw-p 00017000 08:12 174108                         /lib64/libnsl-2.14.90.so
3e95e18000-3e95e1a000 rw-p 00000000 00:00 0 
7f884c000000-7f884c021000 rw-p 00000000 00:00 0 
7f884c021000-7f8850000000 ---p 00000000 00:00 0 
7f8850000000-7f8850021000 rw-p 00000000 00:00 0 
7f8850021000-7f8854000000 ---p 00000000 00:00 0 
7f8854000000-7f8854021000 rw-p 00000000 00:00 0 
7f8854021000-7f8858000000 ---p 00000000 00:00 0 
7f8858000000-7f8858021000 rw-p 00000000 00:00 0 
7f8858021000-7f885c000000 ---p 00000000 00:00 0 
7f885c000000-7f885c022000 rw-p 00000000 00:00 0 
7f885c022000-7f8860000000 ---p 00000000 00:00 0 
7f8860000000-7f8860021000 rw-p 00000000 00:00 0 
7f8860021000-7f8864000000 ---p 00000000 00:00 0 
7f8864000000-7f8864021000 rw-p 00000000 00:00 0 
7f8864021000-7f8868000000 ---p 00000000 00:00 0 
7f8868000000-7f8868021000 rw-p 00000000 00:00 0 
7f8868021000-7f886c000000 ---p 00000000 00:00 0 
7f886c000000-7f886c15c000 rw-p 00000000 00:00 0 
7f886c15c000-7f8870000000 ---p 00000000 00:00 0 
7f8870000000-7f8870021000 rw-p 00000000 00:00 0 
7f8870021000-7f8874000000 ---p 00000000 00:00 0 
7f8874000000-7f8874224000 rw-p 00000000 00:00 0 
7f8874224000-7f8878000000 ---p 00000000 00:00 0 
7f8879bdd000-7f8880000000 r--p 00000000 08:12 181139                     /usr/lib/locale/locale-archive
7f8880000000-7f8880021000 rw-p 00000000 00:00 0 
7f8880021000-7f8884000000 ---p 00000000 00:00 0 
7f8884000000-7f8884021000 rw-p 00000000 00:00 0 
7f8884021000-7f8888000000 ---p 00000000 00:00 0 
7f8888000000-7f8888021000 rw-p 00000000 00:00 0 
7f8888021000-7f888c000000 ---p 00000000 00:00 0 
7f888c000000-7f888c021000 rw-p 00000000 00:00 0 
7f888c021000-7f8890000000 ---p 00000000 00:00 0 
7f8890000000-7f8890021000 rw-p 00000000 00:00 0 
7f8890021000-7f8894000000 ---p 00000000 00:00 0 
7f8894000000-7f8894021000 rw-p 00000000 00:00 0 
7f8894021000-7f8898000000 ---p 00000000 00:00 0 
7f8898000000-7f8898021000 rw-p 00000000 00:00 0 
7f8898021000-7f889c000000 ---p 00000000 00:00 0 
7f88a0000000-7f88a0021000 rw-p 00000000 00:00 0 
7f88a0021000-7f88a4000000 ---p 00000000 00:00 0 
7f88a47e4000-7f88a47e7000 ---p 00000000 00:00 0 
7f88a47e7000-7f88a48e5000 rw-p 00000000 00:00 0                          [stack:30892]
7f88a48e5000-7f88a48e8000 ---p 00000000 00:00 0 
7f88a48e8000-7f88a49e6000 rw-p 00000000 00:00 0                          [stack:30891]
7f88a49e6000-7f88a49e9000 ---p 00000000 00:00 0 
7f88a49e9000-7f88a4ae7000 rw-p 00000000 00:00 0                          [stack:30890]
7f88a4ae7000-7f88a4aea000 ---p 00000000 00:00 0 
7f88a4aea000-7f88a4be8000 rw-p 00000000 00:00 0                          [stack:30888]
7f88a4be8000-7f88a4beb000 ---p 00000000 00:00 0 
7f88a4beb000-7f88a4ce9000 rw-p 00000000 00:00 0                          [stack:30887]
7f88a4ce9000-7f88a4cec000 ---p 00000000 00:00 0 
7f88a4cec000-7f88a4dea000 rw-p 00000000 00:00 0                          [stack:30886]
7f88a4dea000-7f88a4e00000 r-xp 00000000 fd:03 92                         /tmp/javalibusb18426617365063049595 (deleted)
7f88a4e00000-7f88a4fff000 ---p 00016000 fd:03 92                         /tmp/javalibusb18426617365063049595 (deleted)
7f88a4fff000-7f88a5000000 rw-p 00015000 fd:03 92                         /tmp/javalibusb18426617365063049595 (deleted)
7f88a5000000-7f88a5270000 rwxp 00000000 00:00 0 
7f88a5270000-7f88a815f000 rw-p 00000000 00:00 0 
7f88a815f000-7f88ac000000 ---p 00000000 00:00 0 
7f88ac0ce000-7f88ac0d1000 r--s 00077000 08:12 671042                     /usr/lib/jvm/java-1.6.0-openjdk-1.6.0.0.x86_64/jre/lib/ext/localedata.jar
7f88ac0d1000-7f88ac0d5000 r--s 0007d000 08:12 656654                     /usr/lib/jvm/java-1.6.0-openjdk-1.6.0.0.x86_64/jre/lib/jsse.jar
7f88ac0d5000-7f88ac0d8000 ---p 00000000 00:00 0 
7f88ac0d8000-7f88ac207000 rw-p 00000000 00:00 0 
7f88ac207000-7f88ac21b000 r-xp 00000000 08:12 656092                     /usr/lib/jvm/java-1.6.0-openjdk-1.6.0.0.x86_64/jre/lib/amd64/libnet.so
7f88ac21b000-7f88ac41b000 ---p 00014000 08:12 656092                     /usr/lib/jvm/java-1.6.0-openjdk-1.6.0.0.x86_64/jre/lib/amd64/libnet.so
7f88ac41b000-7f88ac41c000 rw-p 00014000 08:12 656092                     /usr/lib/jvm/java-1.6.0-openjdk-1.6.0.0.x86_64/jre/lib/amd64/libnet.so
7f88ac41c000-7f88ac422000 r--s 00033000 fd:06 31589739                   /home/will/.m2/repository/junit/junit/4.7/junit-4.7.jar
7f88ac422000-7f88ac423000 ---p 00000000 00:00 0 
7f88ac423000-7f88ac523000 rw-p 00000000 00:00 0                          [stack:30884]
7f88ac523000-7f88ac526000 ---p 00000000 00:00 0 
7f88ac526000-7f88ac624000 rw-p 00000000 00:00 0                          [stack:30883]
7f88ac624000-7f88ac627000 ---p 00000000 00:00 0 
7f88ac627000-7f88ac725000 rw-p 00000000 00:00 0                          [stack:30882]
7f88ac725000-7f88ac728000 ---p 00000000 00:00 0 
7f88ac728000-7f88ac826000 rw-p 00000000 00:00 0                          [stack:30881]
7f88ac826000-7f88ac829000 ---p 00000000 00:00 0 
7f88ac829000-7f88ac927000 rw-p 00000000 00:00 0                          [stack:30880]
7f88ac927000-7f88ac92a000 ---p 00000000 00:00 0 
7f88ac92a000-7f88aca28000 rw-p 00000000 00:00 0                          [stack:30879]
7f88aca28000-7f88aca2b000 ---p 00000000 00:00 0 
7f88aca2b000-7f88acb29000 rw-p 00000000 00:00 0                          [stack:30878]
7f88acb29000-7f88acb2a000 ---p 00000000 00:00 0 
7f88acb2a000-7f88ad162000 rw-p 00000000 00:00 0                          [stack:30877]
7f88ad162000-7f88ad2f4000 r--s 037c2000 08:12 656181                     /usr/lib/jvm/java-1.6.0-openjdk-1.6.0.0.x86_64/jre/lib/rt.jar
7f88ad2f4000-7f88ad2f5000 ---p 00000000 00:00 0 
7f88ad2f5000-7f88ad3f5000 rw-p 00000000 00:00 0                          [stack:30876]
7f88ad3f5000-7f88ad3f6000 ---p 00000000 00:00 0 
7f88ad3f6000-7f88ad4f6000 rw-p 00000000 00:00 0                          [stack:30875]
7f88ad4f6000-7f88ad4f7000 ---p 00000000 00:00 0 
7f88ad4f7000-7f88ad5f7000 rw-p 00000000 00:00 0                          [stack:30874]
7f88ad5f7000-7f88ad5f8000 ---p 00000000 00:00 0 
7f88ad5f8000-7f88ad703000 rw-p 00000000 00:00 0                          [stack:30873]
7f88ad703000-7f88ad74b000 rw-p 00000000 00:00 0 
7f88ad74b000-7f88ad774000 rw-p 00000000 00:00 0 
7f88ad774000-7f88ad9ce000 rw-p 00000000 00:00 0 
7f88ad9ce000-7f88ad9d9000 rw-p 00000000 00:00 0 
7f88ad9d9000-7f88ada21000 rw-p 00000000 00:00 0 
7f88ada21000-7f88ada4a000 rw-p 00000000 00:00 0 
7f88ada4a000-7f88adca3000 rw-p 00000000 00:00 0 
7f88adca3000-7f88adcb8000 rw-p 00000000 00:00 0 
7f88adcb8000-7f88adde5000 rw-p 00000000 00:00 0 
7f88adde5000-7f88addf0000 rw-p 00000000 00:00 0 
7f88addf0000-7f88adea6000 rw-p 00000000 00:00 0 
7f88adea6000-7f88adead000 r-xp 00000000 08:12 671038                     /usr/lib/jvm/java-1.6.0-openjdk-1.6.0.0.x86_64/jre/lib/amd64/libzip.so
7f88adead000-7f88ae0ac000 ---p 00007000 08:12 671038                     /usr/lib/jvm/java-1.6.0-openjdk-1.6.0.0.x86_64/jre/lib/amd64/libzip.so
7f88ae0ac000-7f88ae0ad000 rw-p 00006000 08:12 671038                     /usr/lib/jvm/java-1.6.0-openjdk-1.6.0.0.x86_64/jre/lib/amd64/libzip.so
7f88ae0ad000-7f88ae0b9000 r-xp 00000000 08:12 179708                     /lib64/libnss_files-2.14.90.so
7f88ae0b9000-7f88ae2b8000 ---p 0000c000 08:12 179708                     /lib64/libnss_files-2.14.90.so
7f88ae2b8000-7f88ae2b9000 r--p 0000b000 08:12 179708                     /lib64/libnss_files-2.14.90.so
7f88ae2b9000-7f88ae2ba000 rw-p 0000c000 08:12 179708                     /lib64/libnss_files-2.14.90.so
7f88ae2bc000-7f88ae2be000 r--s 00004000 fd:06 165548852                  /home/will/code/javax-usb-libusb1/javalibusb1/target/javalibusb1-1.0.1-1-SNAPSHOT.jar
7f88ae2be000-7f88ae2bf000 r--s 00000000 fd:06 165548842                  /home/will/code/javax-usb-libusb1/javalibusb1/target/javalibusb1-1.0.1-1-SNAPSHOT-noarch.nar
7f88ae2bf000-7f88ae2e7000 rw-p 00000000 00:00 0 
7f88ae2e7000-7f88ae313000 r-xp 00000000 08:12 656081                     /usr/lib/jvm/java-1.6.0-openjdk-1.6.0.0.x86_64/jre/lib/amd64/libjava.so
7f88ae313000-7f88ae512000 ---p 0002c000 08:12 656081                     /usr/lib/jvm/java-1.6.0-openjdk-1.6.0.0.x86_64/jre/lib/amd64/libjava.so
7f88ae512000-7f88ae516000 rw-p 0002b000 08:12 656081                     /usr/lib/jvm/java-1.6.0-openjdk-1.6.0.0.x86_64/jre/lib/amd64/libjava.so
7f88ae516000-7f88ae524000 r-xp 00000000 08:12 656100                     /usr/lib/jvm/java-1.6.0-openjdk-1.6.0.0.x86_64/jre/lib/amd64/libverify.so
7f88ae524000-7f88ae723000 ---p 0000e000 08:12 656100                     /usr/lib/jvm/java-1.6.0-openjdk-1.6.0.0.x86_64/jre/lib/amd64/libverify.so
7f88ae723000-7f88ae725000 rw-p 0000d000 08:12 656100                     /usr/lib/jvm/java-1.6.0-openjdk-1.6.0.0.x86_64/jre/lib/amd64/libverify.so
7f88ae725000-7f88ae728000 ---p 00000000 00:00 0 
7f88ae728000-7f88ae826000 rw-p 00000000 00:00 0                          [stack:30872]
7f88ae826000-7f88af12c000 r-xp 00000000 08:12 664693                     /usr/lib/jvm/java-1.6.0-openjdk-1.6.0.0.x86_64/jre/lib/amd64/server/libjvm.so
7f88af12c000-7f88af32c000 ---p 00906000 08:12 664693                     /usr/lib/jvm/java-1.6.0-openjdk-1.6.0.0.x86_64/jre/lib/amd64/server/libjvm.so
7f88af32c000-7f88af3c7000 rw-p 00906000 08:12 664693                     /usr/lib/jvm/java-1.6.0-openjdk-1.6.0.0.x86_64/jre/lib/amd64/server/libjvm.so
7f88af3c7000-7f88af3f5000 rw-p 00000000 00:00 0 
7f88af3f5000-7f88af3f6000 r--s 0000d000 fd:06 165548843                  /home/will/code/javax-usb-libusb1/javalibusb1/target/javalibusb1-1.0.1-1-SNAPSHOT-amd64-Linux-gpp-jni.nar
7f88af3f6000-7f88af3f9000 r--s 00018000 fd:06 31723038                   /home/will/.m2/repository/commons-io/commons-io/1.4/commons-io-1.4.jar
7f88af3f9000-7f88af402000 r--s 0004d000 fd:06 31722302                   /home/will/code/android-progs/org.cowboycoders.ant.autosharedchannel.ANTPlusDemo/libs/android-support-v4.jar
7f88af402000-7f88af403000 r--s 00000000 fd:06 30147934                   /home/will/android-sdks/tools/support/annotations.jar
7f88af403000-7f88af404000 r--s 00005000 fd:06 31722303                   /home/will/code/android-progs/org.cowboycoders.ant.autosharedchannel.ANTPlusDemo/libs/antlib.jar
7f88af404000-7f88af406000 r--s 00007000 08:12 656915                     /usr/share/java/hamcrest/core-1.1.jar
7f88af406000-7f88af40d000 r--s 00034000 08:12 535962                     /usr/share/java/junit4-4.8.2.jar
7f88af40d000-7f88af40f000 r--s 0000f000 08:12 664695                     /usr/lib/jvm/java-1.6.0-openjdk-1.6.0.0.x86_64/jre/lib/ext/pulse-java.jar
7f88af40f000-7f88af418000 r--s 00065000 08:12 671041                     /usr/lib/jvm/java-1.6.0-openjdk-1.6.0.0.x86_64/jre/lib/ext/gnome-java-bridge.jar
7f88af418000-7f88af420000 rw-s 00000000 fd:03 1044486                    /tmp/hsperfdata_will/30866
7f88af420000-7f88af421000 rw-p 00000000 00:00 0 
7f88af421000-7f88af422000 r--p 00000000 00:00 0 
7f88af422000-7f88af423000 rw-p 00000000 00:00 0 
7fff40699000-7fff406ba000 rw-p 00000000 00:00 0                          [stack]
7fff406c6000-7fff406c7000 r-xp 00000000 00:00 0                          [vdso]
ffffffffff600000-ffffffffff601000 r-xp 00000000 00:00 0                  [vsyscall]

VM Arguments:
jvm_args: -Dfile.encoding=UTF-8 
java_command: org.eclipse.jdt.internal.junit.runner.RemoteTestRunner -version 3 -port 60045 -testLoaderClass org.eclipse.jdt.internal.junit4.runner.JUnit4TestLoader -loaderpluginname org.eclipse.jdt.junit4.runtime -classNames AntTransceiverTest
Launcher Type: SUN_STANDARD

Environment Variables:
PATH=/usr/lib64/qt-3.3/bin:/usr/NX/bin:/usr/lib64/ccache:/usr/local/bin:/usr/bin:/bin:/usr/local/sbin:/usr/sbin:/sbin:/home/will/.local/bin:/home/will/bin
USERNAME=will
LD_LIBRARY_PATH=/usr/lib/jvm/java-1.6.0-openjdk-1.6.0.0.x86_64/jre/lib/amd64/server:/usr/lib/jvm/java-1.6.0-openjdk-1.6.0.0.x86_64/jre/lib/amd64:/usr/lib/jvm/java-1.6.0-openjdk-1.6.0.0.x86_64/jre/../lib/amd64
SHELL=/bin/bash
DISPLAY=:0

Signal Handlers:
SIGSEGV: [libjvm.so+0x786a80], sa_mask[0]=0x7ffbfeff, sa_flags=0x10000004
SIGBUS: [libjvm.so+0x786a80], sa_mask[0]=0x7ffbfeff, sa_flags=0x10000004
SIGFPE: [libjvm.so+0x64b0c0], sa_mask[0]=0x7ffbfeff, sa_flags=0x10000004
SIGPIPE: [libjvm.so+0x64b0c0], sa_mask[0]=0x7ffbfeff, sa_flags=0x10000004
SIGXFSZ: [libjvm.so+0x64b0c0], sa_mask[0]=0x7ffbfeff, sa_flags=0x10000004
SIGILL: [libjvm.so+0x64b0c0], sa_mask[0]=0x7ffbfeff, sa_flags=0x10000004
SIGUSR1: SIG_DFL, sa_mask[0]=0x00000000, sa_flags=0x00000000
SIGUSR2: [libjvm.so+0x64b250], sa_mask[0]=0x00000004, sa_flags=0x10000004
SIGHUP: [libjvm.so+0x64dc00], sa_mask[0]=0x7ffbfeff, sa_flags=0x10000004
SIGINT: [libjvm.so+0x64dc00], sa_mask[0]=0x7ffbfeff, sa_flags=0x10000004
SIGTERM: [libjvm.so+0x64dc00], sa_mask[0]=0x7ffbfeff, sa_flags=0x10000004
SIGQUIT: [libjvm.so+0x64dc00], sa_mask[0]=0x7ffbfeff, sa_flags=0x10000004


---------------  S Y S T E M  ---------------

OS:Fedora release 16 (Verne)

uname:Linux 3.6.5-2.fc16.x86_64 #1 SMP Thu Nov 1 03:49:27 UTC 2012 x86_64
libc:glibc 2.14.90 NPTL 2.14.90 
rlimit: STACK 8192k, CORE 0k, NPROC 1024, NOFILE 4096, AS infinity
load average:0.35 0.36 0.36

/proc/meminfo:
MemTotal:        7896640 kB
MemFree:          604744 kB
Buffers:          782856 kB
Cached:          2107088 kB
SwapCached:        44928 kB
Active:          3380296 kB
Inactive:        2249228 kB
Active(anon):    2330116 kB
Inactive(anon):   976644 kB
Active(file):    1050180 kB
Inactive(file):  1272584 kB
Unevictable:        3592 kB
Mlocked:            3592 kB
SwapTotal:      20479996 kB
SwapFree:       19324080 kB
Dirty:               324 kB
Writeback:             0 kB
AnonPages:       2713708 kB
Mapped:           800464 kB
Shmem:            564896 kB
Slab:             813976 kB
SReclaimable:     754848 kB
SUnreclaim:        59128 kB
KernelStack:        5200 kB
PageTables:        69884 kB
NFS_Unstable:          0 kB
Bounce:                0 kB
WritebackTmp:          0 kB
CommitLimit:    24428316 kB
Committed_AS:    7845536 kB
VmallocTotal:   34359738367 kB
VmallocUsed:      395252 kB
VmallocChunk:   34359254172 kB
HardwareCorrupted:     0 kB
AnonHugePages:    620544 kB
HugePages_Total:       0
HugePages_Free:        0
HugePages_Rsvd:        0
HugePages_Surp:        0
Hugepagesize:       2048 kB
DirectMap4k:      133120 kB
DirectMap2M:     7974912 kB


CPU:total 4 (4 cores per cpu, 1 threads per core) family 6 model 42 stepping 7, cmov, cx8, fxsr, mmx, sse, sse2, sse3, ssse3, sse4.1, sse4.2, popcnt

Memory: 4k page, physical 7896640k(604744k free), swap 20479996k(19324080k free)

vm_info: OpenJDK 64-Bit Server VM (20.0-b12) for linux-amd64 JRE (1.6.0_24-b24), built on Oct 16 2012 20:23:14 by "mockbuild" with gcc 4.6.3 20120306 (Red Hat 4.6.3-2)

time: Sun Dec 30 05:14:24 2012
elapsed time: 11 seconds

