#
# A fatal error has been detected by the Java Runtime Environment:
#
#  SIGSEGV (0xb) at pc=0x00007f70000d65c4, pid=25640, tid=140118945953536
#
# JRE version: 6.0_24-b24
# Java VM: OpenJDK 64-Bit Server VM (20.0-b12 mixed mode linux-amd64 compressed oops)
# Derivative: IcedTea6 1.11.5
# Distribution: Fedora release 16 (Verne), package fedora-68.1.11.5.fc16-x86_64
# Problematic frame:
# C  [javalibusb16672382286895576407+0xc5c4]
#
# If you would like to submit a bug report, please include
# instructions how to reproduce the bug and visit:
#   http://icedtea.classpath.org/bugzilla
# The crash happened outside the Java Virtual Machine in native code.
# See problematic frame for where to report the bug.
#

---------------  T H R E A D  ---------------

Current thread (0x00007f7004130800):  JavaThread "Thread-1" [_thread_in_native, id=25660, stack(0x00007f6ffbeff000,0x00007f6ffc000000)]

siginfo:si_signo=SIGSEGV: si_errno=0, si_code=1 (SEGV_MAPERR), si_addr=0x0000000000000030

Registers:
RAX=0x0000000000000000, RBX=0x000000077d7397a0, RCX=0x0000003e8100e3ea, RDX=0x00007f70040ff3b8
RSP=0x00007f6ffbffe430, RBP=0x00007f6ffbffe490, RSI=0x0000000000000000, RDI=0x00007f70040ff3b8
R8 =0x00007f70040ff3b8, R9 =0x0000000000000003, R10=0x0000000000000010, R11=0x0000000000000206
R12=0x0000000000000000, R13=0x000000077d7397a0, R14=0x00007f6ffbffe6e8, R15=0x00007f7004130800
RIP=0x00007f70000d65c4, EFLAGS=0x0000000000010246, CSGSFS=0x0000000000000033, ERR=0x0000000000000004
  TRAPNO=0x000000000000000e

Top of Stack: (sp=0x00007f6ffbffe430)
0x00007f6ffbffe430:   00007f6ffbffe47c 00007f7000000000
0x00007f6ffbffe440:   00007f70040e9050 0000000000000002
0x00007f6ffbffe450:   00007f6ffbffe584 00007f6fb0004460
0x00007f6ffbffe460:   0000008100000017 00007f70040e9050
0x00007f6ffbffe470:   0000000000000000 00000000fbffe468
0x00007f6ffbffe480:   00007f6fb0004628 00000000fbffe4d8
0x00007f6ffbffe490:   00007f6ffbffe4e0 00007f70000d6731
0x00007f6ffbffe4a0:   0000000700000002 0000000000000000
0x00007f6ffbffe4b0:   00007f6ffbffe4b0 000000007d62a2e0
0x00007f6ffbffe4c0:   00007f6ffbffe584 00007f6fb0004460
0x00007f6ffbffe4d0:   0000008100000017 00007f70040e9050
0x00007f6ffbffe4e0:   00007f6ffbffe540 00007f70000d1162
0x00007f6ffbffe4f0:   00007f6ffbffe584 0000000000000000
0x00007f6ffbffe500:   000000077d7397a0 00000000fbffe6e8
0x00007f6ffbffe510:   00007f6ffbffe584 00007f6fb0004460
0x00007f6ffbffe520:   0000008100000017 00007f70040e9050
0x00007f6ffbffe530:   00007f6ffbffe5a0 0000000000000000
0x00007f6ffbffe540:   00007f6ffbffe5a0 00007f70000d0045
0x00007f6ffbffe550:   00007f6fb0000a30 00007f6ffbffe6d0
0x00007f6ffbffe560:   00007f70040e9050 00007f6ffbffe6a0
0x00007f6ffbffe570:   00007f70041309d0 00000000fbffe581
0x00007f6ffbffe580:   00007f7004130800 00007f6fb0004460
0x00007f6ffbffe590:   00007f70040e9050 0000000000000000
0x00007f6ffbffe5a0:   00007f6ffbffe600 00007f70000d01b2
0x00007f6ffbffe5b0:   0000000700000000 00007f6f00000017
0x00007f6ffbffe5c0:   0000000000000000 00007f6ffbffe610
0x00007f6ffbffe5d0:   000000077d42b108 00007f6ffbffe6d0
0x00007f6ffbffe5e0:   0000008100000000 00007f70040e9050
0x00007f6ffbffe5f0:   00007f6ffbffe6a0 00007f70041309d0
0x00007f6ffbffe600:   00007f6ffbffe690 00007f7001010d68
0x00007f6ffbffe610:   0000000700000017 0000000000000000
0x00007f6ffbffe620:   000000077d423108 00000007d82e6920 

Instructions: (pc=0x00007f70000d65c4)
0x00007f70000d65a4:   fc 00 79 7b 48 8b 45 f0 48 89 c7 e8 4c 79 ff ff
0x00007f70000d65b4:   8b 45 fc e9 27 01 00 00 48 8b 45 d8 48 8b 40 40
0x00007f70000d65c4:   48 8b 40 30 48 89 c7 e8 d0 7a ff ff 89 45 fc 83
0x00007f70000d65d4:   7d fc 00 79 4e 83 7d fc f6 74 47 48 8b 45 f0 48 

Register to memory mapping:

RAX=0x0000000000000000 is an unknown value
RBX=0x000000077d7397a0 is an oop
{method} 
 - klass: {other class}
RCX=0x0000003e8100e3ea: <offset 0xe3ea> in /lib64/libpthread.so.0 at 0x0000003e81000000
RDX=0x00007f70040ff3b8 is an unknown value
RSP=0x00007f6ffbffe430 is pointing into the stack for thread: 0x00007f7004130800
RBP=0x00007f6ffbffe490 is pointing into the stack for thread: 0x00007f7004130800
RSI=0x0000000000000000 is an unknown value
RDI=0x00007f70040ff3b8 is an unknown value
R8 =0x00007f70040ff3b8 is an unknown value
R9 =0x0000000000000003 is an unknown value
R10=0x0000000000000010 is an unknown value
R11=0x0000000000000206 is an unknown value
R12=0x0000000000000000 is an unknown value
R13=0x000000077d7397a0 is an oop
{method} 
 - klass: {other class}
R14=0x00007f6ffbffe6e8 is pointing into the stack for thread: 0x00007f7004130800
R15=0x00007f7004130800 is a thread


Stack: [0x00007f6ffbeff000,0x00007f6ffc000000],  sp=0x00007f6ffbffe430,  free space=1021k
Native frames: (J=compiled Java code, j=interpreted, Vv=VM code, C=native code)
C  [javalibusb16672382286895576407+0xc5c4]
C  [javalibusb16672382286895576407+0xc731]  libusb_bulk_transfer+0x4c
C  [javalibusb16672382286895576407+0x7162]  usbw_bulk_transfer+0x86
C  [javalibusb16672382286895576407+0x6045]
C  [javalibusb16672382286895576407+0x61b2]  Java_javalibusb1_libusb1_bulk_1transfer+0x5e
j  javalibusb1.libusb1.bulk_transfer(JB[BIIJ)I+0
j  javalibusb1.Libusb1UsbPipe.internalSyncSubmit(Ljavax/usb/UsbIrp;)I+143
j  javalibusb1.Libusb1UsbPipe.syncSubmit([B)I+17
j  org.cowboycoders.ant.interfaces.AntTransceiver$UsbReader.run()V+28
v  ~StubRoutines::call_stub
V  [libjvm.so+0x4af5af]  AsyncGetCallTrace+0xa055f
V  [libjvm.so+0x4ae9e5]  AsyncGetCallTrace+0x9f995
V  [libjvm.so+0x4aeee3]  AsyncGetCallTrace+0x9fe93
V  [libjvm.so+0x4af00f]  AsyncGetCallTrace+0x9ffbf
V  [libjvm.so+0x4e7dd6]  JNI_GetCreatedJavaVMs+0x17286
V  [libjvm.so+0x74e9b4]  JVM_handle_linux_signal+0xfb3a4
V  [libjvm.so+0x64e552]  numa_error+0x2f2

Java frames: (J=compiled Java code, j=interpreted, Vv=VM code)
j  javalibusb1.libusb1.bulk_transfer(JB[BIIJ)I+0
j  javalibusb1.Libusb1UsbPipe.internalSyncSubmit(Ljavax/usb/UsbIrp;)I+143
j  javalibusb1.Libusb1UsbPipe.syncSubmit([B)I+17
j  org.cowboycoders.ant.interfaces.AntTransceiver$UsbReader.run()V+28
v  ~StubRoutines::call_stub

---------------  P R O C E S S  ---------------

Java Threads: ( => current thread )
  0x00007f700415f800 JavaThread "pool-1-thread-1" [_thread_blocked, id=25665, stack(0x00007f6ffbcfd000,0x00007f6ffbdfe000)]
  0x00007f700410a800 JavaThread "Thread-2" [_thread_in_native, id=25664, stack(0x00007f6ffbdfe000,0x00007f6ffbeff000)]
=>0x00007f7004130800 JavaThread "Thread-1" [_thread_in_native, id=25660, stack(0x00007f6ffbeff000,0x00007f6ffc000000)]
  0x00007f70040fe800 JavaThread "ReaderThread" [_thread_in_native, id=25659, stack(0x00007f70002e0000,0x00007f70003e1000)]
  0x00007f700409e000 JavaThread "Low Memory Detector" daemon [_thread_blocked, id=25657, stack(0x00007f70006f7000,0x00007f70007f8000)]
  0x00007f700409c000 JavaThread "C2 CompilerThread1" daemon [_thread_blocked, id=25656, stack(0x00007f70007f8000,0x00007f70008f9000)]
  0x00007f7004099000 JavaThread "C2 CompilerThread0" daemon [_thread_blocked, id=25655, stack(0x00007f70008f9000,0x00007f70009fa000)]
  0x00007f7004097800 JavaThread "Signal Dispatcher" daemon [_thread_blocked, id=25654, stack(0x00007f70009fa000,0x00007f7000afb000)]
  0x00007f7004078800 JavaThread "Finalizer" daemon [_thread_blocked, id=25653, stack(0x00007f7000afb000,0x00007f7000bfc000)]
  0x00007f7004076800 JavaThread "Reference Handler" daemon [_thread_blocked, id=25652, stack(0x00007f7000bfc000,0x00007f7000cfd000)]
  0x00007f7004008000 JavaThread "main" [_thread_blocked, id=25644, stack(0x00007f70099cf000,0x00007f7009ad0000)]

Other Threads:
  0x00007f700406f800 VMThread [stack: 0x00007f7000cfd000,0x00007f7000dfe000] [id=25651]
  0x00007f70040a9000 WatcherThread [stack: 0x00007f70005f6000,0x00007f70006f7000] [id=25658]

VM state:not at safepoint (normal execution)

VM Mutex/Monitor currently owned by a thread: None

Heap
 PSYoungGen      total 35968K, used 8652K [0x00000007d7d60000, 0x00000007da580000, 0x0000000800000000)
  eden space 30848K, 28% used [0x00000007d7d60000,0x00000007d85d33a0,0x00000007d9b80000)
  from space 5120K, 0% used [0x00000007da080000,0x00000007da080000,0x00000007da580000)
  to   space 5120K, 0% used [0x00000007d9b80000,0x00000007d9b80000,0x00000007da080000)
 PSOldGen        total 82304K, used 0K [0x0000000787800000, 0x000000078c860000, 0x00000007d7d60000)
  object space 82304K, 0% used [0x0000000787800000,0x0000000787800000,0x000000078c860000)
 PSPermGen       total 21248K, used 6648K [0x000000077d200000, 0x000000077e6c0000, 0x0000000787800000)
  object space 21248K, 31% used [0x000000077d200000,0x000000077d87e1b8,0x000000077e6c0000)

Code Cache  [0x00007f7001000000, 0x00007f7001270000, 0x00007f7004000000)
 total_blobs=244 nmethods=17 adapters=182 free_code_cache=49876224 largest_free_block=5952

Dynamic libraries:
00400000-00408000 r-xp 00000000 08:12 656757                             /usr/lib/jvm/java-1.6.0-openjdk-1.6.0.0.x86_64/bin/java
00608000-00609000 rw-p 00008000 08:12 656757                             /usr/lib/jvm/java-1.6.0-openjdk-1.6.0.0.x86_64/bin/java
0183e000-0185f000 rw-p 00000000 00:00 0                                  [heap]
77d200000-77e6c0000 rw-p 00000000 00:00 0 
77e6c0000-787800000 rw-p 00000000 00:00 0 
787800000-78c860000 rw-p 00000000 00:00 0 
78c860000-7d7d60000 rw-p 00000000 00:00 0 
7d7d60000-7da580000 rw-p 00000000 00:00 0 
7da580000-800000000 rw-p 00000000 00:00 0 
301c000000-301c0e8000 r-xp 00000000 08:12 175699                         /usr/lib64/libstdc++.so.6.0.16
301c0e8000-301c2e8000 ---p 000e8000 08:12 175699                         /usr/lib64/libstdc++.so.6.0.16
301c2e8000-301c2f0000 r--p 000e8000 08:12 175699                         /usr/lib64/libstdc++.so.6.0.16
301c2f0000-301c2f2000 rw-p 000f0000 08:12 175699                         /usr/lib64/libstdc++.so.6.0.16
301c2f2000-301c307000 rw-p 00000000 00:00 0 
33a8200000-33a8215000 r-xp 00000000 08:12 183304                         /lib64/libgcc_s-4.6.3-20120306.so.1
33a8215000-33a8414000 ---p 00015000 08:12 183304                         /lib64/libgcc_s-4.6.3-20120306.so.1
33a8414000-33a8415000 rw-p 00014000 08:12 183304                         /lib64/libgcc_s-4.6.3-20120306.so.1
3757a00000-3757a04000 r-xp 00000000 08:12 655544                         /usr/lib/jvm/java-1.6.0-openjdk-1.6.0.0.x86_64/jre/lib/amd64/jli/libjli.so
3757a04000-3757c03000 ---p 00004000 08:12 655544                         /usr/lib/jvm/java-1.6.0-openjdk-1.6.0.0.x86_64/jre/lib/amd64/jli/libjli.so
3757c03000-3757c04000 rw-p 00003000 08:12 655544                         /usr/lib/jvm/java-1.6.0-openjdk-1.6.0.0.x86_64/jre/lib/amd64/jli/libjli.so
3e80400000-3e80422000 r-xp 00000000 08:12 141289                         /lib64/ld-2.14.90.so
3e80621000-3e80622000 r--p 00021000 08:12 141289                         /lib64/ld-2.14.90.so
3e80622000-3e80623000 rw-p 00022000 08:12 141289                         /lib64/ld-2.14.90.so
3e80623000-3e80624000 rw-p 00000000 00:00 0 
3e80800000-3e809ad000 r-xp 00000000 08:12 155199                         /lib64/libc-2.14.90.so
3e809ad000-3e80bad000 ---p 001ad000 08:12 155199                         /lib64/libc-2.14.90.so
3e80bad000-3e80bb1000 r--p 001ad000 08:12 155199                         /lib64/libc-2.14.90.so
3e80bb1000-3e80bb3000 rw-p 001b1000 08:12 155199                         /lib64/libc-2.14.90.so
3e80bb3000-3e80bb8000 rw-p 00000000 00:00 0 
3e80c00000-3e80c83000 r-xp 00000000 08:12 161044                         /lib64/libm-2.14.90.so
3e80c83000-3e80e82000 ---p 00083000 08:12 161044                         /lib64/libm-2.14.90.so
3e80e82000-3e80e83000 r--p 00082000 08:12 161044                         /lib64/libm-2.14.90.so
3e80e83000-3e80e84000 rw-p 00083000 08:12 161044                         /lib64/libm-2.14.90.so
3e81000000-3e81017000 r-xp 00000000 08:12 178385                         /lib64/libpthread-2.14.90.so
3e81017000-3e81216000 ---p 00017000 08:12 178385                         /lib64/libpthread-2.14.90.so
3e81216000-3e81217000 r--p 00016000 08:12 178385                         /lib64/libpthread-2.14.90.so
3e81217000-3e81218000 rw-p 00017000 08:12 178385                         /lib64/libpthread-2.14.90.so
3e81218000-3e8121c000 rw-p 00000000 00:00 0 
3e81400000-3e81402000 r-xp 00000000 08:12 181146                         /lib64/libdl-2.14.90.so
3e81402000-3e81602000 ---p 00002000 08:12 181146                         /lib64/libdl-2.14.90.so
3e81602000-3e81603000 r--p 00002000 08:12 181146                         /lib64/libdl-2.14.90.so
3e81603000-3e81604000 rw-p 00003000 08:12 181146                         /lib64/libdl-2.14.90.so
3e81c00000-3e81c07000 r-xp 00000000 08:12 181147                         /lib64/librt-2.14.90.so
3e81c07000-3e81e06000 ---p 00007000 08:12 181147                         /lib64/librt-2.14.90.so
3e81e06000-3e81e07000 r--p 00006000 08:12 181147                         /lib64/librt-2.14.90.so
3e81e07000-3e81e08000 rw-p 00007000 08:12 181147                         /lib64/librt-2.14.90.so
3e82000000-3e82017000 r-xp 00000000 08:12 181145                         /lib64/libz.so.1.2.5
3e82017000-3e82216000 ---p 00017000 08:12 181145                         /lib64/libz.so.1.2.5
3e82216000-3e82217000 rw-p 00016000 08:12 181145                         /lib64/libz.so.1.2.5
3e95c00000-3e95c17000 r-xp 00000000 08:12 174108                         /lib64/libnsl-2.14.90.so
3e95c17000-3e95e16000 ---p 00017000 08:12 174108                         /lib64/libnsl-2.14.90.so
3e95e16000-3e95e17000 r--p 00016000 08:12 174108                         /lib64/libnsl-2.14.90.so
3e95e17000-3e95e18000 rw-p 00017000 08:12 174108                         /lib64/libnsl-2.14.90.so
3e95e18000-3e95e1a000 rw-p 00000000 00:00 0 
7f6fa8000000-7f6fa8021000 rw-p 00000000 00:00 0 
7f6fa8021000-7f6fac000000 ---p 00000000 00:00 0 
7f6fb0000000-7f6fb0022000 rw-p 00000000 00:00 0 
7f6fb0022000-7f6fb4000000 ---p 00000000 00:00 0 
7f6fb4000000-7f6fb4021000 rw-p 00000000 00:00 0 
7f6fb4021000-7f6fb8000000 ---p 00000000 00:00 0 
7f6fb8000000-7f6fb8021000 rw-p 00000000 00:00 0 
7f6fb8021000-7f6fbc000000 ---p 00000000 00:00 0 
7f6fbc000000-7f6fbc021000 rw-p 00000000 00:00 0 
7f6fbc021000-7f6fc0000000 ---p 00000000 00:00 0 
7f6fc0000000-7f6fc015c000 rw-p 00000000 00:00 0 
7f6fc015c000-7f6fc4000000 ---p 00000000 00:00 0 
7f6fc4000000-7f6fc4021000 rw-p 00000000 00:00 0 
7f6fc4021000-7f6fc8000000 ---p 00000000 00:00 0 
7f6fc8000000-7f6fc8213000 rw-p 00000000 00:00 0 
7f6fc8213000-7f6fcc000000 ---p 00000000 00:00 0 
7f6fcdbdd000-7f6fd4000000 r--p 00000000 08:12 181139                     /usr/lib/locale/locale-archive
7f6fd4000000-7f6fd4021000 rw-p 00000000 00:00 0 
7f6fd4021000-7f6fd8000000 ---p 00000000 00:00 0 
7f6fd8000000-7f6fd8021000 rw-p 00000000 00:00 0 
7f6fd8021000-7f6fdc000000 ---p 00000000 00:00 0 
7f6fdc000000-7f6fdc021000 rw-p 00000000 00:00 0 
7f6fdc021000-7f6fe0000000 ---p 00000000 00:00 0 
7f6fe0000000-7f6fe0021000 rw-p 00000000 00:00 0 
7f6fe0021000-7f6fe4000000 ---p 00000000 00:00 0 
7f6fe4000000-7f6fe4021000 rw-p 00000000 00:00 0 
7f6fe4021000-7f6fe8000000 ---p 00000000 00:00 0 
7f6fec000000-7f6fec021000 rw-p 00000000 00:00 0 
7f6fec021000-7f6ff0000000 ---p 00000000 00:00 0 
7f6ff4000000-7f6ff4021000 rw-p 00000000 00:00 0 
7f6ff4021000-7f6ff8000000 ---p 00000000 00:00 0 
7f6ffbcfd000-7f6ffbd00000 ---p 00000000 00:00 0 
7f6ffbd00000-7f6ffbdfe000 rw-p 00000000 00:00 0                          [stack:25665]
7f6ffbdfe000-7f6ffbe01000 ---p 00000000 00:00 0 
7f6ffbe01000-7f6ffbeff000 rw-p 00000000 00:00 0                          [stack:25664]
7f6ffbeff000-7f6ffbf02000 ---p 00000000 00:00 0 
7f6ffbf02000-7f6ffc000000 rw-p 00000000 00:00 0                          [stack:25660]
7f6ffc000000-7f6ffc021000 rw-p 00000000 00:00 0 
7f6ffc021000-7f7000000000 ---p 00000000 00:00 0 
7f70000ca000-7f70000e0000 r-xp 00000000 fd:03 96                         /tmp/javalibusb16672382286895576407 (deleted)
7f70000e0000-7f70002df000 ---p 00016000 fd:03 96                         /tmp/javalibusb16672382286895576407 (deleted)
7f70002df000-7f70002e0000 rw-p 00015000 fd:03 96                         /tmp/javalibusb16672382286895576407 (deleted)
7f70002e0000-7f70002e3000 ---p 00000000 00:00 0 
7f70002e3000-7f70003e1000 rw-p 00000000 00:00 0                          [stack:25659]
7f70003e1000-7f70003f5000 r-xp 00000000 08:12 656092                     /usr/lib/jvm/java-1.6.0-openjdk-1.6.0.0.x86_64/jre/lib/amd64/libnet.so
7f70003f5000-7f70005f5000 ---p 00014000 08:12 656092                     /usr/lib/jvm/java-1.6.0-openjdk-1.6.0.0.x86_64/jre/lib/amd64/libnet.so
7f70005f5000-7f70005f6000 rw-p 00014000 08:12 656092                     /usr/lib/jvm/java-1.6.0-openjdk-1.6.0.0.x86_64/jre/lib/amd64/libnet.so
7f70005f6000-7f70005f7000 ---p 00000000 00:00 0 
7f70005f7000-7f70006f7000 rw-p 00000000 00:00 0                          [stack:25658]
7f70006f7000-7f70006fa000 ---p 00000000 00:00 0 
7f70006fa000-7f70007f8000 rw-p 00000000 00:00 0                          [stack:25657]
7f70007f8000-7f70007fb000 ---p 00000000 00:00 0 
7f70007fb000-7f70008f9000 rw-p 00000000 00:00 0                          [stack:25656]
7f70008f9000-7f70008fc000 ---p 00000000 00:00 0 
7f70008fc000-7f70009fa000 rw-p 00000000 00:00 0                          [stack:25655]
7f70009fa000-7f70009fd000 ---p 00000000 00:00 0 
7f70009fd000-7f7000afb000 rw-p 00000000 00:00 0                          [stack:25654]
7f7000afb000-7f7000afe000 ---p 00000000 00:00 0 
7f7000afe000-7f7000bfc000 rw-p 00000000 00:00 0                          [stack:25653]
7f7000bfc000-7f7000bff000 ---p 00000000 00:00 0 
7f7000bff000-7f7000cfd000 rw-p 00000000 00:00 0                          [stack:25652]
7f7000cfd000-7f7000cfe000 ---p 00000000 00:00 0 
7f7000cfe000-7f7001000000 rw-p 00000000 00:00 0                          [stack:25651]
7f7001000000-7f7001270000 rwxp 00000000 00:00 0 
7f7001270000-7f7004179000 rw-p 00000000 00:00 0 
7f7004179000-7f7008000000 ---p 00000000 00:00 0 
7f7008096000-7f70080c7000 rw-p 00000000 00:00 0 
7f70080c7000-7f70080c9000 r--s 00004000 fd:06 165548852                  /home/will/code/javax-usb-libusb1/javalibusb1/target/javalibusb1-1.0.1-1-SNAPSHOT.jar
7f70080c9000-7f70080ca000 r--s 00000000 fd:06 165548842                  /home/will/code/javax-usb-libusb1/javalibusb1/target/javalibusb1-1.0.1-1-SNAPSHOT-noarch.nar
7f70080ca000-7f70080cb000 r--s 0000d000 fd:06 165548843                  /home/will/code/javax-usb-libusb1/javalibusb1/target/javalibusb1-1.0.1-1-SNAPSHOT-amd64-Linux-gpp-jni.nar
7f70080cb000-7f70080ce000 r--s 00018000 fd:06 31723038                   /home/will/.m2/repository/commons-io/commons-io/1.4/commons-io-1.4.jar
7f70080ce000-7f70080d0000 r--s 00006000 fd:06 31722874                   /home/will/.m2/repository/no/hackaton/usb/javax.usb/1.0.1-1-SNAPSHOT/javax.usb-1.0.1-1-SNAPSHOT.jar
7f70080d0000-7f70080d6000 r--s 00033000 fd:06 31589739                   /home/will/.m2/repository/junit/junit/4.7/junit-4.7.jar
7f70080d6000-7f700840c000 rw-p 00000000 00:00 0 
7f700840c000-7f700859e000 r--s 037c2000 08:12 656181                     /usr/lib/jvm/java-1.6.0-openjdk-1.6.0.0.x86_64/jre/lib/rt.jar
7f700859e000-7f700859f000 ---p 00000000 00:00 0 
7f700859f000-7f700869f000 rw-p 00000000 00:00 0                          [stack:25650]
7f700869f000-7f70086a0000 ---p 00000000 00:00 0 
7f70086a0000-7f70087a0000 rw-p 00000000 00:00 0                          [stack:25649]
7f70087a0000-7f70087a1000 ---p 00000000 00:00 0 
7f70087a1000-7f70088a1000 rw-p 00000000 00:00 0                          [stack:25648]
7f70088a1000-7f70088a2000 ---p 00000000 00:00 0 
7f70088a2000-7f70089ad000 rw-p 00000000 00:00 0                          [stack:25647]
7f70089ad000-7f70089f5000 rw-p 00000000 00:00 0 
7f70089f5000-7f7008a1e000 rw-p 00000000 00:00 0 
7f7008a1e000-7f7008c78000 rw-p 00000000 00:00 0 
7f7008c78000-7f7008c83000 rw-p 00000000 00:00 0 
7f7008c83000-7f7008ccb000 rw-p 00000000 00:00 0 
7f7008ccb000-7f7008cf4000 rw-p 00000000 00:00 0 
7f7008cf4000-7f7008f4d000 rw-p 00000000 00:00 0 
7f7008f4d000-7f7008f62000 rw-p 00000000 00:00 0 
7f7008f62000-7f700908f000 rw-p 00000000 00:00 0 
7f700908f000-7f700909a000 rw-p 00000000 00:00 0 
7f700909a000-7f7009150000 rw-p 00000000 00:00 0 
7f7009150000-7f7009157000 r-xp 00000000 08:12 671038                     /usr/lib/jvm/java-1.6.0-openjdk-1.6.0.0.x86_64/jre/lib/amd64/libzip.so
7f7009157000-7f7009356000 ---p 00007000 08:12 671038                     /usr/lib/jvm/java-1.6.0-openjdk-1.6.0.0.x86_64/jre/lib/amd64/libzip.so
7f7009356000-7f7009357000 rw-p 00006000 08:12 671038                     /usr/lib/jvm/java-1.6.0-openjdk-1.6.0.0.x86_64/jre/lib/amd64/libzip.so
7f7009357000-7f7009363000 r-xp 00000000 08:12 179708                     /lib64/libnss_files-2.14.90.so
7f7009363000-7f7009562000 ---p 0000c000 08:12 179708                     /lib64/libnss_files-2.14.90.so
7f7009562000-7f7009563000 r--p 0000b000 08:12 179708                     /lib64/libnss_files-2.14.90.so
7f7009563000-7f7009564000 rw-p 0000c000 08:12 179708                     /lib64/libnss_files-2.14.90.so
7f7009566000-7f7009569000 r--s 00077000 08:12 671042                     /usr/lib/jvm/java-1.6.0-openjdk-1.6.0.0.x86_64/jre/lib/ext/localedata.jar
7f7009569000-7f7009591000 rw-p 00000000 00:00 0 
7f7009591000-7f70095bd000 r-xp 00000000 08:12 656081                     /usr/lib/jvm/java-1.6.0-openjdk-1.6.0.0.x86_64/jre/lib/amd64/libjava.so
7f70095bd000-7f70097bc000 ---p 0002c000 08:12 656081                     /usr/lib/jvm/java-1.6.0-openjdk-1.6.0.0.x86_64/jre/lib/amd64/libjava.so
7f70097bc000-7f70097c0000 rw-p 0002b000 08:12 656081                     /usr/lib/jvm/java-1.6.0-openjdk-1.6.0.0.x86_64/jre/lib/amd64/libjava.so
7f70097c0000-7f70097ce000 r-xp 00000000 08:12 656100                     /usr/lib/jvm/java-1.6.0-openjdk-1.6.0.0.x86_64/jre/lib/amd64/libverify.so
7f70097ce000-7f70099cd000 ---p 0000e000 08:12 656100                     /usr/lib/jvm/java-1.6.0-openjdk-1.6.0.0.x86_64/jre/lib/amd64/libverify.so
7f70099cd000-7f70099cf000 rw-p 0000d000 08:12 656100                     /usr/lib/jvm/java-1.6.0-openjdk-1.6.0.0.x86_64/jre/lib/amd64/libverify.so
7f70099cf000-7f70099d2000 ---p 00000000 00:00 0 
7f70099d2000-7f7009ad0000 rw-p 00000000 00:00 0                          [stack:25644]
7f7009ad0000-7f700a3d6000 r-xp 00000000 08:12 664693                     /usr/lib/jvm/java-1.6.0-openjdk-1.6.0.0.x86_64/jre/lib/amd64/server/libjvm.so
7f700a3d6000-7f700a5d6000 ---p 00906000 08:12 664693                     /usr/lib/jvm/java-1.6.0-openjdk-1.6.0.0.x86_64/jre/lib/amd64/server/libjvm.so
7f700a5d6000-7f700a671000 rw-p 00906000 08:12 664693                     /usr/lib/jvm/java-1.6.0-openjdk-1.6.0.0.x86_64/jre/lib/amd64/server/libjvm.so
7f700a671000-7f700a69f000 rw-p 00000000 00:00 0 
7f700a69f000-7f700a6a3000 r--s 0007d000 08:12 656654                     /usr/lib/jvm/java-1.6.0-openjdk-1.6.0.0.x86_64/jre/lib/jsse.jar
7f700a6a3000-7f700a6ac000 r--s 0004d000 fd:06 31722302                   /home/will/code/android-progs/org.cowboycoders.ant.autosharedchannel.ANTPlusDemo/libs/android-support-v4.jar
7f700a6ac000-7f700a6ad000 r--s 00000000 fd:06 30147934                   /home/will/android-sdks/tools/support/annotations.jar
7f700a6ad000-7f700a6ae000 r--s 00005000 fd:06 31722303                   /home/will/code/android-progs/org.cowboycoders.ant.autosharedchannel.ANTPlusDemo/libs/antlib.jar
7f700a6ae000-7f700a6b0000 r--s 00007000 08:12 656915                     /usr/share/java/hamcrest/core-1.1.jar
7f700a6b0000-7f700a6b7000 r--s 00034000 08:12 535962                     /usr/share/java/junit4-4.8.2.jar
7f700a6b7000-7f700a6b9000 r--s 0000f000 08:12 664695                     /usr/lib/jvm/java-1.6.0-openjdk-1.6.0.0.x86_64/jre/lib/ext/pulse-java.jar
7f700a6b9000-7f700a6c2000 r--s 00065000 08:12 671041                     /usr/lib/jvm/java-1.6.0-openjdk-1.6.0.0.x86_64/jre/lib/ext/gnome-java-bridge.jar
7f700a6c2000-7f700a6ca000 rw-s 00000000 fd:03 1044489                    /tmp/hsperfdata_will/25640
7f700a6ca000-7f700a6cb000 rw-p 00000000 00:00 0 
7f700a6cb000-7f700a6cc000 r--p 00000000 00:00 0 
7f700a6cc000-7f700a6cd000 rw-p 00000000 00:00 0 
7fff7066e000-7fff70690000 rw-p 00000000 00:00 0                          [stack]
7fff706a8000-7fff706a9000 r-xp 00000000 00:00 0                          [vdso]
ffffffffff600000-ffffffffff601000 r-xp 00000000 00:00 0                  [vsyscall]

VM Arguments:
jvm_args: -Dfile.encoding=UTF-8 
java_command: org.eclipse.jdt.internal.junit.runner.RemoteTestRunner -version 3 -port 60456 -testLoaderClass org.eclipse.jdt.internal.junit4.runner.JUnit4TestLoader -loaderpluginname org.eclipse.jdt.junit4.runtime -classNames AntTransceiverTest
Launcher Type: SUN_STANDARD

Environment Variables:
PATH=/usr/lib64/qt-3.3/bin:/usr/NX/bin:/usr/lib64/ccache:/usr/local/bin:/usr/bin:/bin:/usr/local/sbin:/usr/sbin:/sbin:/home/will/.local/bin:/home/will/bin
USERNAME=will
LD_LIBRARY_PATH=/usr/lib/jvm/java-1.6.0-openjdk-1.6.0.0.x86_64/jre/lib/amd64/server:/usr/lib/jvm/java-1.6.0-openjdk-1.6.0.0.x86_64/jre/lib/amd64:/usr/lib/jvm/java-1.6.0-openjdk-1.6.0.0.x86_64/jre/../lib/amd64
SHELL=/bin/bash
DISPLAY=:0

Signal Handlers:
SIGSEGV: [libjvm.so+0x786a80], sa_mask[0]=0x7ffbfeff, sa_flags=0x10000004
SIGBUS: [libjvm.so+0x786a80], sa_mask[0]=0x7ffbfeff, sa_flags=0x10000004
SIGFPE: [libjvm.so+0x64b0c0], sa_mask[0]=0x7ffbfeff, sa_flags=0x10000004
SIGPIPE: [libjvm.so+0x64b0c0], sa_mask[0]=0x7ffbfeff, sa_flags=0x10000004
SIGXFSZ: [libjvm.so+0x64b0c0], sa_mask[0]=0x7ffbfeff, sa_flags=0x10000004
SIGILL: [libjvm.so+0x64b0c0], sa_mask[0]=0x7ffbfeff, sa_flags=0x10000004
SIGUSR1: SIG_DFL, sa_mask[0]=0x00000000, sa_flags=0x00000000
SIGUSR2: [libjvm.so+0x64b250], sa_mask[0]=0x00000004, sa_flags=0x10000004
SIGHUP: [libjvm.so+0x64dc00], sa_mask[0]=0x7ffbfeff, sa_flags=0x10000004
SIGINT: [libjvm.so+0x64dc00], sa_mask[0]=0x7ffbfeff, sa_flags=0x10000004
SIGTERM: [libjvm.so+0x64dc00], sa_mask[0]=0x7ffbfeff, sa_flags=0x10000004
SIGQUIT: [libjvm.so+0x64dc00], sa_mask[0]=0x7ffbfeff, sa_flags=0x10000004


---------------  S Y S T E M  ---------------

OS:Fedora release 16 (Verne)

uname:Linux 3.6.5-2.fc16.x86_64 #1 SMP Thu Nov 1 03:49:27 UTC 2012 x86_64
libc:glibc 2.14.90 NPTL 2.14.90 
rlimit: STACK 8192k, CORE 0k, NPROC 1024, NOFILE 4096, AS infinity
load average:0.31 0.35 0.33

/proc/meminfo:
MemTotal:        7896640 kB
MemFree:          194356 kB
Buffers:          828144 kB
Cached:          2172108 kB
SwapCached:        45160 kB
Active:          3712348 kB
Inactive:        2321636 kB
Active(anon):    2658332 kB
Inactive(anon):   976204 kB
Active(file):    1054016 kB
Inactive(file):  1345432 kB
Unevictable:        3592 kB
Mlocked:            3592 kB
SwapTotal:      20479996 kB
SwapFree:       19324420 kB
Dirty:              2368 kB
Writeback:             0 kB
AnonPages:       3008340 kB
Mapped:           801288 kB
Shmem:            598264 kB
Slab:             814600 kB
SReclaimable:     755520 kB
SUnreclaim:        59080 kB
KernelStack:        5816 kB
PageTables:        71580 kB
NFS_Unstable:          0 kB
Bounce:                0 kB
WritebackTmp:          0 kB
CommitLimit:    24428316 kB
Committed_AS:    8314084 kB
VmallocTotal:   34359738367 kB
VmallocUsed:      395292 kB
VmallocChunk:   34359277912 kB
HardwareCorrupted:     0 kB
AnonHugePages:    612352 kB
HugePages_Total:       0
HugePages_Free:        0
HugePages_Rsvd:        0
HugePages_Surp:        0
Hugepagesize:       2048 kB
DirectMap4k:      133120 kB
DirectMap2M:     7974912 kB


CPU:total 4 (4 cores per cpu, 1 threads per core) family 6 model 42 stepping 7, cmov, cx8, fxsr, mmx, sse, sse2, sse3, ssse3, sse4.1, sse4.2, popcnt

Memory: 4k page, physical 7896640k(194356k free), swap 20479996k(19324420k free)

vm_info: OpenJDK 64-Bit Server VM (20.0-b12) for linux-amd64 JRE (1.6.0_24-b24), built on Oct 16 2012 20:23:14 by "mockbuild" with gcc 4.6.3 20120306 (Red Hat 4.6.3-2)

time: Sun Dec 30 03:34:03 2012
elapsed time: 1 seconds

