#
# A fatal error has been detected by the Java Runtime Environment:
#
#  SIGSEGV (0xb) at pc=0x00007fdfae3405c4, pid=2270, tid=140598677026560
#
# JRE version: 6.0_24-b24
# Java VM: OpenJDK 64-Bit Server VM (20.0-b12 mixed mode linux-amd64 compressed oops)
# Derivative: IcedTea6 1.11.5
# Distribution: Fedora release 16 (Verne), package fedora-68.1.11.5.fc16-x86_64
# Problematic frame:
# C  [javalibusb14902277015576584116+0xc5c4]
#
# If you would like to submit a bug report, please include
# instructions how to reproduce the bug and visit:
#   http://icedtea.classpath.org/bugzilla
# The crash happened outside the Java Virtual Machine in native code.
# See problematic frame for where to report the bug.
#

---------------  T H R E A D  ---------------

Current thread (0x00007fdfb00df000):  JavaThread "pool-1-thread-1" [_thread_in_native, id=2290, stack(0x00007fdfae233000,0x00007fdfae334000)]

siginfo:si_signo=SIGSEGV: si_errno=0, si_code=128 (), si_addr=0x0000000000000000

Registers:
RAX=0x65696669746f4e6e, RBX=0x000000077d751480, RCX=0x0000003e8100e3ea, RDX=0x00007fdfb0104368
RSP=0x00007fdfae3323e0, RBP=0x00007fdfae332440, RSI=0x0000000000000000, RDI=0x00007fdfb0104368
R8 =0x00007fdfb0104368, R9 =0x00000000000008f2, R10=0x00007fdfae332340, R11=0x0000000000000206
R12=0x0000000000000000, R13=0x000000077d751480, R14=0x00007fdfae332698, R15=0x00007fdfb00df000
RIP=0x00007fdfae3405c4, EFLAGS=0x0000000000010246, CSGSFS=0x0000000000000033, ERR=0x0000000000000000
  TRAPNO=0x000000000000000d

Top of Stack: (sp=0x00007fdfae3323e0)
0x00007fdfae3323e0:   00007fdfae33242c 00007fdf00000000
0x00007fdfae3323f0:   00007fdfb00c6d40 0000000000000002
0x00007fdfae332400:   00007fdfae332534 00007fdf5c005b70
0x00007fdfae332410:   726f208100000017 00007fdfb00c6d40
0x00007fdfae332420:   00007fdfae332490 00000000b433e85a
0x00007fdfae332430:   00007fdf5c004628 00000000b4346f58
0x00007fdfae332440:   00007fdfae332490 00007fdfae340731
0x00007fdfae332450:   00007fdf00000002 0000000000000000
0x00007fdfae332460:   00007fdfae3324d8 000000007d2dae18
0x00007fdfae332470:   00007fdfae332534 00007fdf5c005b70
0x00007fdfae332480:   0000008100000017 00007fdfb00c6d40
0x00007fdfae332490:   00007fdfae3324f0 00007fdfae33b162
0x00007fdfae3324a0:   00007fdfae332534 0000000000000000
0x00007fdfae3324b0:   000000077d751480 00000000ae332698
0x00007fdfae3324c0:   00007fdfae332534 00007fdf5c005b70
0x00007fdfae3324d0:   0000008100000017 00007fdfb00c6d40
0x00007fdfae3324e0:   00007fdfae332550 0000000000000000
0x00007fdfae3324f0:   00007fdfae332550 00007fdfae33a045
0x00007fdfae332500:   00007fdfb00df000 00007fdfae332680
0x00007fdfae332510:   00007fdfb00c6d40 00007fdfae332650
0x00007fdfae332520:   00007fdfb00df1d0 00000000b81aa181
0x00007fdfae332530:   00007fdfb00df000 00007fdf5c005b70
0x00007fdfae332540:   00007fdfb00c6d40 00000000ae332548
0x00007fdfae332550:   00007fdfae3325b0 00007fdfae33a1b2
0x00007fdfae332560:   0000000700000000 00007fdf00000017
0x00007fdfae332570:   0000000000000000 00007fdfae3325c0
0x00007fdfae332580:   000000077d42b108 00007fdfae332680
0x00007fdfae332590:   0000008100000000 00007fdfb00c6d40
0x00007fdfae3325a0:   00007fdfae332650 00007fdfb00df1d0
0x00007fdfae3325b0:   00007fdfae332640 00007fdfb4349d68
0x00007fdfae3325c0:   0000000700000017 0000000000000000
0x00007fdfae3325d0:   000000077d423108 00000007d8ed7830 

Instructions: (pc=0x00007fdfae3405c4)
0x00007fdfae3405a4:   fc 00 79 7b 48 8b 45 f0 48 89 c7 e8 4c 79 ff ff
0x00007fdfae3405b4:   8b 45 fc e9 27 01 00 00 48 8b 45 d8 48 8b 40 40
0x00007fdfae3405c4:   48 8b 40 30 48 89 c7 e8 d0 7a ff ff 89 45 fc 83
0x00007fdfae3405d4:   7d fc 00 79 4e 83 7d fc f6 74 47 48 8b 45 f0 48 

Register to memory mapping:

RAX=0x65696669746f4e6e is an unknown value
RBX=0x000000077d751480 is an oop
{method} 
 - klass: {other class}
RCX=0x0000003e8100e3ea: <offset 0xe3ea> in /lib64/libpthread.so.0 at 0x0000003e81000000
RDX=0x00007fdfb0104368 is an unknown value
RSP=0x00007fdfae3323e0 is pointing into the stack for thread: 0x00007fdfb00df000
RBP=0x00007fdfae332440 is pointing into the stack for thread: 0x00007fdfb00df000
RSI=0x0000000000000000 is an unknown value
RDI=0x00007fdfb0104368 is an unknown value
R8 =0x00007fdfb0104368 is an unknown value
R9 =0x00000000000008f2 is an unknown value
R10=0x00007fdfae332340 is pointing into the stack for thread: 0x00007fdfb00df000
R11=0x0000000000000206 is an unknown value
R12=0x0000000000000000 is an unknown value
R13=0x000000077d751480 is an oop
{method} 
 - klass: {other class}
R14=0x00007fdfae332698 is pointing into the stack for thread: 0x00007fdfb00df000
R15=0x00007fdfb00df000 is a thread


Stack: [0x00007fdfae233000,0x00007fdfae334000],  sp=0x00007fdfae3323e0,  free space=1020k
Native frames: (J=compiled Java code, j=interpreted, Vv=VM code, C=native code)
C  [javalibusb14902277015576584116+0xc5c4]
C  [javalibusb14902277015576584116+0xc731]  libusb_bulk_transfer+0x4c
C  [javalibusb14902277015576584116+0x7162]  usbw_bulk_transfer+0x86
C  [javalibusb14902277015576584116+0x6045]
C  [javalibusb14902277015576584116+0x61b2]  Java_javalibusb1_libusb1_bulk_1transfer+0x5e
j  javalibusb1.libusb1.bulk_transfer(JB[BIIJ)I+0
j  javalibusb1.Libusb1UsbPipe.internalSyncSubmit(Ljavax/usb/UsbIrp;)I+143
j  javalibusb1.Libusb1UsbPipe.syncSubmit([B)I+17
j  org.cowboycoders.ant.interfaces.AntTransceiver$UsbReader.run()V+28
j  java.util.concurrent.ThreadPoolExecutor.runWorker(Ljava/util/concurrent/ThreadPoolExecutor$Worker;)V+46
j  java.util.concurrent.ThreadPoolExecutor$Worker.run()V+5
j  java.lang.Thread.run()V+11
v  ~StubRoutines::call_stub
V  [libjvm.so+0x4af5af]  AsyncGetCallTrace+0xa055f
V  [libjvm.so+0x4ae9e5]  AsyncGetCallTrace+0x9f995
V  [libjvm.so+0x4aeee3]  AsyncGetCallTrace+0x9fe93
V  [libjvm.so+0x4af00f]  AsyncGetCallTrace+0x9ffbf
V  [libjvm.so+0x4e7dd6]  JNI_GetCreatedJavaVMs+0x17286
V  [libjvm.so+0x74e9b4]  JVM_handle_linux_signal+0xfb3a4
V  [libjvm.so+0x64e552]  numa_error+0x2f2

Java frames: (J=compiled Java code, j=interpreted, Vv=VM code)
j  javalibusb1.libusb1.bulk_transfer(JB[BIIJ)I+0
j  javalibusb1.Libusb1UsbPipe.internalSyncSubmit(Ljavax/usb/UsbIrp;)I+143
j  javalibusb1.Libusb1UsbPipe.syncSubmit([B)I+17
j  org.cowboycoders.ant.interfaces.AntTransceiver$UsbReader.run()V+28
j  java.util.concurrent.ThreadPoolExecutor.runWorker(Ljava/util/concurrent/ThreadPoolExecutor$Worker;)V+46
j  java.util.concurrent.ThreadPoolExecutor$Worker.run()V+5
j  java.lang.Thread.run()V+11
v  ~StubRoutines::call_stub

---------------  P R O C E S S  ---------------

Java Threads: ( => current thread )
  0x00007fdf5400a000 JavaThread "pool-1-thread-6" [_thread_blocked, id=2295, stack(0x00007fdfadd2e000,0x00007fdfade2f000)]
  0x00007fdf54008800 JavaThread "pool-1-thread-5" [_thread_blocked, id=2294, stack(0x00007fdfade2f000,0x00007fdfadf30000)]
  0x00007fdf54007800 JavaThread "pool-1-thread-4" [_thread_blocked, id=2293, stack(0x00007fdfadf30000,0x00007fdfae031000)]
  0x00007fdfb0134800 JavaThread "pool-1-thread-3" [_thread_blocked, id=2292, stack(0x00007fdfae031000,0x00007fdfae132000)]
  0x00007fdfb0138000 JavaThread "pool-1-thread-2" [_thread_blocked, id=2291, stack(0x00007fdfae132000,0x00007fdfae233000)]
=>0x00007fdfb00df000 JavaThread "pool-1-thread-1" [_thread_in_native, id=2290, stack(0x00007fdfae233000,0x00007fdfae334000)]
  0x00007fdfb009e000 JavaThread "Low Memory Detector" daemon [_thread_blocked, id=2287, stack(0x00007fdfae992000,0x00007fdfaea93000)]
  0x00007fdfb009b800 JavaThread "C2 CompilerThread1" daemon [_thread_blocked, id=2286, stack(0x00007fdfaea93000,0x00007fdfaeb94000)]
  0x00007fdfb0099000 JavaThread "C2 CompilerThread0" daemon [_thread_in_native, id=2285, stack(0x00007fdfaeb94000,0x00007fdfaec95000)]
  0x00007fdfb0097800 JavaThread "Signal Dispatcher" daemon [_thread_blocked, id=2284, stack(0x00007fdfaec95000,0x00007fdfaed96000)]
  0x00007fdfb0078000 JavaThread "Finalizer" daemon [_thread_blocked, id=2283, stack(0x00007fdfaed96000,0x00007fdfaee97000)]
  0x00007fdfb0076800 JavaThread "Reference Handler" daemon [_thread_blocked, id=2282, stack(0x00007fdfaee97000,0x00007fdfaef98000)]
  0x00007fdfb0008000 JavaThread "main" [_thread_blocked, id=2276, stack(0x00007fdfb7bb8000,0x00007fdfb7cb9000)]

Other Threads:
  0x00007fdfb006f800 VMThread [stack: 0x00007fdfaef98000,0x00007fdfaf099000] [id=2281]
  0x00007fdfb00a0800 WatcherThread [stack: 0x00007fdfae891000,0x00007fdfae992000] [id=2288]

VM state:not at safepoint (normal execution)

VM Mutex/Monitor currently owned by a thread: None

Heap
 PSYoungGen      total 35968K, used 19165K [0x00000007d7d60000, 0x00000007da580000, 0x0000000800000000)
  eden space 30848K, 62% used [0x00000007d7d60000,0x00000007d9017728,0x00000007d9b80000)
  from space 5120K, 0% used [0x00000007da080000,0x00000007da080000,0x00000007da580000)
  to   space 5120K, 0% used [0x00000007d9b80000,0x00000007d9b80000,0x00000007da080000)
 PSOldGen        total 82304K, used 0K [0x0000000787800000, 0x000000078c860000, 0x00000007d7d60000)
  object space 82304K, 0% used [0x0000000787800000,0x0000000787800000,0x000000078c860000)
 PSPermGen       total 21248K, used 6848K [0x000000077d200000, 0x000000077e6c0000, 0x0000000787800000)
  object space 21248K, 32% used [0x000000077d200000,0x000000077d8b0150,0x000000077e6c0000)

Code Cache  [0x00007fdfb4339000, 0x00007fdfb45a9000, 0x00007fdfb7339000)
 total_blobs=274 nmethods=45 adapters=183 free_code_cache=49812096 largest_free_block=11456

Dynamic libraries:
00400000-00408000 r-xp 00000000 08:12 656757                             /usr/lib/jvm/java-1.6.0-openjdk-1.6.0.0.x86_64/bin/java
00608000-00609000 rw-p 00008000 08:12 656757                             /usr/lib/jvm/java-1.6.0-openjdk-1.6.0.0.x86_64/bin/java
0220d000-0222e000 rw-p 00000000 00:00 0                                  [heap]
77d200000-77e6c0000 rw-p 00000000 00:00 0 
77e6c0000-787800000 rw-p 00000000 00:00 0 
787800000-78c860000 rw-p 00000000 00:00 0 
78c860000-7d7d60000 rw-p 00000000 00:00 0 
7d7d60000-7da580000 rw-p 00000000 00:00 0 
7da580000-800000000 rw-p 00000000 00:00 0 
301c000000-301c0e8000 r-xp 00000000 08:12 175699                         /usr/lib64/libstdc++.so.6.0.16
301c0e8000-301c2e8000 ---p 000e8000 08:12 175699                         /usr/lib64/libstdc++.so.6.0.16
301c2e8000-301c2f0000 r--p 000e8000 08:12 175699                         /usr/lib64/libstdc++.so.6.0.16
301c2f0000-301c2f2000 rw-p 000f0000 08:12 175699                         /usr/lib64/libstdc++.so.6.0.16
301c2f2000-301c307000 rw-p 00000000 00:00 0 
33a8200000-33a8215000 r-xp 00000000 08:12 183304                         /lib64/libgcc_s-4.6.3-20120306.so.1
33a8215000-33a8414000 ---p 00015000 08:12 183304                         /lib64/libgcc_s-4.6.3-20120306.so.1
33a8414000-33a8415000 rw-p 00014000 08:12 183304                         /lib64/libgcc_s-4.6.3-20120306.so.1
3757a00000-3757a04000 r-xp 00000000 08:12 655544                         /usr/lib/jvm/java-1.6.0-openjdk-1.6.0.0.x86_64/jre/lib/amd64/jli/libjli.so
3757a04000-3757c03000 ---p 00004000 08:12 655544                         /usr/lib/jvm/java-1.6.0-openjdk-1.6.0.0.x86_64/jre/lib/amd64/jli/libjli.so
3757c03000-3757c04000 rw-p 00003000 08:12 655544                         /usr/lib/jvm/java-1.6.0-openjdk-1.6.0.0.x86_64/jre/lib/amd64/jli/libjli.so
3e80400000-3e80422000 r-xp 00000000 08:12 141289                         /lib64/ld-2.14.90.so
3e80621000-3e80622000 r--p 00021000 08:12 141289                         /lib64/ld-2.14.90.so
3e80622000-3e80623000 rw-p 00022000 08:12 141289                         /lib64/ld-2.14.90.so
3e80623000-3e80624000 rw-p 00000000 00:00 0 
3e80800000-3e809ad000 r-xp 00000000 08:12 155199                         /lib64/libc-2.14.90.so
3e809ad000-3e80bad000 ---p 001ad000 08:12 155199                         /lib64/libc-2.14.90.so
3e80bad000-3e80bb1000 r--p 001ad000 08:12 155199                         /lib64/libc-2.14.90.so
3e80bb1000-3e80bb3000 rw-p 001b1000 08:12 155199                         /lib64/libc-2.14.90.so
3e80bb3000-3e80bb8000 rw-p 00000000 00:00 0 
3e80c00000-3e80c83000 r-xp 00000000 08:12 161044                         /lib64/libm-2.14.90.so
3e80c83000-3e80e82000 ---p 00083000 08:12 161044                         /lib64/libm-2.14.90.so
3e80e82000-3e80e83000 r--p 00082000 08:12 161044                         /lib64/libm-2.14.90.so
3e80e83000-3e80e84000 rw-p 00083000 08:12 161044                         /lib64/libm-2.14.90.so
3e81000000-3e81017000 r-xp 00000000 08:12 178385                         /lib64/libpthread-2.14.90.so
3e81017000-3e81216000 ---p 00017000 08:12 178385                         /lib64/libpthread-2.14.90.so
3e81216000-3e81217000 r--p 00016000 08:12 178385                         /lib64/libpthread-2.14.90.so
3e81217000-3e81218000 rw-p 00017000 08:12 178385                         /lib64/libpthread-2.14.90.so
3e81218000-3e8121c000 rw-p 00000000 00:00 0 
3e81400000-3e81402000 r-xp 00000000 08:12 181146                         /lib64/libdl-2.14.90.so
3e81402000-3e81602000 ---p 00002000 08:12 181146                         /lib64/libdl-2.14.90.so
3e81602000-3e81603000 r--p 00002000 08:12 181146                         /lib64/libdl-2.14.90.so
3e81603000-3e81604000 rw-p 00003000 08:12 181146                         /lib64/libdl-2.14.90.so
3e81c00000-3e81c07000 r-xp 00000000 08:12 181147                         /lib64/librt-2.14.90.so
3e81c07000-3e81e06000 ---p 00007000 08:12 181147                         /lib64/librt-2.14.90.so
3e81e06000-3e81e07000 r--p 00006000 08:12 181147                         /lib64/librt-2.14.90.so
3e81e07000-3e81e08000 rw-p 00007000 08:12 181147                         /lib64/librt-2.14.90.so
3e82000000-3e82017000 r-xp 00000000 08:12 181145                         /lib64/libz.so.1.2.5
3e82017000-3e82216000 ---p 00017000 08:12 181145                         /lib64/libz.so.1.2.5
3e82216000-3e82217000 rw-p 00016000 08:12 181145                         /lib64/libz.so.1.2.5
3e95c00000-3e95c17000 r-xp 00000000 08:12 174108                         /lib64/libnsl-2.14.90.so
3e95c17000-3e95e16000 ---p 00017000 08:12 174108                         /lib64/libnsl-2.14.90.so
3e95e16000-3e95e17000 r--p 00016000 08:12 174108                         /lib64/libnsl-2.14.90.so
3e95e17000-3e95e18000 rw-p 00017000 08:12 174108                         /lib64/libnsl-2.14.90.so
3e95e18000-3e95e1a000 rw-p 00000000 00:00 0 
7fdf4c000000-7fdf4c021000 rw-p 00000000 00:00 0 
7fdf4c021000-7fdf50000000 ---p 00000000 00:00 0 
7fdf50000000-7fdf50021000 rw-p 00000000 00:00 0 
7fdf50021000-7fdf54000000 ---p 00000000 00:00 0 
7fdf54000000-7fdf54021000 rw-p 00000000 00:00 0 
7fdf54021000-7fdf58000000 ---p 00000000 00:00 0 
7fdf58000000-7fdf58021000 rw-p 00000000 00:00 0 
7fdf58021000-7fdf5c000000 ---p 00000000 00:00 0 
7fdf5c000000-7fdf5c022000 rw-p 00000000 00:00 0 
7fdf5c022000-7fdf60000000 ---p 00000000 00:00 0 
7fdf60000000-7fdf60021000 rw-p 00000000 00:00 0 
7fdf60021000-7fdf64000000 ---p 00000000 00:00 0 
7fdf64000000-7fdf64021000 rw-p 00000000 00:00 0 
7fdf64021000-7fdf68000000 ---p 00000000 00:00 0 
7fdf68000000-7fdf68021000 rw-p 00000000 00:00 0 
7fdf68021000-7fdf6c000000 ---p 00000000 00:00 0 
7fdf6c000000-7fdf6c155000 rw-p 00000000 00:00 0 
7fdf6c155000-7fdf70000000 ---p 00000000 00:00 0 
7fdf70000000-7fdf70021000 rw-p 00000000 00:00 0 
7fdf70021000-7fdf74000000 ---p 00000000 00:00 0 
7fdf74000000-7fdf74612000 rw-p 00000000 00:00 0 
7fdf74612000-7fdf78000000 ---p 00000000 00:00 0 
7fdf79bdd000-7fdf80000000 r--p 00000000 08:12 181139                     /usr/lib/locale/locale-archive
7fdf80000000-7fdf80021000 rw-p 00000000 00:00 0 
7fdf80021000-7fdf84000000 ---p 00000000 00:00 0 
7fdf84000000-7fdf84021000 rw-p 00000000 00:00 0 
7fdf84021000-7fdf88000000 ---p 00000000 00:00 0 
7fdf88000000-7fdf88021000 rw-p 00000000 00:00 0 
7fdf88021000-7fdf8c000000 ---p 00000000 00:00 0 
7fdf8c000000-7fdf8c021000 rw-p 00000000 00:00 0 
7fdf8c021000-7fdf90000000 ---p 00000000 00:00 0 
7fdf90000000-7fdf90021000 rw-p 00000000 00:00 0 
7fdf90021000-7fdf94000000 ---p 00000000 00:00 0 
7fdf98000000-7fdf98021000 rw-p 00000000 00:00 0 
7fdf98021000-7fdf9c000000 ---p 00000000 00:00 0 
7fdfa0000000-7fdfa0021000 rw-p 00000000 00:00 0 
7fdfa0021000-7fdfa4000000 ---p 00000000 00:00 0 
7fdfa8000000-7fdfa8021000 rw-p 00000000 00:00 0 
7fdfa8021000-7fdfac000000 ---p 00000000 00:00 0 
7fdfadd2e000-7fdfadd31000 ---p 00000000 00:00 0 
7fdfadd31000-7fdfade2f000 rw-p 00000000 00:00 0                          [stack:2295]
7fdfade2f000-7fdfade32000 ---p 00000000 00:00 0 
7fdfade32000-7fdfadf30000 rw-p 00000000 00:00 0                          [stack:2294]
7fdfadf30000-7fdfadf33000 ---p 00000000 00:00 0 
7fdfadf33000-7fdfae031000 rw-p 00000000 00:00 0                          [stack:2293]
7fdfae031000-7fdfae034000 ---p 00000000 00:00 0 
7fdfae034000-7fdfae132000 rw-p 00000000 00:00 0                          [stack:2292]
7fdfae132000-7fdfae135000 ---p 00000000 00:00 0 
7fdfae135000-7fdfae233000 rw-p 00000000 00:00 0                          [stack:2291]
7fdfae233000-7fdfae236000 ---p 00000000 00:00 0 
7fdfae236000-7fdfae334000 rw-p 00000000 00:00 0                          [stack:2290]
7fdfae334000-7fdfae34a000 r-xp 00000000 fd:03 92                         /tmp/javalibusb14902277015576584116 (deleted)
7fdfae34a000-7fdfae549000 ---p 00016000 fd:03 92                         /tmp/javalibusb14902277015576584116 (deleted)
7fdfae549000-7fdfae54a000 rw-p 00015000 fd:03 92                         /tmp/javalibusb14902277015576584116 (deleted)
7fdfae54a000-7fdfae54d000 ---p 00000000 00:00 0 
7fdfae54d000-7fdfae67c000 rw-p 00000000 00:00 0 
7fdfae67c000-7fdfae690000 r-xp 00000000 08:12 656092                     /usr/lib/jvm/java-1.6.0-openjdk-1.6.0.0.x86_64/jre/lib/amd64/libnet.so
7fdfae690000-7fdfae890000 ---p 00014000 08:12 656092                     /usr/lib/jvm/java-1.6.0-openjdk-1.6.0.0.x86_64/jre/lib/amd64/libnet.so
7fdfae890000-7fdfae891000 rw-p 00014000 08:12 656092                     /usr/lib/jvm/java-1.6.0-openjdk-1.6.0.0.x86_64/jre/lib/amd64/libnet.so
7fdfae891000-7fdfae892000 ---p 00000000 00:00 0 
7fdfae892000-7fdfae992000 rw-p 00000000 00:00 0                          [stack:2288]
7fdfae992000-7fdfae995000 ---p 00000000 00:00 0 
7fdfae995000-7fdfaea93000 rw-p 00000000 00:00 0                          [stack:2287]
7fdfaea93000-7fdfaea96000 ---p 00000000 00:00 0 
7fdfaea96000-7fdfaeb94000 rw-p 00000000 00:00 0                          [stack:2286]
7fdfaeb94000-7fdfaeb97000 ---p 00000000 00:00 0 
7fdfaeb97000-7fdfaec95000 rw-p 00000000 00:00 0                          [stack:2285]
7fdfaec95000-7fdfaec98000 ---p 00000000 00:00 0 
7fdfaec98000-7fdfaed96000 rw-p 00000000 00:00 0                          [stack:2284]
7fdfaed96000-7fdfaed99000 ---p 00000000 00:00 0 
7fdfaed99000-7fdfaee97000 rw-p 00000000 00:00 0                          [stack:2283]
7fdfaee97000-7fdfaee9a000 ---p 00000000 00:00 0 
7fdfaee9a000-7fdfaef98000 rw-p 00000000 00:00 0                          [stack:2282]
7fdfaef98000-7fdfaef99000 ---p 00000000 00:00 0 
7fdfaef99000-7fdfaf5d1000 rw-p 00000000 00:00 0                          [stack:2281]
7fdfaf5d1000-7fdfaf763000 r--s 037c2000 08:12 656181                     /usr/lib/jvm/java-1.6.0-openjdk-1.6.0.0.x86_64/jre/lib/rt.jar
7fdfaf763000-7fdfaf764000 ---p 00000000 00:00 0 
7fdfaf764000-7fdfaf864000 rw-p 00000000 00:00 0                          [stack:2280]
7fdfaf864000-7fdfaf865000 ---p 00000000 00:00 0 
7fdfaf865000-7fdfaf98e000 rw-p 00000000 00:00 0                          [stack:2279]
7fdfaf98e000-7fdfafbe8000 rw-p 00000000 00:00 0 
7fdfafbe8000-7fdfafbf3000 rw-p 00000000 00:00 0 
7fdfafbf3000-7fdfafc3b000 rw-p 00000000 00:00 0 
7fdfafc3b000-7fdfafc64000 rw-p 00000000 00:00 0 
7fdfafc64000-7fdfafebd000 rw-p 00000000 00:00 0 
7fdfafebd000-7fdfafed2000 rw-p 00000000 00:00 0 
7fdfafed2000-7fdfaffff000 rw-p 00000000 00:00 0 
7fdfaffff000-7fdfb0000000 rw-p 00000000 00:00 0 
7fdfb0000000-7fdfb0153000 rw-p 00000000 00:00 0 
7fdfb0153000-7fdfb4000000 ---p 00000000 00:00 0 
7fdfb4017000-7fdfb401a000 r--s 00077000 08:12 671042                     /usr/lib/jvm/java-1.6.0-openjdk-1.6.0.0.x86_64/jre/lib/ext/localedata.jar
7fdfb401a000-7fdfb401e000 r--s 0007d000 08:12 656654                     /usr/lib/jvm/java-1.6.0-openjdk-1.6.0.0.x86_64/jre/lib/jsse.jar
7fdfb401e000-7fdfb4024000 r--s 00033000 fd:06 31589739                   /home/will/.m2/repository/junit/junit/4.7/junit-4.7.jar
7fdfb4024000-7fdfb4025000 ---p 00000000 00:00 0 
7fdfb4025000-7fdfb4125000 rw-p 00000000 00:00 0                          [stack:2278]
7fdfb4125000-7fdfb4126000 ---p 00000000 00:00 0 
7fdfb4126000-7fdfb4231000 rw-p 00000000 00:00 0                          [stack:2277]
7fdfb4231000-7fdfb4279000 rw-p 00000000 00:00 0 
7fdfb4279000-7fdfb4283000 rw-p 00000000 00:00 0 
7fdfb4283000-7fdfb4339000 rw-p 00000000 00:00 0 
7fdfb4339000-7fdfb45a9000 rwxp 00000000 00:00 0 
7fdfb45a9000-7fdfb7339000 rw-p 00000000 00:00 0 
7fdfb7339000-7fdfb7340000 r-xp 00000000 08:12 671038                     /usr/lib/jvm/java-1.6.0-openjdk-1.6.0.0.x86_64/jre/lib/amd64/libzip.so
7fdfb7340000-7fdfb753f000 ---p 00007000 08:12 671038                     /usr/lib/jvm/java-1.6.0-openjdk-1.6.0.0.x86_64/jre/lib/amd64/libzip.so
7fdfb753f000-7fdfb7540000 rw-p 00006000 08:12 671038                     /usr/lib/jvm/java-1.6.0-openjdk-1.6.0.0.x86_64/jre/lib/amd64/libzip.so
7fdfb7540000-7fdfb754c000 r-xp 00000000 08:12 179708                     /lib64/libnss_files-2.14.90.so
7fdfb754c000-7fdfb774b000 ---p 0000c000 08:12 179708                     /lib64/libnss_files-2.14.90.so
7fdfb774b000-7fdfb774c000 r--p 0000b000 08:12 179708                     /lib64/libnss_files-2.14.90.so
7fdfb774c000-7fdfb774d000 rw-p 0000c000 08:12 179708                     /lib64/libnss_files-2.14.90.so
7fdfb774f000-7fdfb7751000 r--s 00004000 fd:06 165548852                  /home/will/code/javax-usb-libusb1/javalibusb1/target/javalibusb1-1.0.1-1-SNAPSHOT.jar
7fdfb7751000-7fdfb7752000 r--s 00000000 fd:06 165548842                  /home/will/code/javax-usb-libusb1/javalibusb1/target/javalibusb1-1.0.1-1-SNAPSHOT-noarch.nar
7fdfb7752000-7fdfb777a000 rw-p 00000000 00:00 0 
7fdfb777a000-7fdfb77a6000 r-xp 00000000 08:12 656081                     /usr/lib/jvm/java-1.6.0-openjdk-1.6.0.0.x86_64/jre/lib/amd64/libjava.so
7fdfb77a6000-7fdfb79a5000 ---p 0002c000 08:12 656081                     /usr/lib/jvm/java-1.6.0-openjdk-1.6.0.0.x86_64/jre/lib/amd64/libjava.so
7fdfb79a5000-7fdfb79a9000 rw-p 0002b000 08:12 656081                     /usr/lib/jvm/java-1.6.0-openjdk-1.6.0.0.x86_64/jre/lib/amd64/libjava.so
7fdfb79a9000-7fdfb79b7000 r-xp 00000000 08:12 656100                     /usr/lib/jvm/java-1.6.0-openjdk-1.6.0.0.x86_64/jre/lib/amd64/libverify.so
7fdfb79b7000-7fdfb7bb6000 ---p 0000e000 08:12 656100                     /usr/lib/jvm/java-1.6.0-openjdk-1.6.0.0.x86_64/jre/lib/amd64/libverify.so
7fdfb7bb6000-7fdfb7bb8000 rw-p 0000d000 08:12 656100                     /usr/lib/jvm/java-1.6.0-openjdk-1.6.0.0.x86_64/jre/lib/amd64/libverify.so
7fdfb7bb8000-7fdfb7bbb000 ---p 00000000 00:00 0 
7fdfb7bbb000-7fdfb7cb9000 rw-p 00000000 00:00 0                          [stack:2276]
7fdfb7cb9000-7fdfb85bf000 r-xp 00000000 08:12 664693                     /usr/lib/jvm/java-1.6.0-openjdk-1.6.0.0.x86_64/jre/lib/amd64/server/libjvm.so
7fdfb85bf000-7fdfb87bf000 ---p 00906000 08:12 664693                     /usr/lib/jvm/java-1.6.0-openjdk-1.6.0.0.x86_64/jre/lib/amd64/server/libjvm.so
7fdfb87bf000-7fdfb885a000 rw-p 00906000 08:12 664693                     /usr/lib/jvm/java-1.6.0-openjdk-1.6.0.0.x86_64/jre/lib/amd64/server/libjvm.so
7fdfb885a000-7fdfb8888000 rw-p 00000000 00:00 0 
7fdfb8888000-7fdfb8889000 r--s 0000d000 fd:06 165548843                  /home/will/code/javax-usb-libusb1/javalibusb1/target/javalibusb1-1.0.1-1-SNAPSHOT-amd64-Linux-gpp-jni.nar
7fdfb8889000-7fdfb888c000 r--s 00018000 fd:06 31723038                   /home/will/.m2/repository/commons-io/commons-io/1.4/commons-io-1.4.jar
7fdfb888c000-7fdfb8895000 r--s 0004d000 fd:06 31722302                   /home/will/code/android-progs/org.cowboycoders.ant.autosharedchannel.ANTPlusDemo/libs/android-support-v4.jar
7fdfb8895000-7fdfb8896000 r--s 00000000 fd:06 30147934                   /home/will/android-sdks/tools/support/annotations.jar
7fdfb8896000-7fdfb8897000 r--s 00005000 fd:06 31722303                   /home/will/code/android-progs/org.cowboycoders.ant.autosharedchannel.ANTPlusDemo/libs/antlib.jar
7fdfb8897000-7fdfb8899000 r--s 00007000 08:12 656915                     /usr/share/java/hamcrest/core-1.1.jar
7fdfb8899000-7fdfb88a0000 r--s 00034000 08:12 535962                     /usr/share/java/junit4-4.8.2.jar
7fdfb88a0000-7fdfb88a2000 r--s 0000f000 08:12 664695                     /usr/lib/jvm/java-1.6.0-openjdk-1.6.0.0.x86_64/jre/lib/ext/pulse-java.jar
7fdfb88a2000-7fdfb88ab000 r--s 00065000 08:12 671041                     /usr/lib/jvm/java-1.6.0-openjdk-1.6.0.0.x86_64/jre/lib/ext/gnome-java-bridge.jar
7fdfb88ab000-7fdfb88b3000 rw-s 00000000 fd:03 1044486                    /tmp/hsperfdata_will/2270
7fdfb88b3000-7fdfb88b4000 rw-p 00000000 00:00 0 
7fdfb88b4000-7fdfb88b5000 r--p 00000000 00:00 0 
7fdfb88b5000-7fdfb88b6000 rw-p 00000000 00:00 0 
7fff46764000-7fff46785000 rw-p 00000000 00:00 0                          [stack]
7fff467ff000-7fff46800000 r-xp 00000000 00:00 0                          [vdso]
ffffffffff600000-ffffffffff601000 r-xp 00000000 00:00 0                  [vsyscall]

VM Arguments:
jvm_args: -Dfile.encoding=UTF-8 
java_command: org.eclipse.jdt.internal.junit.runner.RemoteTestRunner -version 3 -port 46422 -testLoaderClass org.eclipse.jdt.internal.junit4.runner.JUnit4TestLoader -loaderpluginname org.eclipse.jdt.junit4.runtime -classNames AntTransceiverTest
Launcher Type: SUN_STANDARD

Environment Variables:
PATH=/usr/lib64/qt-3.3/bin:/usr/NX/bin:/usr/lib64/ccache:/usr/local/bin:/usr/bin:/bin:/usr/local/sbin:/usr/sbin:/sbin:/home/will/.local/bin:/home/will/bin
USERNAME=will
LD_LIBRARY_PATH=/usr/lib/jvm/java-1.6.0-openjdk-1.6.0.0.x86_64/jre/lib/amd64/server:/usr/lib/jvm/java-1.6.0-openjdk-1.6.0.0.x86_64/jre/lib/amd64:/usr/lib/jvm/java-1.6.0-openjdk-1.6.0.0.x86_64/jre/../lib/amd64
SHELL=/bin/bash
DISPLAY=:0

Signal Handlers:
SIGSEGV: [libjvm.so+0x786a80], sa_mask[0]=0x7ffbfeff, sa_flags=0x10000004
SIGBUS: [libjvm.so+0x786a80], sa_mask[0]=0x7ffbfeff, sa_flags=0x10000004
SIGFPE: [libjvm.so+0x64b0c0], sa_mask[0]=0x7ffbfeff, sa_flags=0x10000004
SIGPIPE: [libjvm.so+0x64b0c0], sa_mask[0]=0x7ffbfeff, sa_flags=0x10000004
SIGXFSZ: [libjvm.so+0x64b0c0], sa_mask[0]=0x7ffbfeff, sa_flags=0x10000004
SIGILL: [libjvm.so+0x64b0c0], sa_mask[0]=0x7ffbfeff, sa_flags=0x10000004
SIGUSR1: SIG_DFL, sa_mask[0]=0x00000000, sa_flags=0x00000000
SIGUSR2: [libjvm.so+0x64b250], sa_mask[0]=0x00000004, sa_flags=0x10000004
SIGHUP: [libjvm.so+0x64dc00], sa_mask[0]=0x7ffbfeff, sa_flags=0x10000004
SIGINT: [libjvm.so+0x64dc00], sa_mask[0]=0x7ffbfeff, sa_flags=0x10000004
SIGTERM: [libjvm.so+0x64dc00], sa_mask[0]=0x7ffbfeff, sa_flags=0x10000004
SIGQUIT: [libjvm.so+0x64dc00], sa_mask[0]=0x7ffbfeff, sa_flags=0x10000004


---------------  S Y S T E M  ---------------

OS:Fedora release 16 (Verne)

uname:Linux 3.6.5-2.fc16.x86_64 #1 SMP Thu Nov 1 03:49:27 UTC 2012 x86_64
libc:glibc 2.14.90 NPTL 2.14.90 
rlimit: STACK 8192k, CORE 0k, NPROC 1024, NOFILE 4096, AS infinity
load average:0.14 0.19 0.22

/proc/meminfo:
MemTotal:        7896640 kB
MemFree:          547068 kB
Buffers:          790136 kB
Cached:          2131072 kB
SwapCached:        45080 kB
Active:          3440176 kB
Inactive:        2256464 kB
Active(anon):    2386212 kB
Inactive(anon):   972152 kB
Active(file):    1053964 kB
Inactive(file):  1284312 kB
Unevictable:        3592 kB
Mlocked:            3592 kB
SwapTotal:      20479996 kB
SwapFree:       19324200 kB
Dirty:               184 kB
Writeback:            20 kB
AnonPages:       2749368 kB
Mapped:           801500 kB
Shmem:            580648 kB
Slab:             804360 kB
SReclaimable:     745720 kB
SUnreclaim:        58640 kB
KernelStack:        4944 kB
PageTables:        69888 kB
NFS_Unstable:          0 kB
Bounce:                0 kB
WritebackTmp:          0 kB
CommitLimit:    24428316 kB
Committed_AS:    7805124 kB
VmallocTotal:   34359738367 kB
VmallocUsed:      395316 kB
VmallocChunk:   34359248280 kB
HardwareCorrupted:     0 kB
AnonHugePages:    618496 kB
HugePages_Total:       0
HugePages_Free:        0
HugePages_Rsvd:        0
HugePages_Surp:        0
Hugepagesize:       2048 kB
DirectMap4k:      133120 kB
DirectMap2M:     7974912 kB


CPU:total 4 (4 cores per cpu, 1 threads per core) family 6 model 42 stepping 7, cmov, cx8, fxsr, mmx, sse, sse2, sse3, ssse3, sse4.1, sse4.2, popcnt

Memory: 4k page, physical 7896640k(547068k free), swap 20479996k(19324200k free)

vm_info: OpenJDK 64-Bit Server VM (20.0-b12) for linux-amd64 JRE (1.6.0_24-b24), built on Oct 16 2012 20:23:14 by "mockbuild" with gcc 4.6.3 20120306 (Red Hat 4.6.3-2)

time: Sun Dec 30 15:37:55 2012
elapsed time: 0 seconds

