#
# A fatal error has been detected by the Java Runtime Environment:
#
#  SIGSEGV (0xb) at pc=0x00007f17e48815c4, pid=3114, tid=139740595046144
#
# JRE version: 6.0_24-b24
# Java VM: OpenJDK 64-Bit Server VM (20.0-b12 mixed mode linux-amd64 compressed oops)
# Derivative: IcedTea6 1.11.5
# Distribution: Fedora release 16 (Verne), package fedora-68.1.11.5.fc16-x86_64
# Problematic frame:
# C  [javalibusb1909353013323261996+0xc5c4]
#
# If you would like to submit a bug report, please include
# instructions how to reproduce the bug and visit:
#   http://icedtea.classpath.org/bugzilla
# The crash happened outside the Java Virtual Machine in native code.
# See problematic frame for where to report the bug.
#

---------------  T H R E A D  ---------------

Current thread (0x00007f17e80ce000):  JavaThread "pool-1-thread-1" [_thread_in_native, id=3135, stack(0x00007f17e4774000,0x00007f17e4875000)]

siginfo:si_signo=SIGSEGV: si_errno=0, si_code=1 (SEGV_MAPERR), si_addr=0x0000000000000030

Registers:
RAX=0x0000000000000000, RBX=0x000000077d7271a8, RCX=0x0000003e8100e3ea, RDX=0x00007f17e811a868
RSP=0x00007f17e48731e0, RBP=0x00007f17e4873240, RSI=0x0000000000000000, RDI=0x00007f17e811a868
R8 =0x00007f17e811a868, R9 =0x0000000000000066, R10=0x0000000000000010, R11=0x0000000000000206
R12=0x0000000000000000, R13=0x000000077d7271a8, R14=0x00007f17e4873498, R15=0x00007f17e80ce000
RIP=0x00007f17e48815c4, EFLAGS=0x0000000000010246, CSGSFS=0x0000000000000033, ERR=0x0000000000000004
  TRAPNO=0x000000000000000e

Top of Stack: (sp=0x00007f17e48731e0)
0x00007f17e48731e0:   00007f17e487322c 00007f1700000000
0x00007f17e48731f0:   00007f17e813ff70 0000000000000002
0x00007f17e4873200:   00007f17e4873334 00007f17a0005b70
0x00007f17e4873210:   726f208100000017 00007f17e813ff70
0x00007f17e4873220:   00007f17e50059b3 00000000d82b4c78
0x00007f17e4873230:   00007f17a0004628 00000000e4873238
0x00007f17e4873240:   00007f17e4873290 00007f17e4881731
0x00007f17e4873250:   00007f1700000002 0000000000000000
0x00007f17e4873260:   00007f17e48732d8 000000007d2dae18
0x00007f17e4873270:   00007f17e4873334 00007f17a0005b70
0x00007f17e4873280:   0000008100000017 00007f17e813ff70
0x00007f17e4873290:   00007f17e48732f0 00007f17e487c162
0x00007f17e48732a0:   00007f17e4873334 0000000000000000
0x00007f17e48732b0:   000000077d7271a8 00000000e4873498
0x00007f17e48732c0:   00007f17e4873334 00007f17a0005b70
0x00007f17e48732d0:   0000008100000017 00007f17e813ff70
0x00007f17e48732e0:   00007f17e4873350 0000000000000000
0x00007f17e48732f0:   00007f17e4873350 00007f17e487b045
0x00007f17e4873300:   00007f17e80ce000 00007f17e4873480
0x00007f17e4873310:   00007f17e813ff70 00007f17e4873450
0x00007f17e4873320:   00007f17e80ce1d0 00000000ee73f181
0x00007f17e4873330:   00007f17e80ce000 00007f17a0005b70
0x00007f17e4873340:   00007f17e813ff70 00000000e4873348
0x00007f17e4873350:   00007f17e48733b0 00007f17e487b1b2
0x00007f17e4873360:   0000000700000000 00007f1700000017
0x00007f17e4873370:   0000000000000000 00007f17e48733c0
0x00007f17e4873380:   000000077d42b108 00007f17e4873480
0x00007f17e4873390:   0000008100000000 00007f17e813ff70
0x00007f17e48733a0:   00007f17e4873450 00007f17e80ce1d0
0x00007f17e48733b0:   00007f17e4873440 00007f17e5010d68
0x00007f17e48733c0:   0000000700000017 0000000000000000
0x00007f17e48733d0:   000000077d423108 00000007d8f6d938 

Instructions: (pc=0x00007f17e48815c4)
0x00007f17e48815a4:   fc 00 79 7b 48 8b 45 f0 48 89 c7 e8 4c 79 ff ff
0x00007f17e48815b4:   8b 45 fc e9 27 01 00 00 48 8b 45 d8 48 8b 40 40
0x00007f17e48815c4:   48 8b 40 30 48 89 c7 e8 d0 7a ff ff 89 45 fc 83
0x00007f17e48815d4:   7d fc 00 79 4e 83 7d fc f6 74 47 48 8b 45 f0 48 

Register to memory mapping:

RAX=0x0000000000000000 is an unknown value
RBX=0x000000077d7271a8 is an oop
{method} 
 - klass: {other class}
RCX=0x0000003e8100e3ea: <offset 0xe3ea> in /lib64/libpthread.so.0 at 0x0000003e81000000
RDX=0x00007f17e811a868 is an unknown value
RSP=0x00007f17e48731e0 is pointing into the stack for thread: 0x00007f17e80ce000
RBP=0x00007f17e4873240 is pointing into the stack for thread: 0x00007f17e80ce000
RSI=0x0000000000000000 is an unknown value
RDI=0x00007f17e811a868 is an unknown value
R8 =0x00007f17e811a868 is an unknown value
R9 =0x0000000000000066 is an unknown value
R10=0x0000000000000010 is an unknown value
R11=0x0000000000000206 is an unknown value
R12=0x0000000000000000 is an unknown value
R13=0x000000077d7271a8 is an oop
{method} 
 - klass: {other class}
R14=0x00007f17e4873498 is pointing into the stack for thread: 0x00007f17e80ce000
R15=0x00007f17e80ce000 is a thread


Stack: [0x00007f17e4774000,0x00007f17e4875000],  sp=0x00007f17e48731e0,  free space=1020k
Native frames: (J=compiled Java code, j=interpreted, Vv=VM code, C=native code)
C  [javalibusb1909353013323261996+0xc5c4]
C  [javalibusb1909353013323261996+0xc731]  libusb_bulk_transfer+0x4c
C  [javalibusb1909353013323261996+0x7162]  usbw_bulk_transfer+0x86
C  [javalibusb1909353013323261996+0x6045]
C  [javalibusb1909353013323261996+0x61b2]  Java_javalibusb1_libusb1_bulk_1transfer+0x5e
j  javalibusb1.libusb1.bulk_transfer(JB[BIIJ)I+0
j  javalibusb1.Libusb1UsbPipe.internalSyncSubmit(Ljavax/usb/UsbIrp;)I+143
j  javalibusb1.Libusb1UsbPipe.syncSubmit([B)I+17
j  org.cowboycoders.ant.interfaces.AntTransceiver$UsbReader.run()V+28
j  java.util.concurrent.ThreadPoolExecutor.runWorker(Ljava/util/concurrent/ThreadPoolExecutor$Worker;)V+46
j  java.util.concurrent.ThreadPoolExecutor$Worker.run()V+5
j  java.lang.Thread.run()V+11
v  ~StubRoutines::call_stub
V  [libjvm.so+0x4af5af]  AsyncGetCallTrace+0xa055f
V  [libjvm.so+0x4ae9e5]  AsyncGetCallTrace+0x9f995
V  [libjvm.so+0x4aeee3]  AsyncGetCallTrace+0x9fe93
V  [libjvm.so+0x4af00f]  AsyncGetCallTrace+0x9ffbf
V  [libjvm.so+0x4e7dd6]  JNI_GetCreatedJavaVMs+0x17286
V  [libjvm.so+0x74e9b4]  JVM_handle_linux_signal+0xfb3a4
V  [libjvm.so+0x64e552]  numa_error+0x2f2

Java frames: (J=compiled Java code, j=interpreted, Vv=VM code)
j  javalibusb1.libusb1.bulk_transfer(JB[BIIJ)I+0
j  javalibusb1.Libusb1UsbPipe.internalSyncSubmit(Ljavax/usb/UsbIrp;)I+143
j  javalibusb1.Libusb1UsbPipe.syncSubmit([B)I+17
j  org.cowboycoders.ant.interfaces.AntTransceiver$UsbReader.run()V+28
j  java.util.concurrent.ThreadPoolExecutor.runWorker(Ljava/util/concurrent/ThreadPoolExecutor$Worker;)V+46
j  java.util.concurrent.ThreadPoolExecutor$Worker.run()V+5
j  java.lang.Thread.run()V+11
v  ~StubRoutines::call_stub

---------------  P R O C E S S  ---------------

Java Threads: ( => current thread )
  0x00007f178c001000 JavaThread "pool-1-thread-6" [_thread_blocked, id=3142, stack(0x00007f17e426f000,0x00007f17e4370000)]
  0x00007f1798008800 JavaThread "pool-1-thread-5" [_thread_blocked, id=3141, stack(0x00007f17e4370000,0x00007f17e4471000)]
  0x00007f1798008000 JavaThread "pool-1-thread-4" [_thread_blocked, id=3140, stack(0x00007f17e4471000,0x00007f17e4572000)]
  0x00007f17e8149000 JavaThread "pool-1-thread-3" [_thread_blocked, id=3137, stack(0x00007f17e4572000,0x00007f17e4673000)]
  0x00007f17e8145800 JavaThread "pool-1-thread-2" [_thread_in_native, id=3136, stack(0x00007f17e4673000,0x00007f17e4774000)]
=>0x00007f17e80ce000 JavaThread "pool-1-thread-1" [_thread_in_native, id=3135, stack(0x00007f17e4774000,0x00007f17e4875000)]
  0x00007f17e80f9000 JavaThread "ReaderThread" [_thread_in_native, id=3133, stack(0x00007f17e4a8b000,0x00007f17e4b8c000)]
  0x00007f17e809e000 JavaThread "Low Memory Detector" daemon [_thread_blocked, id=3131, stack(0x00007f17e4eff000,0x00007f17e5000000)]
  0x00007f17e809b800 JavaThread "C2 CompilerThread1" daemon [_thread_blocked, id=3130, stack(0x00007f17ec04c000,0x00007f17ec14d000)]
  0x00007f17e8099000 JavaThread "C2 CompilerThread0" daemon [_thread_blocked, id=3129, stack(0x00007f17ec14d000,0x00007f17ec24e000)]
  0x00007f17e8097800 JavaThread "Signal Dispatcher" daemon [_thread_blocked, id=3128, stack(0x00007f17ec24e000,0x00007f17ec34f000)]
  0x00007f17e8078000 JavaThread "Finalizer" daemon [_thread_blocked, id=3127, stack(0x00007f17ec34f000,0x00007f17ec450000)]
  0x00007f17e8076800 JavaThread "Reference Handler" daemon [_thread_blocked, id=3126, stack(0x00007f17ec450000,0x00007f17ec551000)]
  0x00007f17e8008000 JavaThread "main" [_thread_blocked, id=3120, stack(0x00007f17ee14d000,0x00007f17ee24e000)]

Other Threads:
  0x00007f17e806f800 VMThread [stack: 0x00007f17ec551000,0x00007f17ec652000] [id=3125]
  0x00007f17e80a8800 WatcherThread [stack: 0x00007f17e4dfe000,0x00007f17e4eff000] [id=3132]

VM state:not at safepoint (normal execution)

VM Mutex/Monitor currently owned by a thread: None

Heap
 PSYoungGen      total 35968K, used 19149K [0x00000007d7d60000, 0x00000007da580000, 0x0000000800000000)
  eden space 30848K, 62% used [0x00000007d7d60000,0x00000007d9013448,0x00000007d9b80000)
  from space 5120K, 0% used [0x00000007da080000,0x00000007da080000,0x00000007da580000)
  to   space 5120K, 0% used [0x00000007d9b80000,0x00000007d9b80000,0x00000007da080000)
 PSOldGen        total 82304K, used 0K [0x0000000787800000, 0x000000078c860000, 0x00000007d7d60000)
  object space 82304K, 0% used [0x0000000787800000,0x0000000787800000,0x000000078c860000)
 PSPermGen       total 21248K, used 6858K [0x000000077d200000, 0x000000077e6c0000, 0x0000000787800000)
  object space 21248K, 32% used [0x000000077d200000,0x000000077d8b2980,0x000000077e6c0000)

Code Cache  [0x00007f17e5000000, 0x00007f17e5270000, 0x00007f17e8000000)
 total_blobs=274 nmethods=45 adapters=183 free_code_cache=49811648 largest_free_block=22720

Dynamic libraries:
00400000-00408000 r-xp 00000000 08:12 656757                             /usr/lib/jvm/java-1.6.0-openjdk-1.6.0.0.x86_64/bin/java
00608000-00609000 rw-p 00008000 08:12 656757                             /usr/lib/jvm/java-1.6.0-openjdk-1.6.0.0.x86_64/bin/java
00865000-00886000 rw-p 00000000 00:00 0                                  [heap]
77d200000-77e6c0000 rw-p 00000000 00:00 0 
77e6c0000-787800000 rw-p 00000000 00:00 0 
787800000-78c860000 rw-p 00000000 00:00 0 
78c860000-7d7d60000 rw-p 00000000 00:00 0 
7d7d60000-7da580000 rw-p 00000000 00:00 0 
7da580000-800000000 rw-p 00000000 00:00 0 
301c000000-301c0e8000 r-xp 00000000 08:12 175699                         /usr/lib64/libstdc++.so.6.0.16
301c0e8000-301c2e8000 ---p 000e8000 08:12 175699                         /usr/lib64/libstdc++.so.6.0.16
301c2e8000-301c2f0000 r--p 000e8000 08:12 175699                         /usr/lib64/libstdc++.so.6.0.16
301c2f0000-301c2f2000 rw-p 000f0000 08:12 175699                         /usr/lib64/libstdc++.so.6.0.16
301c2f2000-301c307000 rw-p 00000000 00:00 0 
33a8200000-33a8215000 r-xp 00000000 08:12 183304                         /lib64/libgcc_s-4.6.3-20120306.so.1
33a8215000-33a8414000 ---p 00015000 08:12 183304                         /lib64/libgcc_s-4.6.3-20120306.so.1
33a8414000-33a8415000 rw-p 00014000 08:12 183304                         /lib64/libgcc_s-4.6.3-20120306.so.1
3757a00000-3757a04000 r-xp 00000000 08:12 655544                         /usr/lib/jvm/java-1.6.0-openjdk-1.6.0.0.x86_64/jre/lib/amd64/jli/libjli.so
3757a04000-3757c03000 ---p 00004000 08:12 655544                         /usr/lib/jvm/java-1.6.0-openjdk-1.6.0.0.x86_64/jre/lib/amd64/jli/libjli.so
3757c03000-3757c04000 rw-p 00003000 08:12 655544                         /usr/lib/jvm/java-1.6.0-openjdk-1.6.0.0.x86_64/jre/lib/amd64/jli/libjli.so
3e80400000-3e80422000 r-xp 00000000 08:12 141289                         /lib64/ld-2.14.90.so
3e80621000-3e80622000 r--p 00021000 08:12 141289                         /lib64/ld-2.14.90.so
3e80622000-3e80623000 rw-p 00022000 08:12 141289                         /lib64/ld-2.14.90.so
3e80623000-3e80624000 rw-p 00000000 00:00 0 
3e80800000-3e809ad000 r-xp 00000000 08:12 155199                         /lib64/libc-2.14.90.so
3e809ad000-3e80bad000 ---p 001ad000 08:12 155199                         /lib64/libc-2.14.90.so
3e80bad000-3e80bb1000 r--p 001ad000 08:12 155199                         /lib64/libc-2.14.90.so
3e80bb1000-3e80bb3000 rw-p 001b1000 08:12 155199                         /lib64/libc-2.14.90.so
3e80bb3000-3e80bb8000 rw-p 00000000 00:00 0 
3e80c00000-3e80c83000 r-xp 00000000 08:12 161044                         /lib64/libm-2.14.90.so
3e80c83000-3e80e82000 ---p 00083000 08:12 161044                         /lib64/libm-2.14.90.so
3e80e82000-3e80e83000 r--p 00082000 08:12 161044                         /lib64/libm-2.14.90.so
3e80e83000-3e80e84000 rw-p 00083000 08:12 161044                         /lib64/libm-2.14.90.so
3e81000000-3e81017000 r-xp 00000000 08:12 178385                         /lib64/libpthread-2.14.90.so
3e81017000-3e81216000 ---p 00017000 08:12 178385                         /lib64/libpthread-2.14.90.so
3e81216000-3e81217000 r--p 00016000 08:12 178385                         /lib64/libpthread-2.14.90.so
3e81217000-3e81218000 rw-p 00017000 08:12 178385                         /lib64/libpthread-2.14.90.so
3e81218000-3e8121c000 rw-p 00000000 00:00 0 
3e81400000-3e81402000 r-xp 00000000 08:12 181146                         /lib64/libdl-2.14.90.so
3e81402000-3e81602000 ---p 00002000 08:12 181146                         /lib64/libdl-2.14.90.so
3e81602000-3e81603000 r--p 00002000 08:12 181146                         /lib64/libdl-2.14.90.so
3e81603000-3e81604000 rw-p 00003000 08:12 181146                         /lib64/libdl-2.14.90.so
3e81c00000-3e81c07000 r-xp 00000000 08:12 181147                         /lib64/librt-2.14.90.so
3e81c07000-3e81e06000 ---p 00007000 08:12 181147                         /lib64/librt-2.14.90.so
3e81e06000-3e81e07000 r--p 00006000 08:12 181147                         /lib64/librt-2.14.90.so
3e81e07000-3e81e08000 rw-p 00007000 08:12 181147                         /lib64/librt-2.14.90.so
3e82000000-3e82017000 r-xp 00000000 08:12 181145                         /lib64/libz.so.1.2.5
3e82017000-3e82216000 ---p 00017000 08:12 181145                         /lib64/libz.so.1.2.5
3e82216000-3e82217000 rw-p 00016000 08:12 181145                         /lib64/libz.so.1.2.5
3e95c00000-3e95c17000 r-xp 00000000 08:12 174108                         /lib64/libnsl-2.14.90.so
3e95c17000-3e95e16000 ---p 00017000 08:12 174108                         /lib64/libnsl-2.14.90.so
3e95e16000-3e95e17000 r--p 00016000 08:12 174108                         /lib64/libnsl-2.14.90.so
3e95e17000-3e95e18000 rw-p 00017000 08:12 174108                         /lib64/libnsl-2.14.90.so
3e95e18000-3e95e1a000 rw-p 00000000 00:00 0 
7f1784000000-7f1784021000 rw-p 00000000 00:00 0 
7f1784021000-7f1788000000 ---p 00000000 00:00 0 
7f178c000000-7f178c021000 rw-p 00000000 00:00 0 
7f178c021000-7f1790000000 ---p 00000000 00:00 0 
7f1790000000-7f1790021000 rw-p 00000000 00:00 0 
7f1790021000-7f1794000000 ---p 00000000 00:00 0 
7f1794000000-7f1794021000 rw-p 00000000 00:00 0 
7f1794021000-7f1798000000 ---p 00000000 00:00 0 
7f1798000000-7f1798021000 rw-p 00000000 00:00 0 
7f1798021000-7f179c000000 ---p 00000000 00:00 0 
7f179c000000-7f179c021000 rw-p 00000000 00:00 0 
7f179c021000-7f17a0000000 ---p 00000000 00:00 0 
7f17a0000000-7f17a0022000 rw-p 00000000 00:00 0 
7f17a0022000-7f17a4000000 ---p 00000000 00:00 0 
7f17a4000000-7f17a4021000 rw-p 00000000 00:00 0 
7f17a4021000-7f17a8000000 ---p 00000000 00:00 0 
7f17a8000000-7f17a8021000 rw-p 00000000 00:00 0 
7f17a8021000-7f17ac000000 ---p 00000000 00:00 0 
7f17ac000000-7f17ac672000 rw-p 00000000 00:00 0 
7f17ac672000-7f17b0000000 ---p 00000000 00:00 0 
7f17b0000000-7f17b0239000 rw-p 00000000 00:00 0 
7f17b0239000-7f17b4000000 ---p 00000000 00:00 0 
7f17b4000000-7f17b4021000 rw-p 00000000 00:00 0 
7f17b4021000-7f17b8000000 ---p 00000000 00:00 0 
7f17b9bdd000-7f17c0000000 r--p 00000000 08:12 181139                     /usr/lib/locale/locale-archive
7f17c0000000-7f17c0021000 rw-p 00000000 00:00 0 
7f17c0021000-7f17c4000000 ---p 00000000 00:00 0 
7f17c4000000-7f17c4021000 rw-p 00000000 00:00 0 
7f17c4021000-7f17c8000000 ---p 00000000 00:00 0 
7f17c8000000-7f17c8021000 rw-p 00000000 00:00 0 
7f17c8021000-7f17cc000000 ---p 00000000 00:00 0 
7f17cc000000-7f17cc021000 rw-p 00000000 00:00 0 
7f17cc021000-7f17d0000000 ---p 00000000 00:00 0 
7f17d0000000-7f17d0021000 rw-p 00000000 00:00 0 
7f17d0021000-7f17d4000000 ---p 00000000 00:00 0 
7f17d8000000-7f17d8021000 rw-p 00000000 00:00 0 
7f17d8021000-7f17dc000000 ---p 00000000 00:00 0 
7f17e0000000-7f17e0021000 rw-p 00000000 00:00 0 
7f17e0021000-7f17e4000000 ---p 00000000 00:00 0 
7f17e426f000-7f17e4272000 ---p 00000000 00:00 0 
7f17e4272000-7f17e4370000 rw-p 00000000 00:00 0                          [stack:3142]
7f17e4370000-7f17e4373000 ---p 00000000 00:00 0 
7f17e4373000-7f17e4471000 rw-p 00000000 00:00 0                          [stack:3141]
7f17e4471000-7f17e4474000 ---p 00000000 00:00 0 
7f17e4474000-7f17e4572000 rw-p 00000000 00:00 0                          [stack:3140]
7f17e4572000-7f17e4575000 ---p 00000000 00:00 0 
7f17e4575000-7f17e4673000 rw-p 00000000 00:00 0                          [stack:3137]
7f17e4673000-7f17e4676000 ---p 00000000 00:00 0 
7f17e4676000-7f17e4774000 rw-p 00000000 00:00 0                          [stack:3136]
7f17e4774000-7f17e4777000 ---p 00000000 00:00 0 
7f17e4777000-7f17e4875000 rw-p 00000000 00:00 0                          [stack:3135]
7f17e4875000-7f17e488b000 r-xp 00000000 fd:03 92                         /tmp/javalibusb1909353013323261996 (deleted)
7f17e488b000-7f17e4a8a000 ---p 00016000 fd:03 92                         /tmp/javalibusb1909353013323261996 (deleted)
7f17e4a8a000-7f17e4a8b000 rw-p 00015000 fd:03 92                         /tmp/javalibusb1909353013323261996 (deleted)
7f17e4a8b000-7f17e4a8e000 ---p 00000000 00:00 0 
7f17e4a8e000-7f17e4bbd000 rw-p 00000000 00:00 0                          [stack:3133]
7f17e4bbd000-7f17e4bd1000 r-xp 00000000 08:12 656092                     /usr/lib/jvm/java-1.6.0-openjdk-1.6.0.0.x86_64/jre/lib/amd64/libnet.so
7f17e4bd1000-7f17e4dd1000 ---p 00014000 08:12 656092                     /usr/lib/jvm/java-1.6.0-openjdk-1.6.0.0.x86_64/jre/lib/amd64/libnet.so
7f17e4dd1000-7f17e4dd2000 rw-p 00014000 08:12 656092                     /usr/lib/jvm/java-1.6.0-openjdk-1.6.0.0.x86_64/jre/lib/amd64/libnet.so
7f17e4dd2000-7f17e4dd4000 r--s 00004000 fd:06 165548852                  /home/will/code/javax-usb-libusb1/javalibusb1/target/javalibusb1-1.0.1-1-SNAPSHOT.jar
7f17e4dd4000-7f17e4dd5000 r--s 00000000 fd:06 165548842                  /home/will/code/javax-usb-libusb1/javalibusb1/target/javalibusb1-1.0.1-1-SNAPSHOT-noarch.nar
7f17e4dd5000-7f17e4dd6000 r--s 0000d000 fd:06 165548843                  /home/will/code/javax-usb-libusb1/javalibusb1/target/javalibusb1-1.0.1-1-SNAPSHOT-amd64-Linux-gpp-jni.nar
7f17e4dd6000-7f17e4dd9000 r--s 00018000 fd:06 31723038                   /home/will/.m2/repository/commons-io/commons-io/1.4/commons-io-1.4.jar
7f17e4dd9000-7f17e4ddf000 r--s 00033000 fd:06 31589739                   /home/will/.m2/repository/junit/junit/4.7/junit-4.7.jar
7f17e4ddf000-7f17e4de8000 r--s 0004d000 fd:06 31722302                   /home/will/code/android-progs/org.cowboycoders.ant.autosharedchannel.ANTPlusDemo/libs/android-support-v4.jar
7f17e4de8000-7f17e4de9000 r--s 00000000 fd:06 30147934                   /home/will/android-sdks/tools/support/annotations.jar
7f17e4de9000-7f17e4dea000 r--s 00005000 fd:06 31722303                   /home/will/code/android-progs/org.cowboycoders.ant.autosharedchannel.ANTPlusDemo/libs/antlib.jar
7f17e4dea000-7f17e4dec000 r--s 00007000 08:12 656915                     /usr/share/java/hamcrest/core-1.1.jar
7f17e4dec000-7f17e4df3000 r--s 00034000 08:12 535962                     /usr/share/java/junit4-4.8.2.jar
7f17e4df3000-7f17e4df5000 r--s 0000f000 08:12 664695                     /usr/lib/jvm/java-1.6.0-openjdk-1.6.0.0.x86_64/jre/lib/ext/pulse-java.jar
7f17e4df5000-7f17e4dfe000 r--s 00065000 08:12 671041                     /usr/lib/jvm/java-1.6.0-openjdk-1.6.0.0.x86_64/jre/lib/ext/gnome-java-bridge.jar
7f17e4dfe000-7f17e4dff000 ---p 00000000 00:00 0 
7f17e4dff000-7f17e4eff000 rw-p 00000000 00:00 0                          [stack:3132]
7f17e4eff000-7f17e4f02000 ---p 00000000 00:00 0 
7f17e4f02000-7f17e5000000 rw-p 00000000 00:00 0                          [stack:3131]
7f17e5000000-7f17e5270000 rwxp 00000000 00:00 0 
7f17e5270000-7f17e8163000 rw-p 00000000 00:00 0 
7f17e8163000-7f17ec000000 ---p 00000000 00:00 0 
7f17ec04c000-7f17ec04f000 ---p 00000000 00:00 0 
7f17ec04f000-7f17ec14d000 rw-p 00000000 00:00 0                          [stack:3130]
7f17ec14d000-7f17ec150000 ---p 00000000 00:00 0 
7f17ec150000-7f17ec24e000 rw-p 00000000 00:00 0                          [stack:3129]
7f17ec24e000-7f17ec251000 ---p 00000000 00:00 0 
7f17ec251000-7f17ec34f000 rw-p 00000000 00:00 0                          [stack:3128]
7f17ec34f000-7f17ec352000 ---p 00000000 00:00 0 
7f17ec352000-7f17ec450000 rw-p 00000000 00:00 0                          [stack:3127]
7f17ec450000-7f17ec453000 ---p 00000000 00:00 0 
7f17ec453000-7f17ec551000 rw-p 00000000 00:00 0                          [stack:3126]
7f17ec551000-7f17ec552000 ---p 00000000 00:00 0 
7f17ec552000-7f17ecb8a000 rw-p 00000000 00:00 0                          [stack:3125]
7f17ecb8a000-7f17ecd1c000 r--s 037c2000 08:12 656181                     /usr/lib/jvm/java-1.6.0-openjdk-1.6.0.0.x86_64/jre/lib/rt.jar
7f17ecd1c000-7f17ecd1d000 ---p 00000000 00:00 0 
7f17ecd1d000-7f17ece1d000 rw-p 00000000 00:00 0                          [stack:3124]
7f17ece1d000-7f17ece1e000 ---p 00000000 00:00 0 
7f17ece1e000-7f17ecf1e000 rw-p 00000000 00:00 0                          [stack:3123]
7f17ecf1e000-7f17ecf1f000 ---p 00000000 00:00 0 
7f17ecf1f000-7f17ed01f000 rw-p 00000000 00:00 0                          [stack:3122]
7f17ed01f000-7f17ed020000 ---p 00000000 00:00 0 
7f17ed020000-7f17ed12b000 rw-p 00000000 00:00 0                          [stack:3121]
7f17ed12b000-7f17ed173000 rw-p 00000000 00:00 0 
7f17ed173000-7f17ed19c000 rw-p 00000000 00:00 0 
7f17ed19c000-7f17ed3f6000 rw-p 00000000 00:00 0 
7f17ed3f6000-7f17ed401000 rw-p 00000000 00:00 0 
7f17ed401000-7f17ed449000 rw-p 00000000 00:00 0 
7f17ed449000-7f17ed472000 rw-p 00000000 00:00 0 
7f17ed472000-7f17ed6cb000 rw-p 00000000 00:00 0 
7f17ed6cb000-7f17ed6e0000 rw-p 00000000 00:00 0 
7f17ed6e0000-7f17ed80d000 rw-p 00000000 00:00 0 
7f17ed80d000-7f17ed818000 rw-p 00000000 00:00 0 
7f17ed818000-7f17ed8ce000 rw-p 00000000 00:00 0 
7f17ed8ce000-7f17ed8d5000 r-xp 00000000 08:12 671038                     /usr/lib/jvm/java-1.6.0-openjdk-1.6.0.0.x86_64/jre/lib/amd64/libzip.so
7f17ed8d5000-7f17edad4000 ---p 00007000 08:12 671038                     /usr/lib/jvm/java-1.6.0-openjdk-1.6.0.0.x86_64/jre/lib/amd64/libzip.so
7f17edad4000-7f17edad5000 rw-p 00006000 08:12 671038                     /usr/lib/jvm/java-1.6.0-openjdk-1.6.0.0.x86_64/jre/lib/amd64/libzip.so
7f17edad5000-7f17edae1000 r-xp 00000000 08:12 179708                     /lib64/libnss_files-2.14.90.so
7f17edae1000-7f17edce0000 ---p 0000c000 08:12 179708                     /lib64/libnss_files-2.14.90.so
7f17edce0000-7f17edce1000 r--p 0000b000 08:12 179708                     /lib64/libnss_files-2.14.90.so
7f17edce1000-7f17edce2000 rw-p 0000c000 08:12 179708                     /lib64/libnss_files-2.14.90.so
7f17edce7000-7f17edd0f000 rw-p 00000000 00:00 0 
7f17edd0f000-7f17edd3b000 r-xp 00000000 08:12 656081                     /usr/lib/jvm/java-1.6.0-openjdk-1.6.0.0.x86_64/jre/lib/amd64/libjava.so
7f17edd3b000-7f17edf3a000 ---p 0002c000 08:12 656081                     /usr/lib/jvm/java-1.6.0-openjdk-1.6.0.0.x86_64/jre/lib/amd64/libjava.so
7f17edf3a000-7f17edf3e000 rw-p 0002b000 08:12 656081                     /usr/lib/jvm/java-1.6.0-openjdk-1.6.0.0.x86_64/jre/lib/amd64/libjava.so
7f17edf3e000-7f17edf4c000 r-xp 00000000 08:12 656100                     /usr/lib/jvm/java-1.6.0-openjdk-1.6.0.0.x86_64/jre/lib/amd64/libverify.so
7f17edf4c000-7f17ee14b000 ---p 0000e000 08:12 656100                     /usr/lib/jvm/java-1.6.0-openjdk-1.6.0.0.x86_64/jre/lib/amd64/libverify.so
7f17ee14b000-7f17ee14d000 rw-p 0000d000 08:12 656100                     /usr/lib/jvm/java-1.6.0-openjdk-1.6.0.0.x86_64/jre/lib/amd64/libverify.so
7f17ee14d000-7f17ee150000 ---p 00000000 00:00 0 
7f17ee150000-7f17ee24e000 rw-p 00000000 00:00 0                          [stack:3120]
7f17ee24e000-7f17eeb54000 r-xp 00000000 08:12 664693                     /usr/lib/jvm/java-1.6.0-openjdk-1.6.0.0.x86_64/jre/lib/amd64/server/libjvm.so
7f17eeb54000-7f17eed54000 ---p 00906000 08:12 664693                     /usr/lib/jvm/java-1.6.0-openjdk-1.6.0.0.x86_64/jre/lib/amd64/server/libjvm.so
7f17eed54000-7f17eedef000 rw-p 00906000 08:12 664693                     /usr/lib/jvm/java-1.6.0-openjdk-1.6.0.0.x86_64/jre/lib/amd64/server/libjvm.so
7f17eedef000-7f17eee1d000 rw-p 00000000 00:00 0 
7f17eee39000-7f17eee3c000 r--s 00077000 08:12 671042                     /usr/lib/jvm/java-1.6.0-openjdk-1.6.0.0.x86_64/jre/lib/ext/localedata.jar
7f17eee3c000-7f17eee40000 r--s 0007d000 08:12 656654                     /usr/lib/jvm/java-1.6.0-openjdk-1.6.0.0.x86_64/jre/lib/jsse.jar
7f17eee40000-7f17eee48000 rw-s 00000000 fd:03 1044486                    /tmp/hsperfdata_will/3114
7f17eee48000-7f17eee49000 rw-p 00000000 00:00 0 
7f17eee49000-7f17eee4a000 r--p 00000000 00:00 0 
7f17eee4a000-7f17eee4b000 rw-p 00000000 00:00 0 
7fff84a00000-7fff84a21000 rw-p 00000000 00:00 0                          [stack]
7fff84b41000-7fff84b42000 r-xp 00000000 00:00 0                          [vdso]
ffffffffff600000-ffffffffff601000 r-xp 00000000 00:00 0                  [vsyscall]

VM Arguments:
jvm_args: -Dfile.encoding=UTF-8 
java_command: org.eclipse.jdt.internal.junit.runner.RemoteTestRunner -version 3 -port 39728 -testLoaderClass org.eclipse.jdt.internal.junit4.runner.JUnit4TestLoader -loaderpluginname org.eclipse.jdt.junit4.runtime -classNames AntTransceiverTest
Launcher Type: SUN_STANDARD

Environment Variables:
PATH=/usr/lib64/qt-3.3/bin:/usr/NX/bin:/usr/lib64/ccache:/usr/local/bin:/usr/bin:/bin:/usr/local/sbin:/usr/sbin:/sbin:/home/will/.local/bin:/home/will/bin
USERNAME=will
LD_LIBRARY_PATH=/usr/lib/jvm/java-1.6.0-openjdk-1.6.0.0.x86_64/jre/lib/amd64/server:/usr/lib/jvm/java-1.6.0-openjdk-1.6.0.0.x86_64/jre/lib/amd64:/usr/lib/jvm/java-1.6.0-openjdk-1.6.0.0.x86_64/jre/../lib/amd64
SHELL=/bin/bash
DISPLAY=:0

Signal Handlers:
SIGSEGV: [libjvm.so+0x786a80], sa_mask[0]=0x7ffbfeff, sa_flags=0x10000004
SIGBUS: [libjvm.so+0x786a80], sa_mask[0]=0x7ffbfeff, sa_flags=0x10000004
SIGFPE: [libjvm.so+0x64b0c0], sa_mask[0]=0x7ffbfeff, sa_flags=0x10000004
SIGPIPE: [libjvm.so+0x64b0c0], sa_mask[0]=0x7ffbfeff, sa_flags=0x10000004
SIGXFSZ: [libjvm.so+0x64b0c0], sa_mask[0]=0x7ffbfeff, sa_flags=0x10000004
SIGILL: [libjvm.so+0x64b0c0], sa_mask[0]=0x7ffbfeff, sa_flags=0x10000004
SIGUSR1: SIG_DFL, sa_mask[0]=0x00000000, sa_flags=0x00000000
SIGUSR2: [libjvm.so+0x64b250], sa_mask[0]=0x00000004, sa_flags=0x10000004
SIGHUP: [libjvm.so+0x64dc00], sa_mask[0]=0x7ffbfeff, sa_flags=0x10000004
SIGINT: [libjvm.so+0x64dc00], sa_mask[0]=0x7ffbfeff, sa_flags=0x10000004
SIGTERM: [libjvm.so+0x64dc00], sa_mask[0]=0x7ffbfeff, sa_flags=0x10000004
SIGQUIT: [libjvm.so+0x64dc00], sa_mask[0]=0x7ffbfeff, sa_flags=0x10000004


---------------  S Y S T E M  ---------------

OS:Fedora release 16 (Verne)

uname:Linux 3.6.5-2.fc16.x86_64 #1 SMP Thu Nov 1 03:49:27 UTC 2012 x86_64
libc:glibc 2.14.90 NPTL 2.14.90 
rlimit: STACK 8192k, CORE 0k, NPROC 1024, NOFILE 4096, AS infinity
load average:1.22 0.79 0.51

/proc/meminfo:
MemTotal:        7896640 kB
MemFree:          495640 kB
Buffers:          787488 kB
Cached:          2158640 kB
SwapCached:        45080 kB
Active:          3479536 kB
Inactive:        2269596 kB
Active(anon):    2429164 kB
Inactive(anon):   977520 kB
Active(file):    1050372 kB
Inactive(file):  1292076 kB
Unevictable:        3592 kB
Mlocked:            3592 kB
SwapTotal:      20479996 kB
SwapFree:       19324200 kB
Dirty:               188 kB
Writeback:             0 kB
AnonPages:       2777336 kB
Mapped:           801496 kB
Shmem:            601380 kB
Slab:             803928 kB
SReclaimable:     745512 kB
SUnreclaim:        58416 kB
KernelStack:        5152 kB
PageTables:        70028 kB
NFS_Unstable:          0 kB
Bounce:                0 kB
WritebackTmp:          0 kB
CommitLimit:    24428316 kB
Committed_AS:    7841844 kB
VmallocTotal:   34359738367 kB
VmallocUsed:      395212 kB
VmallocChunk:   34359256752 kB
HardwareCorrupted:     0 kB
AnonHugePages:    618496 kB
HugePages_Total:       0
HugePages_Free:        0
HugePages_Rsvd:        0
HugePages_Surp:        0
Hugepagesize:       2048 kB
DirectMap4k:      133120 kB
DirectMap2M:     7974912 kB


CPU:total 4 (4 cores per cpu, 1 threads per core) family 6 model 42 stepping 7, cmov, cx8, fxsr, mmx, sse, sse2, sse3, ssse3, sse4.1, sse4.2, popcnt

Memory: 4k page, physical 7896640k(495640k free), swap 20479996k(19324200k free)

vm_info: OpenJDK 64-Bit Server VM (20.0-b12) for linux-amd64 JRE (1.6.0_24-b24), built on Oct 16 2012 20:23:14 by "mockbuild" with gcc 4.6.3 20120306 (Red Hat 4.6.3-2)

time: Sun Dec 30 15:53:47 2012
elapsed time: 10 seconds

